生成启动时间为 2011/11/22 9:35:48。
     1>项目“D:\CST\MyProgram\AI9\16th\series\选手开发包\client_vs\client\client.vcxproj”在节点 2 上(build 个目标)。
     1>InitializeBuildStatus:
         正在创建“Release\client.unsuccessfulbuild”，因为已指定“AlwaysCreate”。
       ClCompile:
         C:\Program Files (x86)\Microsoft Visual Studio 10.0\VC\bin\CL.exe /c /Zi /nologo /W3 /WX- /O2 /Oi /Oy- /GL /D WIN32 /D NDEBUG /D _WINDOWS /D _USRDLL /D CLIENT_EXPORTS /D _WINDLL /D _UNICODE /D UNICODE /Gm- /EHsc /MD /GS /Gy /fp:precise /Zc:wchar_t /Zc:forScope /Fo"Release\\" /Fd"Release\vc100.pdb" /Gd /TP /analyze- /errorReport:prompt clientAI.cpp
         clientAI.cpp
       Link:
         C:\Program Files (x86)\Microsoft Visual Studio 10.0\VC\bin\link.exe /ERRORREPORT:PROMPT /OUT:"D:\CST\MyProgram\AI9\16th\series\选手开发包\client_vs\Release\client.dll" /INCREMENTAL:NO /NOLOGO kernel32.lib user32.lib gdi32.lib winspool.lib comdlg32.lib advapi32.lib shell32.lib ole32.lib oleaut32.lib uuid.lib odbc32.lib odbccp32.lib /MANIFEST /ManifestFile:"Release\client.dll.intermediate.manifest" /MANIFESTUAC:"level='asInvoker' uiAccess='false'" /DEBUG /PDB:"D:\CST\MyProgram\AI9\16th\series\选手开发包\client_vs\Release\client.pdb" /SUBSYSTEM:WINDOWS /OPT:REF /OPT:ICF /LTCG /TLBID:1 /DYNAMICBASE /NXCOMPAT /IMPLIB:"D:\CST\MyProgram\AI9\16th\series\选手开发包\client_vs\Release\client.lib" /MACHINE:X86 /DLL Release\clientAI.obj
            正在创建库 D:\CST\MyProgram\AI9\16th\series\选手开发包\client_vs\Release\client.lib 和对象 D:\CST\MyProgram\AI9\16th\series\选手开发包\client_vs\Release\client.exp
         正在生成代码
         已完成代码的生成
         client.vcxproj -> D:\CST\MyProgram\AI9\16th\series\选手开发包\client_vs\Release\client.dll
       Manifest:
         C:\Program Files (x86)\Microsoft SDKs\Windows\v7.0A\bin\mt.exe /nologo /verbose /outputresource:"D:\CST\MyProgram\AI9\16th\series\选手开发包\client_vs\Release\client.dll;#2" /manifest Release\client.dll.intermediate.manifest
       FinalizeBuildStatus:
         正在删除文件“Release\client.unsuccessfulbuild”。
         正在对“Release\client.lastbuildstate”执行 Touch 任务。
     1>已完成生成项目“D:\CST\MyProgram\AI9\16th\series\选手开发包\client_vs\client\client.vcxproj”(build 个目标)的操作。

生成成功。

已用时间 00:00:04.33
