0
956584339
778041259
938538633
344339
666136756
154902511
585975422
958943939
121518588
177794569
536506719
209541515
607146675
66981641
227751399
924684063
792116258
136282025
122604388
585360939
650272078
488435195
396605509
756645952
18654861
99485858
58127054
583810430
819120783
214462580
239316985
261710537
957616605
443441875
592026524
311832710
585790735
562496261
56596280
208144271
754070347
341189729
280686005
379781537
510464145
266996478
845727792
731239699
538490798
50284992
226428493
195096160
571511328
390683213
777388577
456503796
811092719
753931352
662749603
193091394
686583959
155496598
518207824
823595853
725103090
929077228
490762152
549507517
327656025
0
795243518
856783286
673875682
1
842664107
538885602
435031351
424221500
866330019
200262246
166500506
8
851077087
634827491
590656341
1
697172131
956898378
216400062
744863575
380533331
11
2156
10626
0
346884353
711286595
0
822368450
