181279039
542666054
840897213
415432281
760389252
785137799
876466327
901050330
816484194
560839185
973704583
344732336
564036193
526337479
859638333
285496901
988678296
196510972
826942878
97476453
51306456
405394333
865086775
290900335
612683390
191902114
248374576
984696333
392299027
491401865
818915887
340025311
263478904
977052211
126310523
99644062
59197866
379272873
750479958
827743028
657646101
141968677
546613409
462808341
983965487
132742647
371100665
718526360
842058304
308984998
316404354
423841686
124681269
135250572
881604990
669773602
905740615
408827778
424990656
351861618
355391164
113404219
8102282
662573525
748244243
181042763
1520345
931362764
733534073
932023651
744161394
328155693
635758876
354348046
365191593
302043154
944307254
945149700
255752710
802120568
162759207
348826360
372445329
650660345
334917283
169960579
340261548
177763812
820022226
478552222
818246517
11854457
530466538
678687395
394960054
821486708
605145947
810896963
685889362
767433307
