1701
334
2001
861
1791
2250
1037
3061
2932
739
1589
1402
1448
2036
262
2912
3266
564
2543
3468
232
213
2316
200
1069
2879
2711
309
3388
3521
419
128
618
251
2411
1854
896
837
3495
1101
942
727
210
1696
2579
2019
1943
1218
3748
2545
1106
2222
433
3203
3181
153
315
2991
196
225
3037
227
2347
1106
1052
3247
1572
2481
2865
569
2187
944
2076
685
1321
2392
2811
1909
829
1759
1439
277
2642
-1
1601
4723
2626
509
2095
764
1285
422
115
550
822
1716
172
1093
1006
1451
1544
3465
1272
921
158
848
546
3646
405
250
1221
3007
1830
944
-1
1133
340
1646
1388
151
1041
2724
2799
141
1909
1364
3290
2385
2487
662
3002
2958
624
1888
2011
3103
303
1336
4908
1059
83
509
1394
2720
-1
3237
2800
1561
1312
671
1572
5430
3847
2523
2255
1349
537
2082
203
4620
791
368
1218
242
317
718
1047
1206
2401
294
1506
494
3649
508
538
1300
247
436
4528
3027
1633
1960
2539
4925
2061
1151
4773
745
1302
1431
2163
1997
3044
356
1543
3144
735
1896
1572
1223
935
3972
1450
57
213
1078
1173
1334
1171
1493
213
1251
2256
648
878
433
1743
3598
410
817
1369
1558
1478
430
4699
269
154
1028
1660
2544
1644
65
1067
2632
243
1445
2102
834
4102
345
1422
3771
1190
714
1070
78
1964
2881
2473
3097
141
487
2171
3274
233
1648
2111
2846
852
2731
222
490
1613
2833
882
1247
337
2970
1883
3369
4450
277
213
1861
461
2345
422
226
1988
3920
3552
270
867
969
2125
2319
765
744
3048
2336
2688
4272
2500
1840
702
143
1541
3230
2280
551
875
1646
2118
3862
3648
3925
-1
1921
729
4193
678
4103
135
1559
3532
1676
1278
2007
201
1278
693
779
2564
1247
1951
3549
2260
436
205
901
2485
4191
1973
1121
290
346
512
621
2065
1018
2782
759
3060
1129
826
925
336
1399
804
1401
1557
272
1015
3554
2731
716
4209
2095
2069
1876
3198
323
2161
2971
2700
483
132
1857
1818
495
3221
308
2988
1297
541
1823
1859
1123
2708
511
4532
605
3342
2461
1221
2276
2265
4413
519
757
1649
54
1402
2231
665
2758
3340
2956
891
117
923
1362
2214
2982
1082
2180
1823
726
5459
1939
3164
-1
1179
293
2766
2244
3701
410
3284
1488
914
988
5718
1111
993
3797
2296
2943
1984
1921
726
1917
64
3791
1504
611
1163
3145
405
2568
281
311
484
505
2544
2670
4504
2207
1421
1740
2796
1437
2761
4387
4340
766
3369
1391
893
66
800
1172
1662
356
1380
1544
1296
408
2123
931
2915
424
978
1553
1017
1836
1168
1894
2138
905
4204
1658
2445
588
2466
1629
2287
2748
1538
1154
3314
2918
2291
3815
2204
2656
1864
1000
1652
1044
1280
191
2194
2033
250
4968
711
525
3639
745
2435
1685
1989
395
3799
4954
4021
824
68
1935
1868
168
2707
3832
1575
2726
334
3103
172
2981
944
1944
1430
573
685
258
205
1026
867
499
1324
178
2598
4325
1902
2443
3263
4343
2376
859
857
968
1151
3199
427
2389
62
579
2676
1414
325
942
1296
1353
82
881
1675
2166
-1
2930
3823
490
2937
2821
3790
557
2189
1137
511
4277
2973
1665
810
2836
1125
187
801
1241
568
474
2089
294
1226
994
2289
1187
1685
1635
1342
1311
3409
1558
2330
2059
2499
3449
1052
3197
805
1460
1588
4735
1637
3753
1238
3428
1433
1466
1447
205
3994
2659
193
-1
2439
1088
265
2213
1554
1308
203
2288
979
499
2559
2606
606
2234
4313
3886
899
1740
664
1089
1494
1053
5284
573
1096
188
1459
2969
2458
1937
2110
940
747
1895
2528
589
1841
1091
2090
1483
801
1437
2744
4897
282
3155
2061
336
1061
3207
145
501
1396
3982
1139
1848
1724
583
5008
1209
2378
883
513
1209
118
249
1736
859
492
2095
1018
1495
4212
842
1054
1174
794
389
1867
217
2339
1599
587
3399
1966
764
88
681
360
144
1781
2334
1131
529
288
94
2356
387
783
1266
662
3524
2054
1318
714
1023
2913
2153
917
174
1601
1753
2315
2003
964
1861
478
1337
2360
976
1510
4780
3627
932
709
116
2642
1321
2761
1321
1349
2819
-1
1032
1362
3363
-1
2389
3650
1833
275
813
258
376
748
-1
2185
-1
4258
1044
977
969
557
586
155
168
490
168
1515
304
1306
514
2549
255
280
1142
3359
303
92
1066
4754
2581
578
118
391
916
2668
2283
500
2323
2522
148
309
1292
513
537
420
1504
2817
1050
1026
671
1885
1372
1642
1872
1467
2221
364
933
5654
719
5019
2598
202
2410
1588
3647
2261
1590
213
1091
2641
242
158
442
271
762
294
335
1513
2140
2380
2667
2333
2211
2227
2537
1018
496
726
2125
723
471
628
1790
345
311
853
622
269
1151
4044
1286
1348
2614
3168
1557
1913
228
3476
1151
185
2537
976
3783
1887
1161
3577
569
3062
4656
3934
270
1583
1494
3702
872
398
1284
86
1975
1833
2770
1045
386
364
2309
783
3554
2067
514
2472
2415
1473
1397
2293
2921
34
4007
1632
319
3158
3534
1830
1555
1582
1227
676
1120
2093
2120
3361
607
1841
2640
708
1099
2790
884
2318
2376
5021
2120
240
2027
-1
1342
2073
3652
1241
750
2995
4394
1065
4202
585
338
1474
608
1182
549
883
3880
2071
2504
1439
3172
4325
2142
1267
2664
110
821
468
3050
1044
1213
713
1117
54
3982
2461
1605
3183
2709
2364
1686
1641
3665
1357
2058
3083
2343
215
1367
527
468
1374
3749
491
2764
986
3048
1861
194
9560
4230
22132
8807
39370
34120
4192
22723
12611
16394
19645
12232
8920
19221
30146
24795
336
28513
28097
43269
17273
10474
16957
268
22391
8363
17443
13276
1693
17782
26951
32821
19750
29315
33783
31183
13083
11780
12028
2244
36409
11021
21540
2596
14165
9234
16798
20066
11801
298
5862
2240
3225
5199
23477
4192
16415
6383
28448
15612
33723
32452
3294
12978
15203
10869
33545
5365
9230
16982
1741
32111
2980
32939
35758
6741
28946
2522
7268
6804
5301
38997
6501
5751
12556
31726
15261
2535
3351
23635
24628
3847
15150
26135
8044
44593
2538
10279
31692
8712
244401
29860
4713
196970
8088
425902
283399
235139
80612
483651
1291336
2122200
6999930
-1
