Case #1:
5 19
24 32
40 41
50 58
63 70
76 84
89 97
Case #2:
4 18
23 30
36 44
49 57
62 70
75 83
88 95
Case #3:
6 19
25 33
38 45
51 58
64 71
77 84
90 98
Case #4:
4 18
24 32
40 41
53 54
66 67
79 80
92 93
Case #5:
4 18
24 31
37 45
50 58
63 71
76 84
89 97
Case #6:
5 19
26 32
41 42
51 59
64 72
77 85
90 97
Case #7:
5 19
24 32
37 45
50 58
63 70
76 83
89 96
Case #8:
5 18
23 31
36 44
49 56
62 69
75 83
88 96
Case #9:
4 18
23 31
36 44
49 57
62 69
75 83
88 96
Case #10:
5 19
25 33
41 42
54 55
64 72
77 85
93 94
Case #11:
5 19
24 32
40 41
50 58
63 70
76 84
89 97
Case #12:
4 18
23 30
36 44
49 57
62 70
75 83
88 95
Case #13:
6 19
25 33
38 45
51 58
64 71
77 84
90 98
Case #14:
4 18
24 32
40 41
53 54
66 67
79 80
92 93
Case #15:
4 18
24 31
37 45
50 58
63 71
76 84
89 97
Case #16:
5 19
26 32
41 42
51 59
64 72
77 85
90 97
Case #17:
5 19
24 32
37 45
50 58
63 70
76 83
89 96
Case #18:
5 18
23 31
36 44
49 56
62 69
75 83
88 96
Case #19:
4 18
23 31
36 44
49 57
62 69
75 83
88 96
Case #20:
5 19
25 33
41 42
54 55
64 72
77 85
93 94
Case #21:
5 19
24 32
40 41
50 58
63 70
76 84
89 97
Case #22:
4 18
23 30
36 44
49 57
62 70
75 83
88 95
Case #23:
6 19
25 33
38 45
51 58
64 71
77 84
90 98
Case #24:
4 18
24 32
40 41
53 54
66 67
79 80
92 93
Case #25:
4 18
24 31
37 45
50 58
63 71
76 84
89 97
Case #26:
5 19
26 32
41 42
51 59
64 72
77 85
90 97
Case #27:
5 19
24 32
37 45
50 58
63 70
76 83
89 96
Case #28:
5 18
23 31
36 44
49 56
62 69
75 83
88 96
Case #29:
4 18
23 31
36 44
49 57
62 69
75 83
88 96
Case #30:
5 19
25 33
41 42
54 55
64 72
77 85
93 94
Case #31:
5 19
24 32
40 41
50 58
63 70
76 84
89 97
Case #32:
4 18
23 30
36 44
49 57
62 70
75 83
88 95
Case #33:
6 19
25 33
38 45
51 58
64 71
77 84
90 98
Case #34:
4 18
24 32
40 41
53 54
66 67
79 80
92 93
Case #35:
4 18
24 31
37 45
50 58
63 71
76 84
89 97
Case #36:
5 19
26 32
41 42
51 59
64 72
77 85
90 97
Case #37:
5 19
24 32
37 45
50 58
63 70
76 83
89 96
Case #38:
5 18
23 31
36 44
49 56
62 69
75 83
88 96
Case #39:
4 18
23 31
36 44
49 57
62 69
75 83
88 96
Case #40:
5 19
25 33
41 42
54 55
64 72
77 85
93 94
Case #41:
5 19
24 32
40 41
50 58
63 70
76 84
89 97
Case #42:
4 18
23 30
36 44
49 57
62 70
75 83
88 95
Case #43:
6 19
25 33
38 45
51 58
64 71
77 84
90 98
Case #44:
4 18
24 32
40 41
53 54
66 67
79 80
92 93
Case #45:
4 18
24 31
37 45
50 58
63 71
76 84
89 97
Case #46:
5 19
26 32
41 42
51 59
64 72
77 85
90 97
Case #47:
5 19
24 32
37 45
50 58
63 70
76 83
89 96
Case #48:
5 18
23 31
36 44
49 56
62 69
75 83
88 96
Case #49:
4 18
23 31
36 44
49 57
62 69
75 83
88 96
Case #50:
5 19
25 33
41 42
54 55
64 72
77 85
93 94
