744079697
489595594
237252214
835715189
735707073
504787765
952596817
123549429
351806604
905568547
46393938
871744504
516089243
162285905
816436677
830455791
476359996
127664592
201267877
774301621
792065654
857909477
912256583
563997314
366348522
266155241
235302292
367971546
211667902
261408062
188335707
597361527
565247619
477625099
328399135
796240712
279772558
846261329
223711019
815741905
566514847
924931812
990850244
611807627
286154892
731081847
383813802
695304553
730445650
131859305
605834719
737516335
888625037
591311901
672991574
908837676
962074713
349096775
395132610
535088005
650435795
982217975
657815838
554638243
506973469
346913189
666107714
919560017
935173237
446420
277495245
226091279
146105459
1646790
887336421
798640254
100173289
974696751
962663442
840788708
858532660
745195839
714113573
224034410
802646723
227140803
108530840
153026638
550493360
466173065
376640723
30737785
948889795
27601637
260944492
71117266
776107205
928041587
821588955
314535805
664934049
109258504
113031011
788194729
989713270
348513112
473530250
437409399
252345348
293418318
245124019
222677306
760971570
865651266
355120461
290332379
517079392
80966247
717356557
524116516
464695545
559505510
403738380
461701272
429816525
846323690
641226275
931818381
68387978
508040279
589607599
883611732
234716322
634569352
705097033
174556122
683956454
301963248
544801983
185701650
463100607
821533789
395852108
203409069
286365966
92880308
781300286
474192871
10903289
96981290
32481234
693785560
71041097
661825924
534415511
342740272
821216215
486840386
384332710
730368441
317593754
974289089
638392798
160004571
130246358
98975041
629310406
510020213
931365137
638331390
980566129
26583161
977633062
337196438
221379488
965648355
744310324
249305806
353975612
947195855
622490525
372406071
225641759
36422172
229275104
349797221
832070487
309183400
915213476
217101409
986009126
632163849
816839577
493728255
907665660
214410464
920537204
672135600
233646674
406701869
