124950194546.000000000
829205197173.000000000
957030872149.644000000
885926832118.004000000
1282038850643.631200000
1956573397601.697200000
2142770388097.219200000
1040289594385.189500000
2857202817524.579200000
1609338014582.649400000
75198006730.000000000
895330921483.500000000
913887918722.004000000
2111170542756.562200000
1501970218875.458200000
1575418262766.028200000
2271607362530.712800000
932237959319.843200000
2674473919314.008800000
2016879659197.413600000
2393768156956.426700000
1465178467506.289000000
2165576799185.913000000
1163818320302.320200000
3689949540569.291200000
1893980242221.067600000
3840056050589.481000000
3590949163829.477700000
5276430218421.717000000
1398720290379.169300000
1709394825013.774600000
1980638727478.763000000
3450881149196.469700000
1320039287914.739000000
1462998965968.342000000
2522087997036.301800000
2631912266153.468000000
2904580615199.526700000
5811509107331.902800000
1250162320439.480000000
2068946536513.958700000
2913819742944.061600000
2907152167149.969200000
3969413185288.691200000
6732440715242.034400000
1391497747167.315000000
4440945043034.500500000
5395980956105.364200000
4623314484725.449000000
7187969107195.298700000
4123013816998.543800000
4139106622968.899200000
3179697655279.644300000
3095127377707.816500000
7253381172042.097600000
1353945583948.733200000
3176787582024.463800000
3376297188595.960800000
4851507450048.952000000
4097662551925.719200000
7133016064289.706400000
1625298039675.800000000
5643288553701.886400000
4121736940623.394500000
5228653689390.844000000
6102676610659.234700000
11421193479345.229400000
1227626308328.025000000
5050391538524.157800000
5572372611938.911600000
8094807961624.031200000
1217162582020.473000000
5936764246820.956000000
4681569247173.955400000
4884174230465.143200000
2484237447884.748900000
10440181657733.017600000
1486041451106.728900000
2653161101413.992800000
4092656040957.890100000
7426593351179.845900000
6019746251299.127200000
7722429182917.021600000
3176085963066.454800000
15512603558107.501300000
5810965733627.200200000
18188240205796.171400000
1480084964447.270000000
12402771799514.441400000
13181236559172.228400000
11290853435456.393000000
11467323040379.748700000
17984570567822.900000000
6252015127668.374400000
22614631587520.322000000
9576558935742.254300000
27328756340163.096000000
1595847391653.903800000
18168358546319.140800000
16192164044869.598000000
1156126795375.085600000
1428401892497.204400000
3019861466364.406800000
1089856006380.800000000
1216675625034.639300000
2248957800998.011400000
1308757944206.300000000
1932939884352.624800000
1348010035556.234800000
1090235324784.894800000
2461705747638.580900000
2693634489643.743200000
1254285754571.122600000
2705835413786.074600000
1772254982111.243600000
1055718435804.708000000
2450154721381.730200000
1278756879018.103800000
1058186017561.816000000
892172758615.212000000
2001034072705.955200000
1071805516727.730900000
3006799076953.542700000
1220079247073.834000000
752515643781.000000000
2270450189738.457900000
2026470504191.042500000
965673276762.000000000
1715195036133.691000000
2082214821336.407600000
1252565570211.513300000
1540669972048.040000000
1535996217642.754200000
1096027986363.100000000
3009218501281.414600000
3412479161329.162700000
1112545595692.899200000
1392534185969.083000000
2002228470710.366400000
1162037977938.144000000
1975394561797.776700000
2108607342517.026400000
917891590818.000000000
937831810542.799600000
1641426993896.939400000
1073700084194.740800000
1084109810339.485800000
1291956598570.842600000
1372075852613.088000000
1578341768330.118600000
1757548540737.139300000
858492257214.376600000
2125935699813.442600000
1236928451709.646600000
948103667012.403600000
1230117796506.361000000
1400981089216.339400000
928309528206.000000000
3019809987463.625300000
2138071326012.626200000
1155308358272.822600000
5876497582491.154300000
3304077448315.778100000
1416532946753.000700000
1958793779487.655000000
2911366371122.280200000
1109216458588.957000000
1772982840699.812800000
2768647809875.865800000
1542091711699.224100000
2126272655132.271200000
1370965528130.738700000
950927303581.701300000
2669781030913.801800000
1474551023242.860900000
964239124794.000000000
2942346069036.706600000
1483819853827.024400000
1530011331031.344000000
1541827290015.071900000
1947958095573.342000000
1012363468850.991300000
1378442013510.035800000
1681954266827.659000000
992554898149.000000000
1387627064587.586000000
1856849094531.947600000
1388390141600.914000000
2115293217420.480100000
1438829511340.997400000
980716561317.160200000
2404087316343.823500000
2223713420344.190300000
1399444615541.175200000
3102817119070.010200000
911492022114.000000000
1026240536762.566400000
2065101947170.115500000
1717769937188.074400000
1180622150091.858800000
2520498545236.745600000
3787078041316.601900000
1093562540579.988600000
951145113957.970000000
2174600169336.223400000
874587097224.852000000
1815053424069.730000000
2277935500026.857000000
994951066287.123300000
2225349869959.100300000
3379358860322.601200000
1352606608143.521100000
2229322505732.074200000
1391445685943.427200000
969042441259.000000000
1727853117153.115000000
2845015745377.484500000
1079425341172.685000000
1564252112380.845400000
1786655666277.729600000
940361822472.107700000
1480794183084.412000000
3480067467851.156200000
1070446248916.671000000
2090800072540.011100000
2462542983718.859500000
770709458672.000000000
1381082474283.833600000
2143188997266.707600000
1102019606857.196000000
1766332735977.512000000
1234067965435.658600000
1059508535991.101100000
1416223690739.531700000
1959507445884.212600000
763455986409.000000000
2817116864437.243200000
2225972223361.513600000
942631463223.000000000
1986616341603.802600000
3119261182487.744200000
893636940386.825600000
2221202755477.704800000
1904333766454.229400000
844415071451.052400000
3121348970771.103000000
1850077339488.855400000
1150340450429.373600000
1919073343828.314000000
3066320862018.964200000
1136868644740.576300000
1200890966265.324000000
1442323267473.359000000
966550693808.243600000
2583481303549.327700000
2015267275317.354400000
1093528363349.090000000
2714201098265.020900000
1199470354593.566000000
934465196081.000000000
1267811197910.848400000
1560353488132.190000000
1332156747303.236400000
2826591254262.824700000
3542191281771.266300000
1331819830915.811200000
2924763930491.018000000
2560501404044.699600000
1227427246688.760000000
1108268210816.068600000
3081617537931.486200000
1134552367882.307200000
1979867726487.930100000
3149212749698.389600000
897315914582.832000000
2542204350663.534200000
2195331882122.702200000
939522371501.000000000
1716703590883.138800000
2204292898751.363800000
1183261779528.580800000
1557687574270.754800000
1110423033882.114500000
672523727257.000000000
1626033116890.774000000
1456589145212.067800000
919005472588.000000000
1235936598164.468600000
1786294528851.309800000
1307594836044.748800000
1639021614934.320300000
2509247706957.585700000
1026202001874.084000000
2813420565479.086700000
3211162853190.299400000
898415552732.799200000
1813072283267.218700000
3254101517274.048500000
1004352314780.830600000
1300247705705.163600000
1831687434791.669000000
1174601919028.006400000
1729673959730.617200000
1768024879134.701000000
902084120842.000000000
1362143911175.046900000
1813043522592.687600000
972519692750.000000000
1343707285972.162900000
1731744174788.899600000
1273182615614.016800000
2051296362038.081000000
2725981521109.293800000
1096064097919.983000000
1823866376888.170400000
2453334296344.264000000
1230069061661.116600000
2464275410326.818600000
1676118593835.044000000
1511317374837.175900000
1633928291550.410600000
1995958351266.877200000
760814811266.000000000
3400928951617.922900000
2162446720821.710400000
862709381610.000000000
3350600646552.688000000
2166391377739.422300000
832705229017.000000000
2558980195818.608400000
1822037427798.543600000
1079535688347.424000000
1192023827228.845000000
2148403500086.939200000
1237834003446.835200000
1569208612485.214300000
1497734757691.024800000
1278725245551.987200000
1576713408870.968400000
2553300915716.210000000
915431116213.000000000
1235495538321.035000000
1603318228508.429200000
1134123616238.249600000
2461438063348.533000000
2271707066913.334200000
896597053961.086400000
1325986701874.604000000
2107708708413.817400000
1034674753160.147200000
1831021724109.510400000
1427132342310.422000000
1363646795102.831200000
1711243821079.593800000
4103079079054.367500000
1160680870110.243300000
1747446514167.171200000
1352105006696.225100000
1162999854555.178900000
1056574467933.078600000
1366173233463.940400000
1078596602707.212000000
1738993639119.411400000
853415740654.372600000
1275063783820.530000000
2956094884427.879600000
2008941805810.650600000
747406772737.000000000
1906271651038.457000000
2442002754473.684300000
822042494621.887000000
1436200139658.807400000
2051572129880.722000000
792367823921.120300000
1373921259801.131200000
1626939865437.126400000
1314265643995.257200000
3145657203518.155400000
1370894230131.603000000
1207897972319.232000000
1329723234607.159400000
2475891059048.192300000
1156028917861.510000000
1962990894557.887800000
1884530713682.382400000
972096875208.000000000
1535315706682.472000000
3185141275231.163700000
1246484663224.260400000
2171174672067.737000000
1775793560303.658600000
905976727804.567400000
4623854456501.093000000
1406125020120.964000000
942253228018.080000000
1556594989836.639800000
2771598987413.555800000
1131317443023.750000000
984938050104.288000000
1919425552069.803500000
653948318537.908800000
1724376738151.266000000
1844176069099.518200000
1143679532697.166800000
1266474576737.766800000
3055737151284.120400000
1551709596287.769600000
1752624776772.651000000
2099338014171.477900000
1180819688021.440000000
2350632397501.789200000
2296924309041.839100000
900013696215.536000000
1656118584671.173200000
1265151281339.374000000
1057211869244.323200000
2463176397075.098200000
1633998572636.321900000
1016807735923.825200000
1456123869871.689300000
3287071653217.680800000
1315400353955.774700000
1802600799163.413000000
1356337213796.819000000
767838771495.000000000
1919103236268.758000000
1878907432197.656600000
1416422850617.328000000
4212913364944.989500000
2478014854575.007200000
1204387684329.692000000
1878475064924.471400000
1920904118530.733800000
1176094983224.984400000
1978409859305.762200000
2535325997651.044600000
1345965581785.691400000
2275250300980.224000000
2225015383660.452200000
1043844216385.745400000
2706168142635.065000000
2070683548980.067200000
1207919267846.400000000
1812733266276.518600000
2238137071366.246500000
1097502604268.709600000
1760795315939.013600000
2270277582606.308800000
1059301748034.727200000
3034000694360.378800000
1364171143180.740000000
974143570242.000000000
1574386830747.663400000
2683102700282.126400000
1036428635333.666400000
3456573717845.697100000
1743088552758.362100000
863717780990.000000000
1507794476514.294000000
2688875504960.219600000
955774703996.000000000
2177435907687.144500000
853164823994.670000000
970152003047.163600000
3456326573145.460900000
2063641516176.515400000
962131060586.700000000
2212765767546.416000000
3408118414452.203300000
758352833336.000000000
1029702923619.221700000
2502771750267.507000000
1004181383331.697200000
3087904471013.685400000
2442303885904.567600000
711987956664.000000000
3689413059385.690000000
1982803496494.938000000
1042165629657.045200000
2443642223326.096800000
2273968413621.527100000
1398492247011.181500000
983642444430.000000000
2474773153368.567800000
889641907465.000000000
2820663780992.030600000
1990325828998.183000000
1016211680413.853000000
1286310289465.598300000
2974484109177.366300000
1286714750210.265600000
1296232819163.112000000
2153468396320.810600000
1165685136372.452000000
1413910296110.285800000
1708929629591.636800000
1187995578628.579000000
1594048019832.679000000
1321635619758.363200000
1124618614253.794500000
2300138841380.541600000
2309694861506.387600000
996738635150.000000000
1559898614538.076600000
2600691052081.448800000
1043777887314.140400000
2561712286000.191200000
2407770578551.235000000
1202814130949.631000000
919432102637.340600000
1292970894541.415600000
993536948685.000000000
2157956933998.311400000
1751192075052.263400000
1240953083643.669000000
1730741448794.836300000
2283520390078.882600000
1038715865352.553500000
1178742514239.844300000
3112673066639.255600000
989689868938.332000000
1424445696167.898000000
2074412644870.911400000
1018728841594.248000000
2624278471760.393600000
2622918207959.372000000
954206784558.671000000
1636161042558.206600000
2329950064514.916000000
900106409696.845600000
1583499942667.972400000
1859270945236.795200000
788162358283.000000000
1905877172201.442700000
2319819229848.509500000
1029407205589.743400000
2434389175572.468600000
2174318580789.353400000
725024432923.000000000
2815448687159.458400000
1741866224174.999100000
1013106571068.205000000
1805987325820.177200000
2916016540812.525400000
981435037717.000000000
1258231945989.658000000
1886821859417.896300000
1115338220788.908800000
1868359609114.648600000
1832609944117.522000000
1176497344047.905400000
1032566568943.116800000
1960693301198.989500000
1106599495525.227000000
1913513779569.622800000
3305818878992.197100000
906006419751.923200000
1964240520705.449300000
1586609509616.126200000
937795573481.105500000
3171511343861.487600000
2957002962415.018400000
1318650144375.760000000
2266187464866.572800000
1438861411203.450800000
709166966090.000000000
1115090471662.357200000
2137102278635.110400000
1400965449286.613700000
1644710916049.414000000
2392474792996.471200000
1297165349440.512000000
1656037076372.198400000
2369139212165.357700000
1022167488094.634100000
1838058162843.955500000
1434299097924.964000000
1207590872294.030000000
2133964714720.660400000
1890067576687.654000000
759103525647.000000000
2811334035721.991700000
1444279246235.464200000
813338559782.588400000
1664177329749.653400000
2736043498007.441500000
1025551243972.940000000
1741163139952.650800000
2939997175353.888400000
941504038879.000000000
1216547964105.777000000
1099921610530.008000000
1099806867932.395600000
3364042602571.918400000
1086151976347.284000000
997740996950.000000000
1251606564138.735700000
2477857586408.337400000
1284456418725.376000000
1982418273250.781600000
3225131386198.824400000
1208318371474.275000000
1748608716302.880900000
2281830150904.985000000
962339523811.000000000
1400250874951.436000000
2106205828910.899000000
1042212590588.667200000
2196743479856.049000000
3229740008919.832000000
1208217247622.025000000
1830111954890.538000000
1708556312937.215600000
645731206307.000000000
2193390964942.249200000
2115421763831.661600000
1113176249623.474700000
1478405940494.000000000
1526869076068.180000000
961323790742.770000000
2468589744458.132200000
1347981647636.964000000
1239626504948.753200000
1434299897163.606000000
1777265788037.059900000
1135748521871.808000000
2287053668184.497400000
2374151350774.428300000
1060924697378.179200000
2708951144195.704000000
1841811083821.910400000
1183917704325.800000000
1303444745347.098400000
2877073977649.527700000
999250301122.000000000
1017441018133.810600000
2221987092799.121900000
1268011491169.950800000
1303712319567.568500000
2265953338267.962800000
998152965548.520000000
2684563364301.408700000
2132267602592.492600000
1086284197067.920000000
1725678654134.843000000
1511045021464.109200000
1123480642470.320000000
2041955864160.105400000
1268921058830.848000000
867371407044.000000000
2459955701383.682700000
1548201008131.480800000
962935136529.005000000
1475384210120.854400000
2442369860262.490700000
1284268894852.272000000
2217775336727.972700000
3831995597778.646000000
1450048662830.350800000
2115115083633.262200000
3880957268673.636800000
1202161900554.180000000
2176392538681.078600000
2244201235305.298400000
965677589480.000000000
2853914934970.055400000
2519360561280.514000000
809136419824.000000000
2468267686059.933400000
1934539410562.499400000
1236923610031.192000000
2178463831935.358400000
1559021509239.919600000
1039674359341.978200000
877613616109.906000000
2973848237231.446400000
1017007886948.487200000
1676984555859.505400000
2315653030691.879600000
1217536623376.947200000
2973740655883.355000000
1822733545618.843200000
1276722996797.542400000
3137800922390.172000000
4187814113704.933400000
1200152675614.086000000
1409496991292.605200000
1827353065639.691200000
1071776366324.344000000
2911964681491.907800000
1560129413143.413400000
1113167623326.531400000
1606523209450.962700000
2706254734925.444500000
1078243907047.580000000
1620694322778.544600000
2034036399767.492600000
1098703928190.893800000
2005827451730.304000000
1899907618165.507400000
1033247188431.422000000
1767212193934.116500000
3286501715110.387400000
1391627940437.174400000
2253272680313.479400000
1830777369702.315800000
1087868543164.610400000
1445705449015.787700000
1485683757128.775400000
951940489257.000000000
1789496013015.483500000
1960552038789.043600000
1254242495962.981500000
2166205292771.463900000
3405992890289.146700000
971595635505.000000000
1580874417129.056300000
1889403038826.010800000
696451644071.746100000
2571960704645.665400000
1827953559321.783200000
996849098851.907600000
1818412258499.548000000
1781020499008.242000000
1227497199857.905400000
1396207459030.716400000
1879765347761.411200000
1069419328660.780000000
1275637799024.311200000
1220443492248.595800000
919737654795.000000000
1544699084595.360000000
1214767376124.424800000
916376555396.640000000
2887857404176.205800000
1803993562673.837900000
1346672811893.003800000
3147561924970.891600000
2071831176813.280200000
1231736572387.665000000
1952433448380.775200000
918134875428.235200000
872734389125.409000000
2630970540537.628900000
1659303967049.274300000
1343515990346.439300000
3349733354860.461800000
4112861812476.401500000
1261442439116.679800000
2360572811087.708200000
1255880991806.220000000
1047145005050.385200000
2564932767178.627200000
1953048595428.632300000
1235378140231.328000000
2127073825599.396200000
2202911906390.876800000
1395796854097.152000000
1288916772080.851000000
1137678587014.530400000
1074689210164.142200000
1399070717480.655800000
1344011191211.477200000
1144412092664.940000000
2222995974868.769200000
1614774766864.397200000
1262864028226.276500000
2627547843584.779400000
1973568171546.888900000
1101571026751.474400000
2127741537279.619700000
941828181323.140800000
1268666160815.328000000
1559432587751.498600000
1132214059910.848000000
800459331090.000000000
1273051776538.626600000
3211569388342.714400000
919166018891.037500000
2368379449937.428100000
3509113222598.764800000
1201403080234.563200000
1996911856576.973000000
2113357712087.456600000
912442857442.000000000
2088853358435.856400000
2408629989177.578200000
935277746486.274000000
1708095786725.506300000
2029265334817.474600000
1171132353654.972400000
2221979206511.019500000
2771479154921.376600000
999834765084.000000000
1790638027791.912800000
2521151717722.120600000
943026300084.000000000
1372966945101.899700000
3525091476982.687200000
986216998809.000000000
2983979744447.379300000
1236029528429.683000000
994934389732.000000000
2330887664559.271800000
2680489002904.652400000
1086402696120.320400000
1859108539181.977200000
2326238869703.277200000
1334802045301.456000000
1282301110761.717600000
1783832293497.237400000
1248631557750.464000000
1530861276435.593400000
3106487257356.409700000
1037168971495.329600000
2468394009129.706800000
1909741542069.754800000
984033558860.226000000
1920038474599.902300000
2110424427260.582800000
871024545810.000000000
1727069820269.451000000
2516147954010.156200000
1115920854195.724800000
2163143419362.100300000
2241311315999.237100000
1304548225597.359200000
919899527510.645000000
2482322377901.876200000
853561172376.000000000
2061852677876.094600000
1604942622705.376800000
955305845122.000000000
2009958902998.315600000
1464570458394.411300000
1040183881024.724800000
3197342513549.685000000
2125032413662.754000000
1226316406247.214600000
2561809125977.758300000
1983113646922.507000000
658094528980.000000000
2423951917512.951800000
1418535414255.896100000
1245858963796.414800000
2276567890849.683300000
1662657887525.556600000
1196974891415.072000000
1642707770525.016400000
3027319980308.584500000
862542375748.000000000
895191777814.130000000
3500649939648.743400000
781311270466.500400000
2097886638534.443600000
1484460145930.191800000
1327191863980.335000000
2105056089114.361100000
3000618338095.706500000
754424436611.356200000
1459426195681.931800000
3314729467220.173800000
1241906054868.468000000
1545578663187.359200000
2301824281357.277000000
855939930646.528000000
1352243608514.704400000
2264782727798.118800000
683014469432.000000000
3035717964797.174100000
3343741620812.579200000
1102084012840.921800000
1644973962666.365600000
1681491212657.055200000
1236369187500.276000000
2685084415986.140000000
1156242829260.101000000
940486571885.228200000
1831775420406.954600000
1534159700054.450000000
975146425486.000000000
1771208096427.386600000
1886480516107.503100000
1052656892860.320000000
1727114149758.163700000
839843079389.321800000
829820155903.704000000
1587004032273.138400000
1683069391285.467200000
1165812242077.988000000
1354877544232.508800000
2095867270471.403000000
745484625899.000000000
946650812366.360800000
2079413992737.086800000
1332106351816.166700000
1420042949779.543000000
1521725737460.131700000
1190022189315.849400000
1508465772777.030400000
1534523361652.676000000
937940696333.312000000
1842083671276.375400000
2753874954718.687400000
1066326166215.483600000
1874498497433.919800000
3507630110878.447600000
970329142134.349200000
1643854930688.455000000
1312266894862.046400000
1079197616005.729600000
1531662034659.489000000
1473936765116.893800000
1242768935360.739200000
922547923887.000000000
2833684129791.995800000
1002614478375.852000000
1655356143202.255200000
1475493895106.067000000
1138228776069.639500000
2164556846084.035000000
2329648607955.758800000
1253855399876.339800000
3166198918309.666400000
2772170107705.120400000
1051814380661.820800000
1047817245070.706700000
1842400121260.120100000
922034942595.031800000
1634618825359.042000000
2491609561667.160400000
1144947803414.064000000
1362488580871.123200000
3121788493566.633800000
1326384433835.347000000
2272849289989.739000000
1860923090702.821000000
871303888837.000000000
1586183757073.323200000
1405839252640.303800000
1167171521073.958400000
2269715684482.771400000
2349308207336.119400000
1196964591543.459000000
1535629438124.056800000
2576867887642.259600000
1339351900949.516800000
2147276536173.575500000
1557739106379.297500000
1167621875822.682000000
1088061277894.814600000
3009930667767.574600000
953434918142.170200000
1975841957660.058000000
1573548891845.396800000
884826897478.000000000
1706449964026.169300000
1501182776995.876900000
866123232720.000000000
1639407360618.367200000
1780023806018.637200000
1166718135202.900000000
1543449019076.348000000
1727806802966.978700000
807575683396.000000000
1863961786236.379400000
1385099994303.584400000
1099139149178.832300000
1847083867903.655800000
1843907495881.092600000
1044500885810.720000000
1895981433949.776700000
1821059059894.597800000
1342285552592.686400000
912359150249.245600000
2415992358884.172400000
996064555717.595600000
2463352428971.311900000
2798214435957.072000000
993520029430.861200000
1300670676802.025800000
2666763154881.609400000
1007180130146.699200000
2136721964509.105600000
3742356747757.560400000
1201208995412.958400000
1508339282644.245000000
1050807801950.306700000
914443963507.714500000
1244422812365.698200000
2149981239709.027200000
1034123291464.456000000
1313544168279.590500000
1639413805141.047700000
1261830733480.100000000
912818909250.000000000
1537718085705.302600000
1024079402421.152000000
1685696754004.391000000
2132048653173.512400000
