-1
498071183
-1
-1
-1
-1
-1
-1
-1
-1
267389812
0
1
2
233333
-1
-1
33868190
-1
219087911
25476920
-1
-1
82351280
118815100
43912479
525138228
-1
213293160
58622617
132634260
-1
337552
-1
-1
70274689
-1
10
834123312
-1
-1
272763804
214366346
53985642
233
-1
442085253
-1
463108257
-1
173374128
99543421
-1
534528873
-1
79089531
805115369
-1
5000
-1
134090970
-1
-1
-1
380077983
-1
-1
155320097
-1
106966009
591083901
444173277
180825799
58153507
215947901
902017256
325083618
-1
-1
610985841
0
-1
114653507
-1
108988824
933434082
-1
-1
115512116
657572709
-1
7091136
39301871
-1
112606395
875842290
-1
258785167
32768
-1
