3971698197
0
0
3764485276
1695706264
2256873476
4253997056
4018809680
1497003440
2256497556
1883087572
2850965040
252980064
2546842196
991660592
3083300568
1485477020
772313028
869251904
3553552892
350683740
2724795852
1752036568
2880405916
2523132152
3149770948
2401997500
87179532
529378784
236146104
4279728312
2931259060
1671208248
174532732
4234160924
801105524
1487177132
571986780
1267415276
3826829728
143774704
3108936752
469395684
321392880
1557359740
595318572
905627228
3829265296
2069109864
1517945620
