1556361
1338990
2063159
1091876
948882
1546286
1147702
1171226
1639582
1323724
154052
139786
71592
75596
79935
none
none
none
none
none
none
none
none
none
none
0
0
0
0
0
994513684
1596877064
2610146599
1134972819
1053495879
1207619659
3405069349
1158819412
1087234595
1848293135
0
4387608215
9732
0
1398255854
1366277885
0
3029619450
0
0
35657995996019
3228232067694
368436563828
428913694666
6865719995741
5231599730049
0
661975499792
0
210247539641
315557398552
0
none
none
0
none
none
0
none
0
1247002
1463474
1459006
1026565
1666543
10055463306
10015688230
10049487784
10009709431
10043505707
0
none
0
0
none
none
none
none
none
0
none
none
none
none
none
none
none
none
none
none
379167
428407
444880
340411
389652
2133594
116418
none
544757990037
1248973
100874313412
none
none
none
1846487
