-1
-1
-1
-1
-1
-1
-1
-1
-1
-1
-1
-1
-1
-1
-1
-1
-1
-1
-1
-1
-1
-1
-1
-1
-1
-1
-1
-1
-1
-1
-1
-1
-1
-1
-1
-1
-1
-1
-1
-1
-1
-1
4301893
4002340
4125201
5856020
5158892
4873856
3591808
3611167
5838976
2997741
4802806
5705995
3659494
5144715
4390632
6227750
4206607
5323125
3144738
4387187
3993823
5136052
5653129
4726190
5674453
4088445
4559028
4460179
4597700
5042805
6419395
3461658
4543235
5215916
5276931
5036212
4652300
4534644
3699727
6244519
4632458
5534958
5412541
5119384
5343979
3713241
3766764
6526524
4842811
3948458
3104112
4289383
2426243
3551765
2271469
3110105
3325387
4884247
3550375
3604421
2717123
2457428
3958422
2945125
3421069
2602216
5124644
2421558
3235781
2879723
3315693
3040946
2220641
2791518
1635760
5575678
3211277
2943284
3539763
3216796
3071129
3381841
3457824
4320136
2922785
3442661
2335238
2628656
4362374
3485228
3225476
3134587
4237076
3152044
3887388
3633850
3250788
3506573
2783027
3408116
2253518
3254700
3584527
3348722
2300236
2288565
3426446
2817006
2476605
3303455
3248457
3132727
2055185
4363525
2949962
3093006
2440940
3941382
2891895
3695841
1662945
2684530
2443432
3399573
2137114
2596014
2675481
3399695
2338697
3200201
2596082
2004267
2392786
2044684
2812287
3381592
3169361
3409849
1920340
2729407
3878048
3209127
2862462
2887770
2380697
1908069
1899586
3157681
1861038
2645266
7411850
6513861
8039977
6238667
8175982
6549986
7232368
7803834
8413565
7067106
8655521
4565870
6386132
9046778
7504394
7912556
6850311
9171166
5524854
7991482
7779539
4306489
5802474
6594372
7623510
4975488
8360417
6109151
8384642
6050402
7933980
7329705
7832940
6619866
7721162
7137740
6886847
6278397
7450599
7109666
5773030
7771900
7489252
8229373
6694197
6873767
8668579
6726171
5966878
8366750
4959415
5644599
4241695
4422682
4636078
5221462
5455696
5336611
5986482
3893616
5722760
3834569
4760129
5087239
5231966
5003865
3342958
4962133
4830598
4547398
6738850
6456971
4150263
5372444
5460388
4122626
5951776
5216172
4388010
5061069
3906363
3109504
3582096
5762145
5390941
4628131
4167615
3739980
5903705
4272715
5793487
4961287
5152155
4609218
5226694
4225029
4963959
4061334
5240144
4806780
4079248
6371235
4993781
5895560
4295190
5615208
5050364
4600809
4358736
4206297
6339533
6714223
5175005
4496643
4437131
4591355
4076028
5878728
5314509
5441118
4617304
4814691
5711933
4905327
5664950
5335944
4707162
4787425
4654644
4205891
5209573
4479169
5285760
5116249
5707461
7361627
5434308
6276092
5595192
5629970
6414035
4074796
3963761
5045299
5353291
5095438
5637787
4658091
6222764
6122943
10942697
8920174
8745000
9307168
7699214
8781535
9285068
10393659
10911671
9378031
9911783
8437489
8035055
12074578
10113643
7850599
11143506
9169237
10603259
9728622
10204908
9737700
7614662
7365616
10416683
10697292
10124009
11143341
7939737
7625531
9385834
10043605
8854186
9560454
9630264
6953756
10279257
10577572
12152702
9263646
8345625
8950677
10631022
8693265
7084776
6679049
10630380
10658784
9896656
9185385
7777703
7951734
6693485
6313085
5110479
7524748
5934918
7819666
6548472
6832018
7202593
5768270
4704850
7407042
7141507
6859061
8160112
5489291
6831213
6670900
7948129
6370305
8144795
6155156
6105077
7161069
5906447
7468088
6246031
6701949
5544615
5864961
7201380
8216203
7259803
9818657
8124705
4741059
7569540
7421420
6232998
7742694
6501953
5923771
5355437
7284573
7120937
6806962
6762544
7844509
5146449
4936616
6276054
5857977
6101293
4087029
5549917
5216630
4912728
5123335
5039479
5668435
5879302
5628406
4462482
6358083
4455823
5539148
4693714
4800115
4408963
4889074
5144492
4077479
6019301
3690780
5642440
6061792
4880111
4153201
5569165
5402391
5496982
5076247
5327396
5180407
6418759
5805534
4193292
5119239
5955021
5078234
4676149
5976394
5344790
5126608
4805143
5349027
4120168
5074511
267522025
132258402
2160076128
5310551351
26105903942
5290052715
5235862337
26026646511
