3617
3599
3585
3572
3559
3546
3534
3522
3510
3498
3487
3476
3465
3454
3443
3433
3423
3413
3403
3393
3383
3373
3363
3353
3343
3334
3325
3316
3307
3298
3289
3280
3271
3263
3255
3247
3239
3231
3223
3215
3207
3199
3191
3183
3175
3167
3160
3153
3146
3139
3132
3125
3118
3111
3104
3097
3090
3083
3076
3069
3062
3055
3048
3041
3034
3027
3020
3013
3006
2999
2992
2985
2978
2972
2966
2960
2954
2948
2942
2936
2930
2924
2918
2912
2906
2900
2894
2888
2882
2876
2870
2864
2858
2852
2846
2840
2834
2828
2822
2816
2810
2804
2798
2792
2786
2780
2774
2768
2762
2757
2752
2747
2742
2737
2732
2727
2722
2717
2712
2707
2702
2697
2692
2687
2682
2677
2672
2667
2662
2657
2652
2647
2642
2637
2632
2627
2622
2617
2612
2607
2602
2597
2592
2587
2582
2577
2572
2567
2562
2557
2552
2547
2542
2537
2532
2527
2522
2517
2512
2507
2502
2497
2492
2487
2482
2477
2472
2467
2462
2457
2452
2448
2444
2440
2436
2432
2428
2424
2420
2416
2412
2408
2404
2400
2396
2392
2388
2384
2380
2376
2372
2368
2364
2360
2356
2352
2348
2344
2340
2336
2332
2328
2324
2320
2316
2312
2308
2304
2300
2296
2292
2288
2284
2280
2276
2272
2268
2264
2260
2256
2252
2248
2244
2240
2236
2232
2228
2224
2220
2216
2212
2208
2204
2200
2196
2192
2188
2184
2180
2176
2172
2168
2164
2160
2156
2152
2148
2144
2140
2136
2132
2128
2124
2120
2116
2112
2108
2104
2100
2096
2092
2088
2084
2080
2076
2072
2068
2064
2061
2058
2055
2052
2049
2046
2043
2040
2037
2034
2031
2028
2025
2022
2019
2016
2013
2010
2007
2004
2001
1998
1995
1992
1989
1986
1983
1980
1977
1974
1971
1968
1965
1962
1959
1956
1953
1950
1947
1944
1941
1938
1935
1932
1929
1926
1923
1920
1917
1914
1911
1908
1905
1902
1899
1896
1893
1890
1887
1884
1881
1878
1875
1872
1869
1866
1863
1860
1857
1854
1851
1848
1845
1842
1839
1836
1833
1830
1827
1824
1821
1818
1815
1812
1809
1806
1803
1800
1797
1794
1791
1788
1785
1782
1779
1776
1773
1770
1767
1764
1761
1758
1755
1752
1749
1746
1743
1740
1737
1734
1731
1728
1725
1722
1719
1716
1713
1710
1707
1704
1701
1698
1695
1692
1689
1686
1683
1680
1677
1674
1671
1668
1665
1662
1659
1656
1653
1650
1647
1644
1641
1638
1635
1632
1629
1626
1624
1622
1620
1618
1616
1614
1612
1610
1608
1606
1604
1602
1600
1598
1596
1594
1592
1590
1588
1586
1584
1582
1580
1578
1576
1574
1572
1570
1568
1566
1564
1562
1560
1558
1556
1554
1552
1550
1548
1546
1544
1542
1540
1538
1536
1534
1532
1530
1528
1526
1524
1522
1520
1518
1516
1514
1512
1510
1508
1506
1504
1502
1500
1498
1496
1494
1492
1490
1488
1486
1484
1482
1480
1478
1476
1474
1472
1470
1468
1466
1464
1462
1460
1458
1456
1454
1452
1450
1448
1446
1444
1442
1440
1438
1436
1434
1432
1430
1428
1426
1424
1422
1420
1418
1416
1414
1412
1410
1408
1406
1404
1402
1400
1398
1396
1394
1392
1390
1388
1386
1384
1382
1380
1378
1376
1374
1372
1370
1368
1366
1364
1362
1360
1358
1356
1354
1352
1350
1348
1346
1344
1342
1340
1338
1336
1334
1332
1330
1328
1326
1324
1322
1320
1318
1316
1314
1312
1310
1308
1306
1304
1302
1300
1298
1296
1294
1292
1290
1288
1286
1284
1282
1280
1278
1276
1274
1272
1270
1268
1266
1264
1262
1260
1258
1256
1254
1252
1250
1248
1246
1244
1243
1242
1241
1240
1239
1238
1237
1236
1235
1234
1233
1232
1231
1230
1229
1228
1227
1226
1225
1224
1223
1222
1221
1220
1219
1218
1217
1216
1215
1214
1213
1212
1211
1210
1209
1208
1207
1206
1205
1204
1203
1202
1201
1200
1199
1198
1197
1196
1195
1194
1193
1192
1191
1190
1189
1188
1187
1186
1185
1184
1183
1182
1181
1180
1179
1178
1177
1176
1175
1174
1173
1172
1171
1170
1169
1168
1167
1166
1165
1164
1163
1162
1161
1160
1159
1158
1157
1156
1155
1154
1153
1152
1151
1150
1149
1148
1147
1146
1145
1144
1143
1142
1141
1140
1139
1138
1137
1136
1135
1134
1133
1132
1131
1130
1129
1128
1127
1126
1125
1124
1123
1122
1121
1120
1119
1118
1117
1116
1115
1114
1113
1112
1111
1110
1109
1108
1107
1106
1105
1104
1103
1102
1101
1100
1099
1098
1097
1096
1095
1094
1093
1092
1091
1090
1089
1088
1087
1086
1085
1084
1083
1082
1081
1080
1079
1078
1077
1076
1075
1074
1073
1072
1071
1070
1069
1068
1067
1066
1065
1064
1063
1062
1061
1060
1059
1058
1057
1056
1055
1054
1053
1052
1051
1050
1049
1048
1048
1048
1048
1048
1048
1048
1048
1048
1048
1048
1048
1048
1048
1048
1048
1048
1048
1048
1048
1048
1048
1048
1048
1048
1048
1048
1048
1048
1048
1048
1048
1048
1048
1048
1048
1048
1048
1048
1048
1048
1048
1048
1048
1048
1048
1048
1048
1048
1048
1048
1048
1048
1048
1048
1048
1048
1048
1048
1048
1048
1048
1048
1048
1048
1048
1048
1048
1048
1048
1048
1048
1048
1048
1048
1048
1048
1048
1048
1048
1048
1048
1048
1048
1048
1048
1048
1048
1048
1048
1048
1048
1048
1048
1048
1048
1048
1048
1048
1048
1048
1048
1048
1048
1048
1048
1048
1048
1048
1048
1048
1048
1048
1048
1048
1048
1048
1048
1048
1048
1048
1048
1048
1048
1048
1048
1048
1048
1048
1048
1048
1048
1048
1048
1048
1048
1048
1048
1048
1048
1048
1048
1048
1048
1048
1048
1048
1048
1048
1048
1048
1048
1048
1048
1048
1048
1048
1048
1048
1048
1048
1048
1048
1048
1048
1048
1048
1048
1048
1048
1048
1048
1048
1048
1048
1048
1048
1048
1048
1048
1048
1048
1048
1048
1048
1048
1048
1048
1048
1048
1048
1048
1048
1048
1048
1048
1048
1048
1048
1048
3552
3534
3517
3500
3483
3467
3452
3439
3427
3416
3405
3394
3383
3373
3364
3355
3346
3337
3328
3319
3310
3301
3292
3283
3274
3265
3257
3249
3241
3233
3225
3217
3209
3201
3193
3185
3177
3169
3161
3153
3145
3137
3129
3122
3115
3108
3101
3094
3087
3080
3073
3066
3059
3052
3045
3038
3031
3024
3017
3010
3003
2996
2989
2982
2976
2970
2964
2958
2952
2946
2940
2934
2928
2922
2916
2910
2904
2898
2892
2886
2880
2874
2868
2862
2856
2850
2844
2838
2832
2826
2820
2814
2808
2802
2796
2790
2784
2778
2773
2768
2763
2758
2753
2748
2743
2738
2733
2728
2723
2718
2713
2708
2703
2698
2693
2688
2683
2678
2673
2668
2663
2658
2653
2648
2643
2638
2633
2628
2623
2618
2613
2608
2603
2598
2593
2588
2583
2578
2573
2568
2563
2558
2553
2548
2543
2538
2533
2528
2523
2518
2513
2508
2503
2498
2493
2488
2483
2478
2473
2469
2465
2461
2457
2453
2449
2445
2441
2437
2433
2429
2425
2421
2417
2413
2409
2405
2401
2397
2393
2389
2385
2381
2377
2373
2369
2365
2361
2357
2353
2349
2345
2341
2337
2333
2329
2325
2321
2317
2313
2309
2305
2301
2297
2293
2289
2285
2281
2277
2273
2269
2265
2261
2257
2253
2249
2245
2241
2237
2233
2229
2225
2221
2217
2213
2209
2205
2201
2197
2193
2189
2185
2181
2177
2173
2169
2165
2161
2157
2153
2149
2145
2141
2137
2133
2129
2125
2121
2117
2113
2109
2105
2101
2097
2093
2090
2087
2084
2081
2078
2075
2072
2069
2066
2063
2060
2057
2054
2051
2048
2045
2042
2039
2036
2033
2030
2027
2024
2021
2018
2015
2012
2009
2006
2003
2000
1997
1994
1991
1988
1985
1982
1979
1976
1973
1970
1967
1964
1961
1958
1955
1952
1949
1946
1943
1940
1937
1934
1931
1928
1925
1922
1919
1916
1913
1910
1907
1904
1901
1898
1895
1892
1889
1886
1883
1880
1877
1874
1871
1868
1865
1862
1859
1856
1853
1850
1847
1844
1841
1838
1835
1832
1829
1826
1823
1820
1817
1814
1811
1808
1805
1802
1799
1796
1793
1790
1787
1784
1781
1778
1775
1772
1769
1766
1763
1760
1757
1754
1751
1748
1745
1742
1739
1736
1733
1730
1727
1724
1721
1718
1715
1712
1709
1706
1703
1700
1697
1694
1691
1688
1685
1682
1679
1676
1673
1670
1667
1664
1661
1658
1655
1652
1649
1646
1643
1640
1637
1635
1633
1631
1629
1627
1625
1623
1621
1619
1617
1615
1613
1611
1609
1607
1605
1603
1601
1599
1597
1595
1593
1591
1589
1587
1585
1583
1581
1579
1577
1575
1573
1571
1569
1567
1565
1563
1561
1559
1557
1555
1553
1551
1549
1547
1545
1543
1541
1539
1537
1535
1533
1531
1529
1527
1525
1523
1521
1519
1517
1515
1513
1511
1509
1507
1505
1503
1501
1499
1497
1495
1493
1491
1489
1487
1485
1483
1481
1479
1477
1475
1473
1471
1469
1467
1465
1463
1461
1459
1457
1455
1453
1451
1449
1447
1445
1443
1441
1439
1437
1435
1433
1431
1429
1427
1425
1423
1421
1419
1417
1415
1413
1411
1409
1407
1405
1403
1401
1399
1397
1395
1393
1391
1389
1387
1385
1383
1381
1379
1377
1375
1373
1371
1369
1367
1365
1363
1361
1359
1357
1355
1353
1351
1349
1347
1345
1343
1341
1339
1337
1335
1333
1331
1329
1327
1325
1323
1321
1319
1317
1315
1313
1311
1309
1307
1305
1303
1301
1299
1297
1295
1293
1291
1289
1287
1285
1283
1281
1279
1277
1275
1273
1271
1269
1268
1267
1266
1265
1264
1263
1262
1261
1260
1259
1258
1257
1256
1255
1254
1253
1252
1251
1250
1249
1248
1247
1246
1245
1244
1243
1242
1241
1240
1239
1238
1237
1236
1235
1234
1233
1232
1231
1230
1229
1228
1227
1226
1225
1224
1223
1222
1221
1220
1219
1218
1217
1216
1215
1214
1213
1212
1211
1210
1209
1208
1207
1206
1205
1204
1203
1202
1201
1200
1199
1198
1197
1196
1195
1194
1193
1192
1191
1190
1189
1188
1187
1186
1185
1184
1183
1182
1181
1180
1179
1178
1177
1176
1175
1174
1173
1172
1171
1170
1169
1168
1167
1166
1165
1164
1163
1162
1161
1160
1159
1158
1157
1156
1155
1154
1153
1152
1151
1150
1149
1148
1147
1146
1145
1144
1143
1142
1141
1140
1139
1138
1137
1136
1135
1134
1133
1132
1131
1130
1129
1128
1127
1126
1125
1124
1123
1122
1121
1120
1119
1118
1117
1116
1115
1114
1113
1112
1111
1110
1109
1108
1107
1106
1105
1104
1103
1102
1101
1100
1099
1098
1097
1096
1095
1094
1093
1092
1091
1090
1089
1088
1087
1086
1085
1084
1083
1082
1081
1080
1079
1078
1077
1076
1075
1074
1073
1072
1071
1070
1069
1068
1067
1066
1066
1066
1066
1066
1066
1066
1066
1066
1066
1066
1066
1066
1066
1066
1066
1066
1066
1066
1066
1066
1066
1066
1066
1066
1066
1066
1066
1066
1066
1066
1066
1066
1066
1066
1066
1066
1066
1066
1066
1066
1066
1066
1066
1066
1066
1066
1066
1066
1066
1066
1066
1066
1066
1066
1066
1066
1066
1066
1066
1066
1066
1066
1066
1066
1066
1066
1066
1066
1066
1066
1066
1066
1066
1066
1066
1066
1066
1066
1066
1066
1066
1066
1066
1066
1066
1066
1066
1066
1066
1066
1066
1066
1066
1066
1066
1066
1066
1066
1066
1066
1066
1066
1066
1066
1066
1066
1066
1066
1066
1066
1066
1066
1066
1066
1066
1066
1066
1066
1066
1066
1066
1066
1066
1066
1066
1066
1066
1066
1066
1066
1066
1066
1066
1066
1066
1066
1066
1066
1066
1066
1066
1066
1066
1066
1066
1066
1066
1066
1066
1066
1066
1066
1066
1066
1066
1066
1066
1066
1066
1066
1066
1066
1066
1066
1066
1066
1066
1066
1066
1066
1066
1066
1066
1066
1066
1066
1066
1066
1066
1066
1066
1066
1066
1066
1066
1066
1066
1066
1066
1066
1066
1066
1066
1066
1066
1066
1066
1066
1066
1066
1066
1066
1066
1066
1066
1066
1066
3855
3836
3819
3802
3785
3768
3751
3735
3720
3706
3692
3679
3666
3653
3640
3628
3616
3604
3592
3581
3570
3559
3548
3537
3526
3515
3505
3495
3485
3475
3465
3455
3445
3435
3425
3416
3407
3398
3389
3380
3371
3362
3353
3344
3335
3326
3317
3308
3299
3290
3282
3274
3266
3258
3250
3242
3234
3226
3218
3210
3202
3194
3186
3178
3170
3162
3154
3147
3140
3133
3126
3119
3112
3105
3098
3091
3084
3077
3070
3063
3056
3049
3042
3035
3028
3021
3014
3007
3001
2995
2989
2983
2977
2971
2965
2959
2953
2947
2941
2935
2929
2923
2917
2911
2905
2899
2893
2887
2881
2875
2869
2863
2857
2851
2845
2839
2833
2827
2821
2815
2809
2803
2797
2791
2785
2780
2775
2770
2765
2760
2755
2750
2745
2740
2735
2730
2725
2720
2715
2710
2705
2700
2695
2690
2685
2680
2675
2670
2665
2660
2655
2650
2645
2640
2635
2630
2625
2620
2615
2610
2605
2600
2595
2590
2585
2580
2575
2570
2565
2560
2555
2550
2545
2540
2535
2530
2525
2520
2515
2510
2505
2500
2495
2490
2485
2480
2475
2470
2465
2460
2455
2450
2445
2440
2436
2432
2428
2424
2420
2416
2412
2408
2404
2400
2396
2392
2388
2384
2380
2376
2372
2368
2364
2360
2356
2352
2348
2344
2340
2336
2332
2328
2324
2320
2316
2312
2308
2304
2300
2296
2292
2288
2284
2280
2276
2272
2268
2264
2260
2256
2252
2248
2244
2240
2236
2232
2228
2224
2220
2216
2212
2208
2204
2200
2196
2192
2188
2184
2180
2176
2172
2168
2164
2160
2156
2152
2148
2144
2140
2136
2132
2128
2124
2120
2116
2112
2108
2104
2100
2096
2092
2088
2084
2080
2076
2072
2068
2064
2060
2056
2052
2049
2046
2043
2040
2037
2034
2031
2028
2025
2022
2019
2016
2013
2010
2007
2004
2001
1998
1995
1992
1989
1986
1983
1980
1977
1974
1971
1968
1965
1962
1959
1956
1953
1950
1947
1944
1941
1938
1935
1932
1929
1926
1923
1920
1917
1914
1911
1908
1905
1902
1899
1896
1893
1890
1887
1884
1881
1878
1875
1872
1869
1866
1863
1860
1857
1854
1851
1848
1845
1842
1839
1836
1833
1830
1827
1824
1821
1818
1815
1812
1809
1806
1803
1800
1797
1794
1791
1788
1785
1782
1779
1776
1773
1770
1767
1764
1761
1758
1755
1752
1749
1746
1743
1740
1737
1734
1731
1728
1725
1722
1719
1716
1713
1710
1707
1704
1701
1698
1695
1692
1689
1686
1683
1680
1677
1674
1671
1668
1665
1662
1659
1656
1653
1650
1647
1644
1641
1638
1635
1632
1629
1626
1623
1620
1617
1614
1611
1608
1605
1602
1600
1598
1596
1594
1592
1590
1588
1586
1584
1582
1580
1578
1576
1574
1572
1570
1568
1566
1564
1562
1560
1558
1556
1554
1552
1550
1548
1546
1544
1542
1540
1538
1536
1534
1532
1530
1528
1526
1524
1522
1520
1518
1516
1514
1512
1510
1508
1506
1504
1502
1500
1498
1496
1494
1492
1490
1488
1486
1484
1482
1480
1478
1476
1474
1472
1470
1468
1466
1464
1462
1460
1458
1456
1454
1452
1450
1448
1446
1444
1442
1440
1438
1436
1434
1432
1430
1428
1426
1424
1422
1420
1418
1416
1414
1412
1410
1408
1406
1404
1402
1400
1398
1396
1394
1392
1390
1388
1386
1384
1382
1380
1378
1376
1374
1372
1370
1368
1366
1364
1362
1360
1358
1356
1354
1352
1350
1348
1346
1344
1342
1340
1338
1336
1334
1332
1330
1328
1326
1324
1322
1320
1318
1316
1314
1312
1310
1308
1306
1304
1302
1300
1298
1296
1294
1292
1290
1288
1286
1285
1284
1283
1282
1281
1280
1279
1278
1277
1276
1275
1274
1273
1272
1271
1270
1269
1268
1267
1266
1265
1264
1263
1262
1261
1260
1259
1258
1257
1256
1255
1254
1253
1252
1251
1250
1249
1248
1247
1246
1245
1244
1243
1242
1241
1240
1239
1238
1237
1236
1235
1234
1233
1232
1231
1230
1229
1228
1227
1226
1225
1224
1223
1222
1221
1220
1219
1218
1217
1216
1215
1214
1213
1212
1211
1210
1209
1208
1207
1206
1205
1204
1203
1202
1201
1200
1199
1198
1197
1196
1195
1194
1193
1192
1191
1190
1189
1188
1187
1186
1185
1184
1183
1182
1181
1180
1179
1178
1177
1176
1175
1174
1173
1172
1171
1170
1169
1168
1167
1166
1165
1164
1163
1162
1161
1160
1159
1158
1157
1156
1155
1154
1153
1152
1151
1150
1149
1148
1147
1146
1145
1144
1143
1142
1141
1140
1139
1138
1137
1136
1135
1134
1133
1132
1131
1130
1129
1128
1127
1126
1125
1124
1123
1122
1121
1120
1119
1118
1117
1116
1115
1114
1113
1112
1111
1110
1109
1108
1107
1106
1105
1104
1103
1102
1101
1100
1099
1098
1097
1096
1095
1094
1093
1092
1091
1090
1089
1088
1087
1086
1085
1084
1083
1083
1083
1083
1083
1083
1083
1083
1083
1083
1083
1083
1083
1083
1083
1083
1083
1083
1083
1083
1083
1083
1083
1083
1083
1083
1083
1083
1083
1083
1083
1083
1083
1083
1083
1083
1083
1083
1083
1083
1083
1083
1083
1083
1083
1083
1083
1083
1083
1083
1083
1083
1083
1083
1083
1083
1083
1083
1083
1083
1083
1083
1083
1083
1083
1083
1083
1083
1083
1083
1083
1083
1083
1083
1083
1083
1083
1083
1083
1083
1083
1083
1083
1083
1083
1083
1083
1083
1083
1083
1083
1083
1083
1083
1083
1083
1083
1083
1083
1083
1083
1083
1083
1083
1083
1083
1083
1083
1083
1083
1083
1083
1083
1083
1083
1083
1083
1083
1083
1083
1083
1083
1083
1083
1083
1083
1083
1083
1083
1083
1083
1083
1083
1083
1083
1083
1083
1083
1083
1083
1083
1083
1083
1083
1083
1083
1083
1083
1083
1083
1083
1083
1083
1083
1083
1083
1083
1083
1083
1083
1083
1083
1083
1083
1083
1083
1083
1083
1083
1083
1083
1083
1083
1083
1083
1083
1083
1083
1083
1083
1083
1083
1083
1083
1083
1083
1083
1083
1083
1083
1083
1083
1083
1083
1083
1083
1083
1083
1083
3645
3625
3606
3588
3571
3556
3541
3528
3516
3505
3494
3483
3472
3461
3450
3440
3430
3420
3411
3402
3393
3384
3375
3366
3357
3348
3339
3330
3321
3312
3303
3294
3285
3277
3269
3261
3253
3245
3237
3229
3221
3213
3205
3197
3189
3181
3173
3165
3158
3151
3144
3137
3130
3123
3116
3109
3102
3095
3088
3081
3074
3067
3060
3053
3046
3039
3032
3025
3018
3011
3004
2997
2991
2985
2979
2973
2967
2961
2955
2949
2943
2937
2931
2925
2919
2913
2907
2901
2895
2889
2883
2877
2871
2865
2859
2853
2847
2841
2835
2829
2823
2817
2811
2805
2799
2793
2787
2781
2776
2771
2766
2761
2756
2751
2746
2741
2736
2731
2726
2721
2716
2711
2706
2701
2696
2691
2686
2681
2676
2671
2666
2661
2656
2651
2646
2641
2636
2631
2626
2621
2616
2611
2606
2601
2596
2591
2586
2581
2576
2571
2566
2561
2556
2551
2546
2541
2536
2531
2526
2521
2516
2511
2506
2501
2496
2491
2486
2481
2476
2472
2468
2464
2460
2456
2452
2448
2444
2440
2436
2432
2428
2424
2420
2416
2412
2408
2404
2400
2396
2392
2388
2384
2380
2376
2372
2368
2364
2360
2356
2352
2348
2344
2340
2336
2332
2328
2324
2320
2316
2312
2308
2304
2300
2296
2292
2288
2284
2280
2276
2272
2268
2264
2260
2256
2252
2248
2244
2240
2236
2232
2228
2224
2220
2216
2212
2208
2204
2200
2196
2192
2188
2184
2180
2176
2172
2168
2164
2160
2156
2152
2148
2144
2140
2136
2132
2128
2124
2120
2116
2112
2108
2104
2100
2096
2092
2088
2084
2080
2077
2074
2071
2068
2065
2062
2059
2056
2053
2050
2047
2044
2041
2038
2035
2032
2029
2026
2023
2020
2017
2014
2011
2008
2005
2002
1999
1996
1993
1990
1987
1984
1981
1978
1975
1972
1969
1966
1963
1960
1957
1954
1951
1948
1945
1942
1939
1936
1933
1930
1927
1924
1921
1918
1915
1912
1909
1906
1903
1900
1897
1894
1891
1888
1885
1882
1879
1876
1873
1870
1867
1864
1861
1858
1855
1852
1849
1846
1843
1840
1837
1834
1831
1828
1825
1822
1819
1816
1813
1810
1807
1804
1801
1798
1795
1792
1789
1786
1783
1780
1777
1774
1771
1768
1765
1762
1759
1756
1753
1750
1747
1744
1741
1738
1735
1732
1729
1726
1723
1720
1717
1714
1711
1708
1705
1702
1699
1696
1693
1690
1687
1684
1681
1678
1675
1672
1670
1668
1666
1664
1662
1660
1658
1656
1654
1652
1650
1648
1646
1644
1642
1640
1638
1636
1634
1632
1630
1628
1626
1624
1622
1620
1618
1616
1614
1612
1610
1608
1606
1604
1602
1600
1598
1596
1594
1592
1590
1588
1586
1584
1582
1580
1578
1576
1574
1572
1570
1568
1566
1564
1562
1560
1558
1556
1554
1552
1550
1548
1546
1544
1542
1540
1538
1536
1534
1532
1530
1528
1526
1524
1522
1520
1518
1516
1514
1512
1510
1508
1506
1504
1502
1500
1498
1496
1494
1492
1490
1488
1486
1484
1482
1480
1478
1476
1474
1472
1470
1468
1466
1464
1462
1460
1458
1456
1454
1452
1450
1448
1446
1444
1442
1440
1438
1436
1434
1432
1430
1428
1426
1424
1422
1420
1418
1416
1414
1412
1410
1408
1406
1404
1402
1400
1398
1396
1394
1392
1390
1388
1386
1384
1382
1380
1378
1376
1374
1372
1370
1368
1366
1364
1362
1360
1358
1356
1354
1352
1350
1348
1346
1344
1342
1340
1338
1336
1334
1332
1330
1328
1326
1324
1322
1320
1318
1316
1314
1312
1310
1308
1306
1304
1302
1300
1298
1296
1294
1292
1290
1288
1286
1284
1282
1280
1278
1276
1274
1272
1270
1268
1266
1265
1264
1263
1262
1261
1260
1259
1258
1257
1256
1255
1254
1253
1252
1251
1250
1249
1248
1247
1246
1245
1244
1243
1242
1241
1240
1239
1238
1237
1236
1235
1234
1233
1232
1231
1230
1229
1228
1227
1226
1225
1224
1223
1222
1221
1220
1219
1218
1217
1216
1215
1214
1213
1212
1211
1210
1209
1208
1207
1206
1205
1204
1203
1202
1201
1200
1199
1198
1197
1196
1195
1194
1193
1192
1191
1190
1189
1188
1187
1186
1185
1184
1183
1182
1181
1180
1179
1178
1177
1176
1175
1174
1173
1172
1171
1170
1169
1168
1167
1166
1165
1164
1163
1162
1161
1160
1159
1158
1157
1156
1155
1154
1153
1152
1151
1150
1149
1148
1147
1146
1145
1144
1143
1142
1141
1140
1139
1138
1137
1136
1135
1134
1133
1132
1131
1130
1129
1128
1127
1126
1125
1124
1123
1122
1121
1120
1119
1118
1117
1116
1115
1114
1113
1112
1111
1110
1109
1108
1107
1106
1105
1104
1103
1102
1101
1100
1099
1098
1097
1096
1095
1094
1093
1092
1091
1090
1089
1088
1087
1086
1085
1084
1083
1082
1081
1081
1081
1081
1081
1081
1081
1081
1081
1081
1081
1081
1081
1081
1081
1081
1081
1081
1081
1081
1081
1081
1081
1081
1081
1081
1081
1081
1081
1081
1081
1081
1081
1081
1081
1081
1081
1081
1081
1081
1081
1081
1081
1081
1081
1081
1081
1081
1081
1081
1081
1081
1081
1081
1081
1081
1081
1081
1081
1081
1081
1081
1081
1081
1081
1081
1081
1081
1081
1081
1081
1081
1081
1081
1081
1081
1081
1081
1081
1081
1081
1081
1081
1081
1081
1081
1081
1081
1081
1081
1081
1081
1081
1081
1081
1081
1081
1081
1081
1081
1081
1081
1081
1081
1081
1081
1081
1081
1081
1081
1081
1081
1081
1081
1081
1081
1081
1081
1081
1081
1081
1081
1081
1081
1081
1081
1081
1081
1081
1081
1081
1081
1081
1081
1081
1081
1081
1081
1081
1081
1081
1081
1081
1081
1081
1081
1081
1081
1081
1081
1081
1081
1081
1081
1081
1081
1081
1081
1081
1081
1081
1081
1081
1081
1081
1081
1081
1081
1081
1081
1081
1081
1081
1081
1081
1081
1081
1081
1081
1081
1081
1081
1081
1081
1081
1081
1081
1081
1081
1081
1081
1081
1081
1081
1081
1081
1081
1081
1081
1081
1081
1081
1081
1081
1081
1081
1081
1081
1081
3607
3585
3570
3556
3542
3528
3516
3504
3492
3481
3470
3459
3449
3439
3429
3419
3409
3399
3389
3379
3369
3359
3349
3339
3330
3321
3312
3303
3294
3285
3276
3267
3258
3249
3240
3231
3222
3213
3204
3195
3186
3178
3170
3162
3154
3146
3138
3130
3122
3114
3106
3098
3090
3082
3075
3068
3061
3054
3047
3040
3033
3026
3019
3012
3005
2998
2991
2984
2977
2970
2963
2956
2949
2942
2935
2928
2921
2914
2907
2900
2893
2886
2879
2872
2865
2858
2851
2845
2839
2833
2827
2821
2815
2809
2803
2797
2791
2785
2779
2773
2767
2761
2755
2749
2743
2737
2731
2725
2719
2713
2707
2701
2695
2689
2683
2677
2671
2666
2661
2656
2651
2646
2641
2636
2631
2626
2621
2616
2611
2606
2601
2596
2591
2586
2581
2576
2571
2566
2561
2556
2551
2546
2541
2536
2531
2526
2521
2516
2511
2506
2501
2496
2491
2486
2481
2476
2471
2466
2461
2456
2451
2446
2441
2436
2431
2427
2423
2419
2415
2411
2407
2403
2399
2395
2391
2387
2383
2379
2375
2371
2367
2363
2359
2355
2351
2347
2343
2339
2335
2331
2327
2323
2319
2315
2311
2307
2303
2299
2295
2291
2287
2283
2279
2275
2271
2267
2263
2259
2255
2251
2247
2243
2239
2235
2231
2227
2223
2219
2215
2211
2207
2203
2199
2195
2191
2187
2183
2179
2175
2171
2167
2163
2159
2155
2151
2147
2144
2141
2138
2135
2132
2129
2126
2123
2120
2117
2114
2111
2108
2105
2102
2099
2096
2093
2090
2087
2084
2081
2078
2075
2072
2069
2066
2063
2060
2057
2054
2051
2048
2045
2042
2039
2036
2033
2030
2027
2024
2021
2018
2015
2012
2009
2006
2003
2000
1997
1994
1991
1988
1985
1982
1979
1976
1973
1970
1967
1964
1961
1958
1955
1952
1949
1946
1943
1940
1937
1934
1931
1928
1925
1922
1919
1916
1913
1910
1907
1904
1901
1898
1895
1892
1889
1886
1883
1880
1877
1874
1871
1868
1865
1862
1859
1856
1853
1850
1847
1844
1841
1838
1835
1832
1829
1826
1823
1820
1817
1814
1811
1808
1805
1802
1799
1796
1793
1790
1787
1784
1781
1778
1775
1772
1769
1766
1763
1760
1757
1754
1751
1748
1745
1742
1739
1736
1733
1730
1727
1724
1721
1718
1715
1712
1709
1706
1703
1700
1697
1694
1691
1688
1685
1683
1681
1679
1677
1675
1673
1671
1669
1667
1665
1663
1661
1659
1657
1655
1653
1651
1649
1647
1645
1643
1641
1639
1637
1635
1633
1631
1629
1627
1625
1623
1621
1619
1617
1615
1613
1611
1609
1607
1605
1603
1601
1599
1597
1595
1593
1591
1589
1587
1585
1583
1581
1579
1577
1575
1573
1571
1569
1567
1565
1563
1561
1559
1557
1555
1553
1551
1549
1547
1545
1543
1541
1539
1537
1535
1533
1531
1529
1527
1525
1523
1521
1519
1517
1515
1513
1511
1509
1507
1505
1503
1501
1499
1497
1495
1493
1491
1489
1487
1485
1483
1481
1479
1477
1475
1473
1471
1469
1467
1465
1463
1461
1459
1457
1455
1453
1451
1449
1447
1445
1443
1441
1439
1437
1435
1433
1431
1429
1427
1425
1423
1421
1419
1417
1415
1413
1411
1409
1407
1405
1403
1401
1399
1397
1395
1393
1391
1389
1387
1385
1383
1381
1379
1377
1375
1373
1371
1369
1367
1365
1363
1361
1359
1357
1355
1353
1351
1349
1347
1345
1343
1341
1339
1337
1335
1333
1331
1329
1327
1325
1323
1321
1319
1317
1315
1313
1311
1309
1307
1305
1303
1301
1299
1297
1295
1293
1291
1289
1287
1285
1283
1281
1279
1278
1277
1276
1275
1274
1273
1272
1271
1270
1269
1268
1267
1266
1265
1264
1263
1262
1261
1260
1259
1258
1257
1256
1255
1254
1253
1252
1251
1250
1249
1248
1247
1246
1245
1244
1243
1242
1241
1240
1239
1238
1237
1236
1235
1234
1233
1232
1231
1230
1229
1228
1227
1226
1225
1224
1223
1222
1221
1220
1219
1218
1217
1216
1215
1214
1213
1212
1211
1210
1209
1208
1207
1206
1205
1204
1203
1202
1201
1200
1199
1198
1197
1196
1195
1194
1193
1192
1191
1190
1189
1188
1187
1186
1185
1184
1183
1182
1181
1180
1179
1178
1177
1176
1175
1174
1173
1172
1171
1170
1169
1168
1167
1166
1165
1164
1163
1162
1161
1160
1159
1158
1157
1156
1155
1154
1153
1152
1151
1150
1149
1148
1147
1146
1145
1144
1143
1142
1141
1140
1139
1138
1137
1136
1135
1134
1133
1132
1131
1130
1129
1128
1127
1126
1125
1124
1123
1122
1121
1120
1119
1118
1117
1116
1115
1114
1113
1112
1111
1110
1109
1108
1107
1106
1105
1104
1103
1102
1101
1100
1099
1098
1097
1096
1095
1094
1093
1092
1091
1091
1091
1091
1091
1091
1091
1091
1091
1091
1091
1091
1091
1091
1091
1091
1091
1091
1091
1091
1091
1091
1091
1091
1091
1091
1091
1091
1091
1091
1091
1091
1091
1091
1091
1091
1091
1091
1091
1091
1091
1091
1091
1091
1091
1091
1091
1091
1091
1091
1091
1091
1091
1091
1091
1091
1091
1091
1091
1091
1091
1091
1091
1091
1091
1091
1091
1091
1091
1091
1091
1091
1091
1091
1091
1091
1091
1091
1091
1091
1091
1091
1091
1091
1091
1091
1091
1091
1091
1091
1091
1091
1091
1091
1091
1091
1091
1091
1091
1091
1091
1091
1091
1091
1091
1091
1091
1091
1091
1091
1091
1091
1091
1091
1091
1091
1091
1091
1091
1091
1091
1091
1091
1091
1091
1091
1091
1091
1091
1091
1091
1091
1091
1091
1091
1091
1091
1091
1091
1091
1091
1091
1091
1091
1091
1091
1091
1091
1091
1091
1091
1091
1091
1091
1091
1091
1091
1091
1091
1091
1091
1091
1091
1091
1091
1091
1091
1091
1091
1091
1091
1091
1091
1091
1091
1091
1091
1091
1091
1091
1091
1091
1091
1091
1091
1091
1091
1091
1091
1091
1091
1091
1091
1091
1091
1091
1091
1091
1091
1091
1091
1091
1091
1091
1091
1091
1091
1091
1091
1091
1091
1091
1091
1091
1091
1091
1091
1091
1091
1091
510365
509848
509332
508816
508300
507785
507270
506755
506240
505725
505211
504697
504183
503670
503157
502644
502131
501618
501105
500592
500080
499568
499056
498544
498032
497520
497008
496496
495984
495472
494960
494448
493936
493424
492912
492400
491888
491376
490864
490352
489840
489328
488816
488304
487792
487280
486768
486257
485746
485235
484724
484213
483702
483191
482680
482169
481658
481147
480636
480125
479614
479103
478592
478081
477570
477059
476548
476037
475526
475015
474504
473993
473482
472971
472460
471949
471438
470927
470416
469905
469394
468883
468372
467861
467350
466839
466328
465817
465306
464795
464284
463773
463262
462751
462240
461729
461218
460707
460196
459685
459174
458663
458152
457641
457130
456619
456108
455597
455086
454575
454064
453553
453042
452531
452020
451509
450998
450487
449976
449465
448954
448443
447932
447421
446910
446399
445888
445377
444867
444357
443847
443337
442827
442317
441807
441297
440787
440277
439767
439257
438747
438237
437727
437217
436707
436197
435687
435177
434667
434157
433647
433137
432627
432117
431607
431097
430587
430077
429567
429057
428547
428037
427527
427017
426507
425997
425487
424977
424467
423957
423447
422937
422427
421917
421407
420897
420387
419877
419367
418857
418347
417837
417327
416817
416307
415797
415287
414777
414267
413757
413247
412737
412227
411717
411207
410697
410187
409677
409167
408657
408147
407637
407127
406617
406107
405597
405087
404577
404067
403557
403047
402537
402027
401517
401007
400497
399987
399477
398967
398457
397947
397437
396927
396417
395907
395397
394887
394377
393867
393357
392847
392337
391827
391317
390807
390297
389787
389277
388767
388257
387747
387237
386727
386217
385707
385197
384687
384177
383667
383157
382647
382137
381627
381117
380607
380097
379587
379077
378567
378057
377547
377037
376527
376017
375507
374997
374487
373977
373467
372957
372447
371937
371427
370917
370407
369897
369387
368877
368367
367857
367347
366837
366327
365817
365307
364797
364287
363777
363267
362757
362247
361737
361227
360717
360207
359697
359187
358677
358167
357657
357147
356637
356127
355617
355107
354597
354087
353577
353067
352557
352047
351537
351027
350517
350007
349497
348987
348477
347967
347457
346947
346437
345927
345417
344907
344397
343887
343377
342867
342357
341847
341337
340827
340317
339807
339297
338787
338277
337767
337257
336747
336237
335727
335217
334707
334197
333687
333177
332667
332157
331647
331137
330627
330117
329607
329097
328587
328077
327567
327057
326547
326037
325527
325017
324507
323997
323487
322978
322469
321960
321451
320942
320433
319924
319415
318906
318397
317888
317379
316870
316361
315852
315343
314834
314325
313816
313307
312798
312289
311780
311271
310762
310253
309744
309235
308726
308217
307708
307199
306690
306181
305672
305163
304654
304145
303636
303127
302618
302109
301600
301091
300582
300073
299564
299055
298546
298037
297528
297019
296510
296001
295492
294983
294474
293965
293456
292947
292438
291929
291420
290911
290402
289893
289384
288875
288366
287857
287348
286839
286330
285821
285312
284803
284294
283785
283276
282767
282258
281749
281240
280731
280222
279713
279204
278695
278186
277677
277168
276659
276150
275641
275132
274623
274114
273605
273096
272587
272078
271569
271060
270551
270042
269533
269024
268515
268006
267497
266988
266479
265970
265461
264952
264443
263934
263425
262916
262407
261898
261389
260880
260371
259862
259353
258844
258335
257826
257317
256808
256299
255790
255281
254772
254263
253754
253245
252736
252227
251718
251209
250700
250191
249682
249173
248664
248155
247646
247137
246628
246119
245610
245101
244592
244083
243574
243065
242556
242047
241538
241029
240520
240011
239502
238993
238484
237975
237466
236957
236448
235939
235430
234921
234412
233903
233394
232885
232376
231867
231358
230849
230340
229831
229322
228813
228304
227795
227286
226777
226268
225759
225250
224742
224234
223726
223218
222710
222202
221694
221186
220678
220170
219662
219154
218646
218138
217630
217122
216614
216106
215598
215090
214582
214074
213566
213058
212550
212042
211534
211026
210518
210010
209502
208994
208486
207978
207470
206962
206454
205946
205438
204930
204422
203914
203406
202898
202390
201882
201374
200866
200358
199850
199342
198834
198326
197818
197310
196802
196294
195786
195278
194770
194262
193754
193246
192738
192230
191722
191214
190706
190198
189690
189182
188674
188166
187658
187150
186642
186134
185626
185118
184610
184102
183594
183086
182578
182070
181562
181054
180546
180038
179530
179022
178514
178006
177498
176990
176482
175974
175466
174958
174450
173942
173434
172926
172418
171910
171402
170894
170386
169878
169370
168862
168354
167846
167338
166830
166322
165814
165306
164798
164290
163782
163274
162766
162258
161750
161242
160734
160226
159718
159210
158702
158194
157686
157178
156670
156162
155654
155146
154638
154130
153622
153114
152606
152098
151590
151082
150574
150066
149558
149050
148542
148034
147526
147018
146510
146002
145494
144986
144478
143970
143462
142954
142446
141938
141430
140922
140414
139906
139398
138890
138382
137874
137366
136858
136350
135842
135334
134826
134318
133810
133302
132794
132286
131778
131270
130762
130254
129746
129238
128730
128222
127714
127206
126698
126190
125682
125174
124666
124158
123650
123142
122634
122126
121618
121110
120602
120094
119586
119078
118570
118062
117554
117046
116538
116030
115522
115014
114506
113998
113490
112982
112474
111966
111458
110950
110442
109934
109426
108918
108410
107902
107394
106886
106378
105870
105362
104854
104346
103838
103330
102823
102316
101809
101302
100795
100288
99781
99274
98767
98260
97753
97246
96739
96232
95725
95218
94711
94204
93697
93190
92683
92176
91669
91162
90655
90148
89641
89134
88627
88120
87613
87106
86599
86092
85585
85078
84571
84064
83557
83050
82543
82036
81529
81022
80515
80008
79501
78994
78487
77980
77473
76966
76459
75952
75445
74938
74431
73924
73417
72910
72403
71896
71389
70882
70375
69868
69361
68854
68347
67840
67333
66826
66319
65812
65305
64798
64291
63784
63277
62770
62263
61756
61249
60742
60235
59728
59221
58714
58207
57700
57193
56686
56179
55672
55165
54658
54151
53644
53137
52630
52123
51616
51109
50602
50095
49588
49081
48574
48067
47560
47053
46546
46039
45532
45025
44518
44011
43504
42998
42492
41986
41480
40974
40468
39962
39456
38950
38444
37938
37432
36926
36420
35914
35408
34902
34396
33890
33384
32878
32372
31866
31360
30854
30348
29842
29336
28830
28324
27818
27312
26806
26300
25794
25288
24782
24276
23770
23264
22758
22252
21746
21240
20734
20228
19722
19216
18710
18204
17698
17192
16686
16180
15674
15168
14663
14158
13653
13148
12643
12138
11633
11128
10623
10118
9613
9108
8603
8098
7593
7089
6585
6081
5577
5073
4569
4065
3561
3057
2553
2050
510370
509850
509335
508820
508305
507791
507277
506763
506249
505735
505222
504709
504196
503683
503170
502657
502144
501631
501118
500606
500094
499582
499070
498558
498046
497534
497022
496510
495998
495486
494974
494462
493950
493438
492926
492414
491902
491390
490878
490366
489854
489342
488830
488318
487806
487294
486782
486270
485758
485246
484734
484222
483710
483198
482686
482174
481663
481152
480641
480130
479619
479108
478597
478086
477575
477064
476553
476042
475531
475020
474509
473998
473487
472976
472465
471954
471443
470932
470421
469910
469399
468888
468377
467866
467355
466844
466333
465822
465311
464800
464289
463778
463267
462756
462245
461734
461223
460712
460201
459690
459179
458668
458157
457646
457135
456624
456113
455602
455091
454580
454069
453558
453047
452536
452025
451514
451003
450492
449981
449470
448959
448448
447937
447426
446915
446404
445893
445382
444871
444360
443849
443338
442827
442316
441805
441294
440783
440272
439761
439250
438739
438228
437717
437206
436695
436184
435673
435162
434651
434140
433629
433118
432607
432096
431585
431074
430563
430053
429543
429033
428523
428013
427503
426993
426483
425973
425463
424953
424443
423933
423423
422913
422403
421893
421383
420873
420363
419853
419343
418833
418323
417813
417303
416793
416283
415773
415263
414753
414243
413733
413223
412713
412203
411693
411183
410673
410163
409653
409143
408633
408123
407613
407103
406593
406083
405573
405063
404553
404043
403533
403023
402513
402003
401493
400983
400473
399963
399453
398943
398433
397923
397413
396903
396393
395883
395373
394863
394353
393843
393333
392823
392313
391803
391293
390783
390273
389763
389253
388743
388233
387723
387213
386703
386193
385683
385173
384663
384153
383643
383133
382623
382113
381603
381093
380583
380073
379563
379053
378543
378033
377523
377013
376503
375993
375483
374973
374463
373953
373443
372933
372423
371913
371403
370893
370383
369873
369363
368853
368343
367833
367323
366813
366303
365793
365283
364773
364263
363753
363243
362733
362223
361713
361203
360693
360183
359673
359163
358653
358143
357633
357123
356613
356103
355593
355083
354573
354063
353553
353043
352533
352023
351513
351003
350493
349983
349473
348963
348453
347943
347433
346923
346413
345903
345393
344883
344373
343863
343353
342843
342333
341823
341313
340803
340293
339783
339273
338763
338253
337743
337233
336723
336213
335703
335193
334683
334173
333663
333153
332643
332133
331623
331113
330603
330093
329583
329073
328563
328053
327543
327033
326523
326013
325503
324993
324483
323973
323463
322954
322445
321936
321427
320918
320409
319900
319391
318882
318373
317864
317355
316846
316337
315828
315319
314810
314301
313792
313283
312774
312265
311756
311247
310738
310229
309720
309211
308702
308193
307684
307175
306666
306157
305648
305139
304630
304121
303612
303103
302594
302085
301576
301067
300558
300049
299540
299031
298522
298013
297504
296995
296486
295977
295468
294959
294450
293941
293432
292923
292414
291905
291396
290887
290378
289869
289360
288851
288342
287833
287324
286815
286306
285797
285288
284779
284270
283761
283252
282743
282234
281725
281216
280707
280198
279689
279180
278671
278162
277653
277144
276635
276126
275617
275108
274599
274090
273581
273072
272563
272054
271545
271036
270527
270018
269509
269000
268491
267982
267473
266964
266455
265946
265437
264928
264419
263910
263401
262892
262383
261874
261365
260856
260347
259838
259329
258820
258311
257802
257293
256784
256275
255766
255257
254748
254239
253730
253221
252712
252203
251694
251185
250676
250167
249658
249149
248640
248131
247622
247113
246604
246095
245586
245077
244568
244059
243550
243041
242532
242023
241514
241005
240496
239987
239478
238969
238460
237951
237442
236933
236424
235915
235406
234897
234388
233879
233370
232861
232352
231843
231334
230825
230316
229807
229298
228789
228280
227771
227262
226753
226244
225735
225226
224717
224208
223699
223190
222681
222172
221663
221154
220646
220138
219630
219122
218614
218106
217598
217090
216582
216074
215566
215058
214550
214042
213534
213026
212518
212010
211502
210994
210486
209978
209470
208962
208454
207946
207438
206930
206422
205914
205406
204898
204390
203882
203374
202866
202358
201850
201342
200834
200326
199818
199310
198802
198294
197786
197278
196770
196262
195754
195246
194738
194230
193722
193214
192706
192198
191690
191182
190674
190166
189658
189150
188642
188134
187626
187118
186610
186102
185594
185086
184578
184070
183562
183054
182546
182038
181530
181022
180514
180006
179498
178990
178482
177974
177466
176958
176450
175942
175434
174926
174418
173910
173402
172894
172386
171878
171370
170862
170354
169846
169338
168830
168322
167814
167306
166798
166290
165782
165274
164766
164258
163750
163242
162734
162226
161718
161210
160702
160194
159686
159178
158670
158162
157654
157146
156638
156130
155622
155114
154606
154098
153590
153082
152574
152066
151558
151050
150542
150034
149526
149018
148510
148002
147494
146986
146478
145970
145462
144954
144446
143938
143430
142922
142414
141906
141398
140890
140382
139874
139366
138858
138350
137842
137334
136826
136318
135810
135302
134794
134286
133778
133270
132762
132254
131746
131238
130730
130222
129714
129206
128698
128190
127682
127174
126666
126158
125650
125142
124634
124126
123618
123110
122602
122094
121586
121078
120570
120062
119554
119046
118538
118030
117522
117014
116506
115998
115490
114982
114474
113966
113458
112950
112442
111934
111426
110918
110410
109902
109394
108886
108378
107870
107362
106854
106346
105838
105330
104822
104314
103806
103298
102790
102282
101774
101266
100758
100250
99742
99234
98726
98218
97710
97202
96694
96186
95678
95170
94662
94154
93646
93138
92630
92122
91614
91106
90598
90090
89582
89074
88566
88058
87550
87042
86535
86028
85521
85014
84507
84000
83493
82986
82479
81972
81465
80958
80451
79944
79437
78930
78423
77916
77409
76902
76395
75888
75381
74874
74367
73860
73353
72846
72339
71832
71325
70818
70311
69804
69297
68790
68283
67776
67269
66762
66255
65748
65241
64734
64227
63720
63213
62706
62199
61692
61185
60678
60171
59664
59157
58650
58143
57636
57129
56622
56115
55608
55101
54594
54087
53580
53073
52566
52059
51552
51045
50538
50031
49524
49017
48510
48003
47496
46989
46482
45975
45468
44961
44454
43947
43440
42933
42426
41919
41412
40905
40398
39891
39384
38877
38370
37863
37356
36849
36342
35835
35328
34821
34314
33807
33300
32793
32287
31781
31275
30769
30263
29757
29251
28745
28239
27733
27227
26721
26215
25709
25203
24697
24191
23685
23179
22673
22167
21661
21155
20649
20143
19637
19131
18625
18119
17613
17107
16601
16095
15590
15085
14580
14075
13570
13065
12560
12055
11550
11045
10540
10035
9530
9025
8520
8015
7510
7006
6502
5998
5494
4990
4487
3984
3481
2978
2477
1978
510371
509854
509338
508823
508308
507793
507279
506765
506251
505737
505223
504709
504196
503683
503170
502657
502144
501631
501118
500605
500092
499579
499067
498555
498043
497531
497019
496507
495995
495483
494971
494459
493947
493435
492923
492411
491899
491387
490875
490363
489851
489339
488827
488315
487803
487291
486780
486269
485758
485247
484736
484225
483714
483203
482692
482181
481670
481159
480648
480137
479626
479115
478604
478093
477582
477071
476560
476049
475538
475027
474516
474005
473494
472983
472472
471961
471450
470939
470428
469917
469406
468895
468384
467873
467362
466851
466340
465829
465318
464807
464296
463785
463274
462763
462252
461741
461230
460719
460208
459697
459186
458675
458164
457653
457142
456631
456120
455609
455098
454587
454076
453565
453054
452543
452032
451521
451010
450499
449988
449477
448966
448455
447944
447433
446922
446411
445900
445389
444878
444367
443856
443346
442836
442326
441816
441306
440796
440286
439776
439266
438756
438246
437736
437226
436716
436206
435696
435186
434676
434166
433656
433146
432636
432126
431616
431106
430596
430086
429576
429066
428556
428046
427536
427026
426516
426006
425496
424986
424476
423966
423456
422946
422436
421926
421416
420906
420396
419886
419376
418866
418356
417846
417336
416826
416316
415806
415296
414786
414276
413766
413256
412746
412236
411726
411216
410706
410196
409686
409176
408666
408156
407646
407136
406626
406116
405606
405096
404586
404076
403566
403056
402546
402036
401526
401016
400506
399996
399486
398976
398466
397956
397446
396936
396426
395916
395406
394896
394386
393876
393366
392856
392346
391836
391326
390816
390306
389796
389286
388776
388266
387756
387246
386736
386226
385716
385206
384696
384186
383676
383166
382656
382146
381636
381126
380616
380106
379596
379086
378576
378066
377556
377046
376536
376026
375516
375006
374496
373986
373476
372966
372456
371946
371436
370926
370416
369906
369396
368886
368376
367866
367356
366846
366336
365826
365316
364806
364296
363786
363276
362766
362256
361746
361236
360726
360216
359706
359196
358686
358176
357666
357156
356646
356136
355626
355116
354606
354096
353586
353076
352566
352056
351546
351036
350526
350016
349506
348996
348486
347976
347466
346956
346446
345936
345426
344916
344406
343896
343386
342876
342366
341856
341346
340836
340326
339816
339306
338796
338286
337776
337266
336756
336246
335736
335226
334716
334206
333696
333186
332676
332166
331656
331146
330636
330126
329616
329106
328596
328086
327576
327066
326556
326046
325536
325026
324516
324006
323496
322986
322476
321966
321456
320946
320437
319928
319419
318910
318401
317892
317383
316874
316365
315856
315347
314838
314329
313820
313311
312802
312293
311784
311275
310766
310257
309748
309239
308730
308221
307712
307203
306694
306185
305676
305167
304658
304149
303640
303131
302622
302113
301604
301095
300586
300077
299568
299059
298550
298041
297532
297023
296514
296005
295496
294987
294478
293969
293460
292951
292442
291933
291424
290915
290406
289897
289388
288879
288370
287861
287352
286843
286334
285825
285316
284807
284298
283789
283280
282771
282262
281753
281244
280735
280226
279717
279208
278699
278190
277681
277172
276663
276154
275645
275136
274627
274118
273609
273100
272591
272082
271573
271064
270555
270046
269537
269028
268519
268010
267501
266992
266483
265974
265465
264956
264447
263938
263429
262920
262411
261902
261393
260884
260375
259866
259357
258848
258339
257830
257321
256812
256303
255794
255285
254776
254267
253758
253249
252740
252231
251722
251213
250704
250195
249686
249177
248668
248159
247650
247141
246632
246123
245614
245105
244596
244087
243578
243069
242560
242051
241542
241033
240524
240015
239506
238997
238488
237979
237470
236961
236452
235943
235434
234925
234416
233907
233398
232889
232380
231871
231362
230853
230344
229835
229326
228817
228308
227799
227290
226781
226272
225763
225254
224745
224236
223727
223218
222709
222200
221691
221182
220673
220164
219655
219146
218637
218128
217619
217110
216601
216093
215585
215077
214569
214061
213553
213045
212537
212029
211521
211013
210505
209997
209489
208981
208473
207965
207457
206949
206441
205933
205425
204917
204409
203901
203393
202885
202377
201869
201361
200853
200345
199837
199329
198821
198313
197805
197297
196789
196281
195773
195265
194757
194249
193741
193233
192725
192217
191709
191201
190693
190185
189677
189169
188661
188153
187645
187137
186629
186121
185613
185105
184597
184089
183581
183073
182565
182057
181549
181041
180533
180025
179517
179009
178501
177993
177485
176977
176469
175961
175453
174945
174437
173929
173421
172913
172405
171897
171389
170881
170373
169865
169357
168849
168341
167833
167325
166817
166309
165801
165293
164785
164277
163769
163261
162753
162245
161737
161229
160721
160213
159705
159197
158689
158181
157673
157165
156657
156149
155641
155133
154625
154117
153609
153101
152593
152085
151577
151069
150561
150053
149545
149037
148529
148021
147513
147005
146497
145989
145481
144973
144465
143957
143449
142941
142433
141925
141417
140909
140401
139893
139385
138877
138369
137861
137353
136845
136337
135829
135321
134813
134305
133797
133289
132781
132273
131765
131257
130749
130241
129733
129225
128717
128209
127701
127193
126685
126177
125669
125161
124653
124145
123637
123129
122621
122113
121605
121097
120589
120081
119573
119065
118557
118049
117541
117033
116525
116017
115509
115001
114493
113985
113477
112969
112461
111953
111445
110937
110429
109921
109413
108905
108397
107889
107381
106873
106365
105857
105349
104841
104333
103825
103317
102809
102301
101793
101285
100777
100270
99763
99256
98749
98242
97735
97228
96721
96214
95707
95200
94693
94186
93679
93172
92665
92158
91651
91144
90637
90130
89623
89116
88609
88102
87595
87088
86581
86074
85567
85060
84553
84046
83539
83032
82525
82018
81511
81004
80497
79990
79483
78976
78469
77962
77455
76948
76441
75934
75427
74920
74413
73906
73399
72892
72385
71878
71371
70864
70357
69850
69343
68836
68329
67822
67315
66808
66301
65794
65287
64780
64273
63766
63259
62752
62245
61738
61231
60724
60217
59710
59203
58696
58189
57682
57175
56668
56161
55654
55147
54640
54133
53626
53119
52612
52105
51598
51091
50584
50077
49570
49063
48556
48049
47542
47035
46528
46021
45514
45007
44500
43993
43486
42979
42472
41965
41458
40951
40444
39937
39431
38925
38419
37913
37407
36901
36395
35889
35383
34877
34371
33865
33359
32853
32347
31841
31335
30829
30323
29817
29311
28805
28299
27793
27287
26781
26275
25769
25263
24757
24251
23745
23239
22733
22227
21721
21215
20710
20205
19700
19195
18690
18185
17680
17175
16670
16165
15660
15155
14650
14145
13640
13135
12630
12125
11620
11115
10610
10105
9601
9097
8593
8089
7585
7081
6577
6073
5569
5065
4561
4058
3555
3052
2551
2053
510396
509878
509363
508849
508335
507821
507307
506793
506280
505767
505254
504741
504228
503715
503202
502689
502176
501663
501150
500637
500125
499613
499101
498589
498077
497565
497053
496541
496029
495517
495005
494493
493981
493469
492957
492445
491933
491421
490909
490397
489885
489373
488861
488349
487837
487325
486813
486301
485789
485277
484765
484254
483743
483232
482721
482210
481699
481188
480677
480166
479655
479144
478633
478122
477611
477100
476589
476078
475567
475056
474545
474034
473523
473012
472501
471990
471479
470968
470457
469946
469435
468924
468413
467902
467391
466880
466369
465858
465347
464836
464325
463814
463303
462792
462281
461770
461259
460748
460237
459726
459215
458704
458193
457682
457171
456660
456149
455638
455127
454616
454105
453594
453083
452572
452061
451550
451039
450528
450017
449506
448995
448484
447973
447462
446951
446440
445929
445418
444907
444396
443885
443374
442863
442352
441841
441330
440819
440308
439797
439286
438775
438264
437753
437242
436731
436220
435709
435198
434687
434176
433665
433154
432643
432132
431621
431110
430600
430090
429580
429070
428560
428050
427540
427030
426520
426010
425500
424990
424480
423970
423460
422950
422440
421930
421420
420910
420400
419890
419380
418870
418360
417850
417340
416830
416320
415810
415300
414790
414280
413770
413260
412750
412240
411730
411220
410710
410200
409690
409180
408670
408160
407650
407140
406630
406120
405610
405100
404590
404080
403570
403060
402550
402040
401530
401020
400510
400000
399490
398980
398470
397960
397450
396940
396430
395920
395410
394900
394390
393880
393370
392860
392350
391840
391330
390820
390310
389800
389290
388780
388270
387760
387250
386740
386230
385720
385210
384700
384190
383680
383170
382660
382150
381640
381130
380620
380110
379600
379090
378580
378070
377560
377050
376540
376030
375520
375010
374500
373990
373480
372970
372460
371950
371440
370930
370420
369910
369400
368890
368380
367870
367360
366850
366340
365830
365320
364810
364300
363790
363280
362770
362260
361750
361240
360730
360220
359710
359200
358690
358180
357670
357160
356650
356140
355630
355120
354610
354100
353590
353080
352570
352060
351550
351040
350530
350020
349510
349000
348490
347980
347470
346960
346450
345940
345430
344920
344410
343900
343390
342880
342370
341860
341350
340840
340330
339820
339310
338800
338290
337780
337270
336760
336250
335740
335230
334720
334210
333700
333190
332680
332170
331660
331150
330640
330130
329620
329110
328600
328090
327580
327070
326560
326050
325540
325030
324520
324010
323500
322990
322480
321970
321460
320950
320440
319930
319420
318910
318400
317890
317380
316870
316360
315850
315340
314830
314320
313810
313300
312790
312280
311770
311260
310750
310240
309730
309220
308710
308201
307692
307183
306674
306165
305656
305147
304638
304129
303620
303111
302602
302093
301584
301075
300566
300057
299548
299039
298530
298021
297512
297003
296494
295985
295476
294967
294458
293949
293440
292931
292422
291913
291404
290895
290386
289877
289368
288859
288350
287841
287332
286823
286314
285805
285296
284787
284278
283769
283260
282751
282242
281733
281224
280715
280206
279697
279188
278679
278170
277661
277152
276643
276134
275625
275116
274607
274098
273589
273080
272571
272062
271553
271044
270535
270026
269517
269008
268499
267990
267481
266972
266463
265954
265445
264936
264427
263918
263409
262900
262391
261882
261373
260864
260355
259846
259337
258828
258319
257810
257301
256792
256283
255774
255265
254756
254247
253738
253229
252720
252211
251702
251193
250684
250175
249666
249157
248648
248139
247630
247121
246612
246103
245594
245085
244576
244067
243558
243049
242540
242031
241522
241013
240504
239995
239486
238977
238468
237959
237450
236941
236432
235923
235414
234905
234396
233887
233378
232869
232360
231851
231342
230833
230324
229815
229306
228797
228288
227779
227270
226761
226252
225743
225234
224725
224216
223707
223198
222690
222182
221674
221166
220658
220150
219642
219134
218626
218118
217610
217102
216594
216086
215578
215070
214562
214054
213546
213038
212530
212022
211514
211006
210498
209990
209482
208974
208466
207958
207450
206942
206434
205926
205418
204910
204402
203894
203386
202878
202370
201862
201354
200846
200338
199830
199322
198814
198306
197798
197290
196782
196274
195766
195258
194750
194242
193734
193226
192718
192210
191702
191194
190686
190178
189670
189162
188654
188146
187638
187130
186622
186114
185606
185098
184590
184082
183574
183066
182558
182050
181542
181034
180526
180018
179510
179002
178494
177986
177478
176970
176462
175954
175446
174938
174430
173922
173414
172906
172398
171890
171382
170874
170366
169858
169350
168842
168334
167826
167318
166810
166302
165794
165286
164778
164270
163762
163254
162746
162238
161730
161222
160714
160206
159698
159190
158682
158174
157666
157158
156650
156142
155634
155126
154618
154110
153602
153094
152586
152078
151570
151062
150554
150046
149538
149030
148522
148014
147506
146998
146490
145982
145474
144966
144458
143950
143442
142934
142426
141918
141410
140902
140394
139886
139378
138870
138362
137854
137346
136838
136330
135822
135314
134806
134298
133790
133282
132774
132266
131758
131250
130742
130234
129726
129218
128710
128202
127694
127186
126678
126170
125662
125154
124646
124138
123630
123122
122614
122106
121598
121090
120582
120074
119566
119058
118550
118042
117534
117026
116518
116010
115502
114994
114486
113978
113470
112962
112454
111946
111438
110930
110422
109914
109406
108898
108390
107882
107374
106866
106358
105850
105342
104834
104326
103818
103310
102802
102294
101786
101278
100770
100262
99754
99246
98738
98230
97722
97214
96706
96198
95690
95182
94674
94167
93660
93153
92646
92139
91632
91125
90618
90111
89604
89097
88590
88083
87576
87069
86562
86055
85548
85041
84534
84027
83520
83013
82506
81999
81492
80985
80478
79971
79464
78957
78450
77943
77436
76929
76422
75915
75408
74901
74394
73887
73380
72873
72366
71859
71352
70845
70338
69831
69324
68817
68310
67803
67296
66789
66282
65775
65268
64761
64254
63747
63240
62733
62226
61719
61212
60705
60198
59691
59184
58677
58170
57663
57156
56649
56142
55635
55128
54621
54114
53607
53100
52593
52086
51579
51072
50565
50058
49551
49044
48537
48030
47523
47016
46509
46002
45495
44988
44481
43974
43467
42960
42453
41946
41439
40932
40425
39918
39411
38904
38397
37890
37383
36876
36369
35862
35355
34849
34343
33837
33331
32825
32319
31813
31307
30801
30295
29789
29283
28777
28271
27765
27259
26753
26247
25741
25235
24729
24223
23717
23211
22705
22199
21693
21187
20681
20175
19669
19163
18657
18151
17645
17140
16635
16130
15625
15120
14615
14110
13605
13100
12595
12090
11585
11080
10575
10070
9565
9060
8556
8052
7548
7044
6540
6036
5532
5028
4524
4022
3520
3018
2516
2015
510422
509907
509392
508877
508362
507848
507334
506820
506306
505793
505280
504767
504254
503741
503228
502715
502202
501690
501178
500666
500154
499642
499130
498618
498106
497594
497082
496570
496058
495546
495034
494522
494010
493498
492986
492474
491962
491450
490938
490426
489914
489402
488890
488378
487866
487354
486842
486330
485818
485306
484794
484282
483770
483258
482746
482234
481722
481210
480698
480186
479675
479164
478653
478142
477631
477120
476609
476098
475587
475076
474565
474054
473543
473032
472521
472010
471499
470988
470477
469966
469455
468944
468433
467922
467411
466900
466389
465878
465367
464856
464345
463834
463323
462812
462301
461790
461279
460768
460257
459746
459235
458724
458213
457702
457191
456680
456169
455658
455147
454636
454125
453614
453103
452592
452081
451570
451059
450548
450037
449526
449015
448504
447993
447482
446971
446460
445949
445438
444927
444416
443905
443394
442883
442372
441861
441350
440839
440328
439817
439306
438795
438284
437773
437262
436751
436240
435729
435218
434707
434196
433685
433174
432663
432152
431641
431130
430619
430109
429599
429089
428579
428069
427559
427049
426539
426029
425519
425009
424499
423989
423479
422969
422459
421949
421439
420929
420419
419909
419399
418889
418379
417869
417359
416849
416339
415829
415319
414809
414299
413789
413279
412769
412259
411749
411239
410729
410219
409709
409199
408689
408179
407669
407159
406649
406139
405629
405119
404609
404099
403589
403079
402569
402059
401549
401039
400529
400019
399509
398999
398489
397979
397469
396959
396449
395939
395429
394919
394409
393899
393389
392879
392369
391859
391349
390839
390329
389819
389309
388799
388289
387779
387269
386759
386249
385739
385229
384719
384209
383699
383189
382679
382169
381659
381149
380639
380129
379619
379109
378599
378089
377579
377069
376559
376049
375539
375029
374519
374009
373499
372989
372479
371969
371459
370949
370439
369929
369419
368909
368399
367889
367379
366869
366359
365849
365339
364829
364319
363809
363299
362789
362279
361769
361259
360749
360239
359729
359219
358709
358199
357689
357179
356669
356159
355649
355139
354629
354119
353609
353099
352589
352079
351569
351059
350549
350039
349529
349019
348509
347999
347489
346979
346469
345959
345449
344939
344429
343919
343409
342899
342389
341879
341369
340859
340349
339839
339329
338819
338309
337799
337289
336779
336269
335759
335249
334739
334229
333719
333209
332699
332189
331679
331169
330659
330149
329639
329129
328619
328109
327599
327089
326579
326069
325559
325049
324539
324029
323519
323009
322499
321989
321479
320969
320459
319949
319439
318929
318419
317909
317399
316889
316379
315869
315359
314849
314340
313831
313322
312813
312304
311795
311286
310777
310268
309759
309250
308741
308232
307723
307214
306705
306196
305687
305178
304669
304160
303651
303142
302633
302124
301615
301106
300597
300088
299579
299070
298561
298052
297543
297034
296525
296016
295507
294998
294489
293980
293471
292962
292453
291944
291435
290926
290417
289908
289399
288890
288381
287872
287363
286854
286345
285836
285327
284818
284309
283800
283291
282782
282273
281764
281255
280746
280237
279728
279219
278710
278201
277692
277183
276674
276165
275656
275147
274638
274129
273620
273111
272602
272093
271584
271075
270566
270057
269548
269039
268530
268021
267512
267003
266494
265985
265476
264967
264458
263949
263440
262931
262422
261913
261404
260895
260386
259877
259368
258859
258350
257841
257332
256823
256314
255805
255296
254787
254278
253769
253260
252751
252242
251733
251224
250715
250206
249697
249188
248679
248170
247661
247152
246643
246134
245625
245116
244607
244098
243589
243080
242571
242062
241553
241044
240535
240026
239517
239008
238499
237990
237481
236972
236463
235954
235445
234936
234427
233918
233409
232900
232391
231882
231373
230864
230355
229846
229337
228828
228319
227810
227301
226792
226283
225774
225265
224756
224248
223740
223232
222724
222216
221708
221200
220692
220184
219676
219168
218660
218152
217644
217136
216628
216120
215612
215104
214596
214088
213580
213072
212564
212056
211548
211040
210532
210024
209516
209008
208500
207992
207484
206976
206468
205960
205452
204944
204436
203928
203420
202912
202404
201896
201388
200880
200372
199864
199356
198848
198340
197832
197324
196816
196308
195800
195292
194784
194276
193768
193260
192752
192244
191736
191228
190720
190212
189704
189196
188688
188180
187672
187164
186656
186148
185640
185132
184624
184116
183608
183100
182592
182084
181576
181068
180560
180052
179544
179036
178528
178020
177512
177004
176496
175988
175480
174972
174464
173956
173448
172940
172432
171924
171416
170908
170400
169892
169384
168876
168368
167860
167352
166844
166336
165828
165320
164812
164304
163796
163288
162780
162272
161764
161256
160748
160240
159732
159224
158716
158208
157700
157192
156684
156176
155668
155160
154652
154144
153636
153128
152620
152112
151604
151096
150588
150080
149572
149064
148556
148048
147540
147032
146524
146016
145508
145000
144492
143984
143476
142968
142460
141952
141444
140936
140428
139920
139412
138904
138396
137888
137380
136872
136364
135856
135348
134840
134332
133824
133316
132808
132300
131792
131284
130776
130268
129760
129252
128744
128236
127728
127220
126712
126204
125696
125188
124680
124172
123664
123156
122648
122140
121632
121124
120616
120108
119600
119092
118584
118076
117568
117060
116552
116044
115536
115028
114520
114012
113504
112996
112488
111980
111472
110964
110456
109948
109440
108932
108424
107916
107408
106900
106392
105884
105376
104868
104360
103852
103344
102836
102328
101820
101312
100804
100296
99788
99280
98772
98264
97756
97248
96740
96232
95724
95216
94708
94200
93692
93185
92678
92171
91664
91157
90650
90143
89636
89129
88622
88115
87608
87101
86594
86087
85580
85073
84566
84059
83552
83045
82538
82031
81524
81017
80510
80003
79496
78989
78482
77975
77468
76961
76454
75947
75440
74933
74426
73919
73412
72905
72398
71891
71384
70877
70370
69863
69356
68849
68342
67835
67328
66821
66314
65807
65300
64793
64286
63779
63272
62765
62258
61751
61244
60737
60230
59723
59216
58709
58202
57695
57188
56681
56174
55667
55160
54653
54146
53639
53132
52625
52118
51611
51104
50597
50090
49583
49076
48569
48062
47555
47048
46541
46034
45527
45020
44513
44006
43499
42992
42485
41978
41471
40964
40457
39950
39443
38936
38429
37922
37415
36908
36402
35896
35390
34884
34378
33872
33366
32860
32354
31848
31342
30836
30330
29824
29318
28812
28306
27800
27294
26788
26282
25776
25270
24764
24258
23752
23246
22740
22234
21728
21222
20716
20210
19704
19198
18692
18186
17680
17174
16668
16162
15656
15151
14646
14141
13636
13131
12626
12121
11616
11111
10606
10102
9598
9094
8590
8086
7582
7078
6574
6070
5566
5062
4559
4056
3554
3053
2553
2053
