1
3
5
1
1
7
3
15
3
19
3
3
3
7
3
7
3
19
21
3
3
7
5
3
3
7
3
23
3
3
3
3
9
3
7
7
7
7
15
3
3
3
3
3
7
3
3
15
15
3
13
63
15
7
7
3
3
3
15
63
3
3
3
3
3
3
7
7
137
3
3
3
15
3
3
7
7
3
3
7
3
1
15
3
105
3
7
111
7
11
7
3
3
31
3
3
3
3
3
15
7
15
45
7
7
7
3
3
3
15
3
7
3
7
3
3
3
27
3
3
3
3
3
31
127
3
7
15
7
3
7
7
3
3
31
63
81
3
3
3
7
3
7
3
3
3
3
3
3
7
3
3
7
115
3
3
7
3
3
191
15
7
3
3
3
3
7
7
3
3
21
3
7
7
3
31
3
3
15
3
63
7
3
3
3
3
31
7
3
3
3
3
127
3
5
15
7
3
3
15
3
3
7
3
7
3
7
3
3
3
7
7
3
3
7
3
15
7
7
3
7
3
3
31
127
3
3
7
3
3
7
3
3
3
15
7
217
7
7
31
3
3
3
15
7
7
1
3
3
499
3
3
3
3
7
3
7
63
7
3
3
7
15
3
7
31
3
1
3
3
3
3
7
3
7
3
7
7
3
15
3
7
3
7
3
7
7
31
3
3
7
3
7
15
3
7
593
15
7
3
3
7
3
3
7
3
7
7
15
31
3
127
3
7
7
15
3
7
3
3
3
7
63
3
3
7
7
3
401
3
7
7
7
3
63
3
3
3
3
3
15
3
3
31
3
15
3
3
3
3
7
7
3
15
31
7
7
3
3
7
7
3
3
31
15
63
7
3
15
3
15
3
3
7
3
3
3
3
7
3
7
15
3
15
3
3
3
3
3
7
7
3
3
3
127
3
3
7
3
31
7
7
15
7
7
3
3
15
3
63
3
7
3
7
3
15
63
3
3
7
3
3
3
3
15
3
3
3
7
3
15
7
3
7
7
3
3
31
3
3
3
15
3
3
3
7
7
7
3
15
3
3
3
7
3
3
3
11
7
3
3
7
3
127
31
3
3
7
7
31
3
255
3
3
3
3
3
3
3
7
3
7
7
7
3
7
7
7
7
3
3
15
7
3
3
3
3
63
3
3
3
3
3
3
7
7
7
3
3
3
7
255
15
15
3
7
3
7
7
15
3
15
3
3
3
3
3
3
3
7
5
7
31
15
13
15
3
7
7
3
15
7
3
319
31
3
15
31
15
15
3
3
3
3
15
7
3
3
3
3
7
7
3
3
3
3
3
3
15
3
7
3
3
3
31
7
3
127
15
7
3
7
7
7
3
15
7
3
7
15
3
7
9
15
31
3
3
3
3
3
7
7
3
3
3
3
7
3
7
3
3
3
7
3
15
31
3
3
3
3
127
3
3
3
7
7
7
15
3
3
7
3
15
63
7
3
3
3
3
7
3
15
7
3
63
3
3
3
3
3
3
31
31
3
15
3
3
3
101
3
3
7
3
31
7
31
7
7
7
3
7
3
3
3
3
7
3
255
3
7
63
15
3
15
3
3
7
3
3
3
15
15
7
7
3
31
3
3
31
3
7
3
3
3
3
3
7
7
7
3
3
7
127
3
3
31
31
15
3
3
3
7
3
3
15
7
3
3
7
115
3
15
15
3
7
3
3
15
15
7
63
3
15
15
3
7
3
3
7
7
7
3
15
7
31
3
7
3
3
3
3
7
15
7
127
7
3
3
3
3
3
3
3
3
7
3
3
7
3
3
15
7
7
7
3
3
15
3
7
3
7
15
31
7
15
3
7
7
3
15
3
7
3
3
3
3
7
3
7
7
3
15
3
3
3
3
255
3
3
3
3
7
7
15
31
3
3
31
3
7
3
3
15
3
7
7
3
3
3
7
7
3
3
15
7
3
31
7
3
7
3
7
7
3
7
3
7
3
3
3
7
7
3
3
15
3
7
3
3
15
3
3
3
127
3
7
31
7
3
7
15
7
3
3
7
7
7
3
15
3
3
31
3
3
3
15
31
3
15
15
3
3
3
3
7
3
31
3
3
7
3
3
15
11
3
31
3
3
3
7
7
3
3
7
7
7
3
7
7
7
7
15
3
3
3
3
7
3
7
15
3
7
15
7
15
15
7
3
7
3
7
15
3
3
3
127
15
31
3
7
3
7
3
31
7
3
3
7
3
3
3
15
3
7
3
7
3
7
3
3
15
3
7
3
15
3
7
15
7
7
3
3
3
3
7
3
7
7
7
15
199999
131071
68927
65535
65535
36159
32767
32767
32767
32767
32767
19775
16383
16383
16383
16383
16383
16383
16383
16383
16383
16383
16383
11583
8191
8191
8191
8191
8191
8191
8191
8191
8191
8191
8191
8191
8191
8191
8191
8191
8191
8191
8191
8191
8191
8191
8191
7487
4095
4095
4095
4095
4095
4095
4095
4095
4095
4095
4095
4095
4095
4095
4095
4095
4095
4095
4095
4095
4095
4095
4095
4095
4095
4095
4095
4095
4095
4095
4095
4095
4095
4095
4095
4095
4095
4095
4095
4095
4095
4095
4095
4095
4095
4095
4095
4095
3391
2047
2047
2047
2047
2047
2047
2047
2047
2047
2047
2047
2047
2047
2047
2047
2047
2047
2047
2047
2047
2047
2047
2047
2047
2047
2047
2047
2047
2047
2047
2047
2047
2047
2047
2047
2047
2047
2047
2047
2047
2047
2047
2047
2047
2047
2047
2047
2047
2047
2047
2047
2047
2047
2047
2047
2047
2047
2047
2047
2047
2047
2047
2047
2047
2047
2047
2047
2047
2047
2047
2047
2047
2047
2047
2047
2047
2047
2047
2047
2047
2047
2047
2047
2047
2047
2047
2047
2047
2047
2047
2047
2047
2047
2047
2047
2047
2047
1343
1023
1023
1023
1023
1023
1023
1023
1023
1023
1023
1023
1023
1023
1023
1023
1023
1023
1023
1023
1023
1023
1023
1023
1023
1023
1023
1023
1023
1023
1023
1023
1023
1023
1023
1023
1023
1023
1023
1023
1023
1023
1023
1023
1023
1023
1023
1023
1023
1023
1023
1023
1023
1023
1023
1023
1023
1023
1023
1023
1023
1023
1023
1023
1023
1023
1023
1023
1023
1023
1023
1023
1023
1023
1023
1023
1023
1023
1023
1023
1023
1023
1023
1023
1023
1023
1023
1023
1023
1023
1023
1023
1023
1023
1023
1023
1023
1023
1023
1023
1023
1023
1023
1023
1023
1023
1023
1023
1023
1023
1023
1023
1023
1023
1023
1023
1023
1023
1023
1023
1023
1023
1023
1023
1023
1023
1023
1023
1023
1023
1023
1023
1023
1023
1023
1023
1023
1023
1023
1023
1023
1023
1023
1023
1023
1023
1023
1023
1023
1023
1023
1023
1023
1023
1023
1023
1023
1023
1023
1023
1023
1023
1023
1023
1023
1023
1023
1023
1023
1023
1023
1023
1023
1023
1023
1023
1023
1023
1023
1023
1023
1023
1023
1023
1023
1023
1023
1023
1023
1023
1023
1023
1023
1023
1023
831
511
511
511
511
511
511
511
511
511
511
511
511
511
511
511
511
511
511
511
511
511
511
511
511
511
511
511
511
511
511
511
511
511
511
511
511
511
511
511
511
511
511
511
511
511
511
511
511
511
511
511
511
511
511
511
511
511
511
511
511
511
511
511
511
511
511
511
511
511
511
511
511
511
511
511
511
511
511
511
511
511
511
511
511
511
511
511
511
511
511
511
511
511
511
511
511
511
511
511
511
511
511
511
511
511
511
511
511
511
511
511
511
511
511
511
511
511
511
511
511
511
511
511
511
511
511
511
511
511
511
511
511
511
511
511
511
511
511
511
511
511
511
511
511
511
511
511
511
511
511
511
511
511
511
511
511
511
511
511
511
511
511
511
511
511
511
511
511
511
511
511
511
511
511
511
511
511
511
511
511
511
511
511
511
511
511
511
511
511
511
511
511
511
511
511
511
511
511
511
511
511
511
511
511
511
511
511
511
511
511
511
511
511
511
511
511
511
511
511
511
511
511
511
511
511
511
511
511
511
511
511
511
511
511
511
511
511
511
511
511
511
511
511
511
511
511
511
511
511
511
511
511
511
511
511
511
511
511
511
511
511
511
511
511
511
511
511
511
511
511
511
511
511
511
511
511
511
511
511
511
511
511
511
511
511
511
511
511
511
511
511
511
511
511
511
511
511
511
511
511
511
511
511
511
511
511
511
511
511
511
511
511
511
511
511
511
511
511
511
511
511
511
511
511
511
511
511
511
511
511
511
511
511
511
511
511
511
511
511
511
511
511
511
511
511
511
511
511
511
511
511
511
511
511
511
511
511
511
511
511
511
511
511
511
511
511
511
511
511
511
511
511
511
511
511
511
511
511
511
511
511
511
511
511
511
511
511
511
511
511
319
255
255
255
255
255
255
255
255
255
255
255
255
255
255
255
255
255
255
255
255
255
255
255
255
255
255
255
255
255
255
255
255
255
255
255
255
255
255
255
255
255
255
255
255
255
255
255
255
255
255
255
255
255
255
255
255
255
255
255
255
255
255
255
255
255
255
255
255
255
255
255
255
255
255
255
255
255
255
255
255
255
255
255
255
255
255
255
255
255
255
255
255
255
255
255
255
255
255
255
255
255
255
255
255
255
255
255
255
255
255
255
255
255
255
255
255
255
255
255
255
255
255
255
255
255
255
255
255
255
255
255
255
255
255
255
255
255
255
255
255
255
255
255
255
255
255
255
255
255
255
255
255
255
255
255
255
255
255
255
255
255
255
255
255
255
255
255
255
255
255
255
255
255
255
255
255
255
255
255
255
255
255
255
255
255
255
255
255
255
255
255
255
255
255
255
255
255
255
255
255
255
255
255
255
255
255
255
255
255
255
255
255
255
255
255
255
255
255
255
1999999
1048575
951423
524287
524287
524287
427135
262143
262143
262143
262143
262143
262143
262143
164991
131071
131071
131071
131071
131071
131071
131071
131071
131071
131071
131071
131071
131071
131071
99455
65535
65535
65535
65535
65535
65535
65535
65535
65535
65535
65535
65535
65535
65535
65535
65535
65535
65535
65535
65535
65535
65535
65535
65535
65535
65535
65535
65535
65535
65535
33919
32767
32767
32767
32767
32767
32767
32767
32767
32767
32767
32767
32767
32767
32767
32767
32767
32767
32767
32767
32767
32767
32767
32767
32767
32767
32767
32767
32767
32767
32767
32767
32767
32767
32767
32767
32767
32767
32767
32767
32767
32767
32767
32767
32767
32767
32767
32767
32767
32767
32767
32767
32767
32767
32767
32767
32767
32767
32767
32767
32767
17535
16383
16383
16383
16383
16383
16383
16383
16383
16383
16383
16383
16383
16383
16383
16383
16383
16383
16383
16383
16383
16383
16383
16383
16383
16383
16383
16383
16383
16383
16383
16383
16383
16383
16383
16383
16383
16383
16383
16383
16383
16383
16383
16383
16383
16383
16383
16383
16383
16383
16383
16383
16383
16383
16383
16383
16383
16383
16383
16383
16383
16383
16383
16383
16383
16383
16383
16383
16383
16383
16383
16383
16383
16383
16383
16383
16383
16383
16383
16383
16383
16383
16383
16383
16383
16383
16383
16383
16383
16383
16383
16383
16383
16383
16383
16383
16383
16383
16383
16383
16383
16383
16383
16383
16383
16383
16383
16383
16383
16383
16383
16383
16383
16383
16383
16383
16383
16383
16383
16383
16383
16383
9343
8191
8191
8191
8191
8191
8191
8191
8191
8191
8191
8191
8191
8191
8191
8191
8191
8191
8191
8191
8191
8191
8191
8191
8191
8191
8191
8191
8191
8191
8191
8191
8191
8191
8191
8191
8191
8191
8191
8191
8191
8191
8191
8191
8191
8191
8191
8191
8191
8191
8191
8191
8191
8191
8191
8191
8191
8191
8191
8191
8191
8191
8191
8191
8191
8191
8191
8191
8191
8191
8191
8191
8191
8191
8191
8191
8191
8191
8191
8191
8191
8191
8191
8191
8191
8191
8191
8191
8191
8191
8191
8191
8191
8191
8191
8191
8191
8191
8191
8191
8191
8191
8191
8191
8191
8191
8191
8191
8191
8191
8191
8191
8191
8191
8191
8191
8191
8191
8191
8191
8191
8191
8191
8191
8191
8191
8191
8191
8191
8191
8191
8191
8191
8191
8191
8191
8191
8191
8191
8191
8191
8191
8191
8191
8191
8191
8191
8191
8191
8191
8191
8191
8191
8191
8191
8191
8191
8191
8191
8191
8191
8191
8191
8191
8191
8191
8191
8191
8191
8191
8191
8191
8191
8191
8191
8191
8191
8191
8191
8191
8191
8191
8191
8191
8191
8191
8191
8191
8191
8191
8191
8191
8191
8191
8191
8191
8191
8191
8191
8191
8191
8191
8191
8191
8191
8191
8191
8191
8191
8191
8191
8191
8191
8191
8191
8191
8191
8191
8191
8191
8191
8191
8191
8191
8191
8191
8191
8191
8191
8191
8191
8191
8191
8191
8191
8191
8191
8191
8191
8191
8191
8191
8191
8191
5247
4095
4095
4095
4095
4095
4095
4095
4095
4095
4095
4095
4095
4095
4095
4095
4095
4095
4095
4095
4095
4095
4095
4095
4095
4095
4095
4095
4095
4095
4095
4095
4095
4095
4095
4095
4095
4095
4095
4095
4095
4095
4095
4095
4095
4095
4095
4095
4095
4095
4095
4095
4095
4095
4095
4095
4095
4095
4095
4095
4095
4095
4095
4095
4095
4095
4095
4095
4095
4095
4095
4095
4095
4095
4095
4095
4095
4095
4095
4095
4095
4095
4095
4095
4095
4095
4095
4095
4095
4095
4095
4095
4095
4095
4095
4095
4095
4095
4095
4095
4095
4095
4095
4095
4095
4095
4095
4095
4095
4095
4095
4095
4095
4095
4095
4095
4095
4095
4095
4095
4095
4095
4095
4095
4095
4095
4095
4095
4095
4095
4095
4095
4095
4095
4095
4095
4095
4095
4095
4095
4095
4095
4095
4095
4095
4095
4095
4095
4095
4095
4095
4095
4095
4095
4095
4095
4095
4095
4095
4095
4095
4095
4095
4095
4095
4095
4095
4095
4095
4095
4095
4095
4095
4095
4095
4095
4095
4095
4095
4095
4095
4095
4095
4095
4095
4095
4095
4095
4095
4095
4095
4095
4095
4095
4095
4095
4095
4095
4095
4095
4095
4095
4095
4095
4095
4095
4095
4095
4095
4095
4095
4095
4095
4095
4095
4095
4095
4095
4095
4095
4095
4095
4095
4095
4095
4095
4095
4095
4095
4095
4095
4095
4095
4095
4095
4095
4095
4095
4095
4095
4095
4095
4095
4095
4095
4095
4095
4095
4095
4095
4095
4095
4095
4095
4095
4095
4095
4095
4095
4095
4095
4095
4095
4095
4095
4095
4095
4095
4095
4095
4095
4095
4095
4095
4095
4095
4095
4095
4095
4095
4095
4095
4095
4095
4095
4095
4095
4095
4095
4095
4095
4095
4095
4095
4095
4095
4095
4095
4095
4095
4095
4095
4095
4095
4095
4095
4095
4095
4095
4095
4095
4095
4095
4095
4095
4095
4095
4095
4095
4095
4095
4095
4095
4095
4095
4095
4095
4095
4095
4095
4095
4095
4095
4095
4095
4095
4095
4095
4095
4095
4095
4095
4095
4095
4095
4095
4095
4095
4095
4095
4095
4095
4095
4095
4095
4095
4095
4095
4095
4095
4095
4095
4095
4095
4095
4095
4095
4095
4095
4095
4095
4095
4095
4095
4095
4095
4095
4095
4095
4095
4095
4095
4095
4095
4095
4095
4095
4095
4095
4095
4095
4095
4095
4095
4095
4095
4095
4095
4095
4095
4095
4095
4095
4095
4095
4095
4095
4095
4095
4095
4095
4095
4095
4095
4095
4095
4095
4095
4095
4095
4095
4095
4095
4095
4095
4095
4095
4095
4095
4095
4095
4095
4095
4095
4095
4095
4095
4095
4095
4095
4095
4095
4095
4095
4095
4095
4095
4095
4095
4095
4095
4095
4095
4095
4095
4095
4095
4095
4095
4095
4095
4095
4095
4095
4095
4095
4095
4095
4095
4095
4095
4095
4095
4095
4095
4095
4095
4095
4095
4095
4095
4095
4095
4095
4095
4095
4095
4095
3199
2047
2047
2047
2047
2047
2047
2047
2047
2047
2047
2047
2047
2047
2047
2047
2047
2047
2047
2047
2047
2047
2047
2047
2047
1999999999
1073741823
926258175
536870911
536870911
536870911
389387263
268435455
268435455
268435455
268435455
268435455
268435455
255169535
134217727
134217727
134217727
134217727
134217727
134217727
134217727
134217727
134217727
134217727
134217727
134217727
134217727
134217727
120951807
67108863
67108863
67108863
67108863
67108863
67108863
67108863
67108863
67108863
67108863
67108863
67108863
67108863
67108863
67108863
67108863
67108863
67108863
67108863
67108863
67108863
67108863
67108863
67108863
67108863
67108863
67108863
67108863
67108863
53842943
33554431
33554431
33554431
33554431
33554431
33554431
33554431
33554431
33554431
33554431
33554431
33554431
33554431
33554431
33554431
33554431
33554431
33554431
33554431
33554431
33554431
33554431
33554431
33554431
33554431
33554431
33554431
33554431
33554431
33554431
33554431
33554431
33554431
33554431
33554431
33554431
33554431
33554431
33554431
33554431
33554431
33554431
33554431
33554431
33554431
33554431
33554431
33554431
33554431
33554431
33554431
33554431
33554431
33554431
33554431
33554431
33554431
33554431
33554431
20288511
16777215
16777215
16777215
16777215
16777215
16777215
16777215
16777215
16777215
16777215
16777215
16777215
16777215
16777215
16777215
16777215
16777215
16777215
16777215
16777215
16777215
16777215
16777215
16777215
16777215
16777215
16777215
16777215
16777215
16777215
16777215
16777215
16777215
16777215
16777215
16777215
16777215
16777215
16777215
16777215
16777215
16777215
16777215
16777215
16777215
16777215
16777215
16777215
16777215
16777215
16777215
16777215
16777215
16777215
16777215
16777215
16777215
16777215
16777215
16777215
16777215
16777215
16777215
16777215
16777215
16777215
16777215
16777215
16777215
16777215
16777215
16777215
16777215
16777215
16777215
16777215
16777215
16777215
16777215
16777215
16777215
16777215
16777215
16777215
16777215
16777215
16777215
16777215
16777215
16777215
16777215
16777215
16777215
16777215
16777215
16777215
16777215
16777215
16777215
16777215
16777215
16777215
16777215
16777215
16777215
16777215
16777215
16777215
16777215
16777215
16777215
16777215
16777215
16777215
16777215
16777215
16777215
16777215
11899903
8388607
8388607
8388607
8388607
8388607
8388607
8388607
8388607
8388607
8388607
8388607
8388607
8388607
8388607
8388607
8388607
8388607
8388607
8388607
8388607
8388607
8388607
8388607
8388607
8388607
8388607
8388607
8388607
8388607
8388607
8388607
8388607
8388607
8388607
8388607
8388607
8388607
8388607
8388607
8388607
8388607
8388607
8388607
8388607
8388607
8388607
8388607
8388607
8388607
8388607
8388607
8388607
8388607
8388607
8388607
8388607
8388607
8388607
8388607
8388607
8388607
8388607
8388607
8388607
8388607
8388607
8388607
8388607
8388607
8388607
8388607
8388607
8388607
8388607
8388607
8388607
8388607
8388607
8388607
8388607
8388607
8388607
8388607
8388607
8388607
8388607
8388607
8388607
8388607
8388607
8388607
8388607
8388607
8388607
8388607
8388607
8388607
8388607
8388607
8388607
8388607
8388607
8388607
8388607
8388607
8388607
8388607
8388607
8388607
8388607
8388607
8388607
8388607
8388607
8388607
8388607
8388607
8388607
8388607
8388607
8388607
8388607
8388607
8388607
8388607
8388607
8388607
8388607
8388607
8388607
8388607
8388607
8388607
8388607
8388607
8388607
8388607
8388607
8388607
8388607
8388607
8388607
8388607
8388607
8388607
8388607
8388607
8388607
8388607
8388607
8388607
8388607
8388607
8388607
8388607
8388607
8388607
8388607
8388607
8388607
8388607
8388607
8388607
8388607
8388607
8388607
8388607
8388607
8388607
8388607
8388607
8388607
8388607
8388607
8388607
8388607
8388607
8388607
8388607
8388607
8388607
8388607
8388607
8388607
8388607
8388607
8388607
8388607
8388607
8388607
8388607
8388607
8388607
8388607
8388607
8388607
8388607
8388607
8388607
8388607
8388607
8388607
8388607
8388607
8388607
8388607
8388607
8388607
8388607
8388607
8388607
8388607
8388607
8388607
8388607
8388607
8388607
8388607
8388607
8388607
8388607
8388607
8388607
8388607
8388607
8388607
8388607
8388607
8388607
8388607
8388607
8388607
8388607
8388607
8388607
8388607
8388607
7705599
4194303
4194303
4194303
4194303
4194303
4194303
4194303
4194303
4194303
4194303
4194303
4194303
4194303
4194303
4194303
4194303
4194303
4194303
4194303
4194303
4194303
4194303
4194303
4194303
4194303
4194303
4194303
4194303
4194303
4194303
4194303
4194303
4194303
4194303
4194303
4194303
4194303
4194303
4194303
4194303
4194303
4194303
4194303
4194303
4194303
4194303
4194303
4194303
4194303
4194303
4194303
4194303
4194303
4194303
4194303
4194303
4194303
4194303
4194303
4194303
4194303
4194303
4194303
4194303
4194303
4194303
4194303
4194303
4194303
4194303
4194303
4194303
4194303
4194303
4194303
4194303
4194303
4194303
4194303
4194303
4194303
4194303
4194303
4194303
4194303
4194303
4194303
4194303
4194303
4194303
4194303
4194303
4194303
4194303
4194303
4194303
4194303
4194303
4194303
4194303
4194303
4194303
4194303
4194303
4194303
4194303
4194303
4194303
4194303
4194303
4194303
4194303
4194303
4194303
4194303
4194303
4194303
4194303
4194303
4194303
4194303
4194303
4194303
4194303
4194303
4194303
4194303
4194303
4194303
4194303
4194303
4194303
4194303
4194303
4194303
4194303
4194303
4194303
4194303
4194303
4194303
4194303
4194303
4194303
4194303
4194303
4194303
4194303
4194303
4194303
4194303
4194303
4194303
4194303
4194303
4194303
4194303
4194303
4194303
4194303
4194303
4194303
4194303
4194303
4194303
4194303
4194303
4194303
4194303
4194303
4194303
4194303
4194303
4194303
4194303
4194303
4194303
4194303
4194303
4194303
4194303
4194303
4194303
4194303
4194303
4194303
4194303
4194303
4194303
4194303
4194303
4194303
4194303
4194303
4194303
4194303
4194303
4194303
4194303
4194303
4194303
4194303
4194303
4194303
4194303
4194303
4194303
4194303
4194303
4194303
4194303
4194303
4194303
4194303
4194303
4194303
4194303
4194303
4194303
4194303
4194303
4194303
4194303
4194303
4194303
4194303
4194303
4194303
4194303
4194303
4194303
4194303
4194303
4194303
4194303
4194303
4194303
4194303
4194303
4194303
4194303
4194303
4194303
4194303
4194303
4194303
4194303
4194303
4194303
4194303
4194303
4194303
4194303
4194303
4194303
4194303
4194303
4194303
4194303
4194303
4194303
4194303
4194303
4194303
4194303
4194303
4194303
4194303
4194303
4194303
4194303
4194303
4194303
4194303
4194303
4194303
4194303
4194303
4194303
4194303
4194303
4194303
4194303
4194303
4194303
4194303
4194303
4194303
4194303
4194303
4194303
4194303
4194303
4194303
4194303
4194303
4194303
4194303
4194303
4194303
4194303
4194303
4194303
4194303
4194303
4194303
4194303
4194303
4194303
4194303
4194303
4194303
4194303
4194303
4194303
4194303
4194303
4194303
4194303
4194303
4194303
4194303
4194303
4194303
4194303
4194303
4194303
4194303
4194303
4194303
4194303
4194303
4194303
4194303
4194303
4194303
4194303
4194303
4194303
4194303
4194303
4194303
4194303
4194303
4194303
4194303
4194303
4194303
4194303
4194303
4194303
4194303
4194303
4194303
4194303
4194303
4194303
4194303
4194303
4194303
4194303
4194303
4194303
4194303
4194303
4194303
4194303
4194303
4194303
4194303
4194303
4194303
4194303
4194303
4194303
4194303
4194303
4194303
4194303
4194303
4194303
4194303
4194303
4194303
4194303
4194303
4194303
4194303
4194303
4194303
4194303
4194303
4194303
4194303
4194303
4194303
4194303
4194303
4194303
4194303
4194303
4194303
4194303
4194303
4194303
4194303
4194303
4194303
4194303
4194303
4194303
4194303
4194303
4194303
4194303
4194303
4194303
4194303
4194303
4194303
4194303
4194303
4194303
4194303
4194303
4194303
4194303
4194303
4194303
4194303
4194303
4194303
4194303
4194303
4194303
4194303
4194303
4194303
4194303
4194303
4194303
4194303
4194303
4194303
4194303
4194303
4194303
4194303
4194303
4194303
4194303
4194303
4194303
4194303
4194303
4194303
4194303
4194303
4194303
4194303
4194303
4194303
4194303
4194303
4194303
4194303
4194303
4194303
4194303
4194303
4194303
4194303
4194303
4194303
4194303
4194303
3511295
2097151
2097151
2097151
2097151
2097151
2097151
2097151
2097151
2097151
2097151
2097151
2097151
2097151
2097151
2097151
2097151
2097151
2097151
2097151
2097151
2097151
2097151
2097151
2097151
2097151
2097151
2097151
2097151
2097151
2097151
2097151
2097151
2097151
2097151
2097151
2097151
2097151
2097151
2097151
2097151
2097151
2097151
2097151
2097151
2097151
2097151
2097151
19999999999999
11203906977791
8796093022207
6805860466687
4398046511103
4398046511103
4398046511103
4398046511103
2407813955583
2199023255551
2199023255551
2199023255551
2199023255551
2199023255551
2199023255551
2199023255551
2199023255551
1308302327807
1099511627775
1099511627775
1099511627775
1099511627775
1099511627775
1099511627775
1099511627775
1099511627775
1099511627775
1099511627775
1099511627775
1099511627775
1099511627775
1099511627775
1099511627775
1099511627775
1099511627775
758546513919
549755813887
549755813887
549755813887
549755813887
549755813887
549755813887
549755813887
549755813887
549755813887
549755813887
549755813887
549755813887
549755813887
549755813887
549755813887
549755813887
549755813887
549755813887
549755813887
549755813887
549755813887
549755813887
549755813887
549755813887
549755813887
549755813887
549755813887
549755813887
549755813887
549755813887
549755813887
549755813887
549755813887
549755813887
549755813887
483668606975
274877906943
274877906943
274877906943
274877906943
274877906943
274877906943
274877906943
274877906943
274877906943
274877906943
274877906943
274877906943
274877906943
274877906943
274877906943
274877906943
274877906943
274877906943
274877906943
274877906943
274877906943
274877906943
274877906943
274877906943
274877906943
274877906943
274877906943
274877906943
274877906943
274877906943
274877906943
274877906943
274877906943
274877906943
274877906943
274877906943
274877906943
274877906943
274877906943
274877906943
274877906943
274877906943
274877906943
274877906943
274877906943
274877906943
274877906943
274877906943
274877906943
274877906943
274877906943
274877906943
274877906943
274877906943
274877906943
274877906943
274877906943
274877906943
274877906943
274877906943
274877906943
274877906943
274877906943
274877906943
274877906943
274877906943
274877906943
274877906943
274877906943
274877906943
274877906943
274877906943
208790700031
137438953471
137438953471
137438953471
137438953471
137438953471
137438953471
137438953471
137438953471
137438953471
137438953471
137438953471
137438953471
137438953471
137438953471
137438953471
137438953471
137438953471
137438953471
137438953471
137438953471
137438953471
137438953471
137438953471
137438953471
137438953471
137438953471
137438953471
137438953471
137438953471
137438953471
137438953471
137438953471
137438953471
137438953471
137438953471
137438953471
137438953471
137438953471
137438953471
137438953471
137438953471
137438953471
137438953471
137438953471
137438953471
137438953471
137438953471
137438953471
137438953471
137438953471
137438953471
137438953471
137438953471
137438953471
137438953471
137438953471
137438953471
137438953471
137438953471
137438953471
137438953471
137438953471
137438953471
137438953471
137438953471
137438953471
137438953471
137438953471
137438953471
137438953471
137438953471
137438953471
137438953471
137438953471
137438953471
137438953471
137438953471
137438953471
137438953471
137438953471
137438953471
137438953471
137438953471
137438953471
137438953471
137438953471
137438953471
137438953471
137438953471
137438953471
137438953471
137438953471
137438953471
137438953471
137438953471
137438953471
137438953471
137438953471
137438953471
137438953471
137438953471
137438953471
137438953471
137438953471
137438953471
137438953471
137438953471
137438953471
137438953471
137438953471
137438953471
137438953471
137438953471
137438953471
137438953471
137438953471
137438953471
137438953471
137438953471
137438953471
137438953471
137438953471
137438953471
137438953471
137438953471
137438953471
137438953471
137438953471
137438953471
137438953471
137438953471
137438953471
137438953471
137438953471
137438953471
137438953471
137438953471
137438953471
137438953471
137438953471
137438953471
137438953471
137438953471
137438953471
137438953471
71351746559
68719476735
68719476735
68719476735
68719476735
68719476735
68719476735
68719476735
68719476735
68719476735
68719476735
68719476735
68719476735
68719476735
68719476735
68719476735
68719476735
68719476735
68719476735
68719476735
68719476735
68719476735
68719476735
68719476735
68719476735
68719476735
68719476735
68719476735
68719476735
68719476735
68719476735
68719476735
68719476735
68719476735
68719476735
68719476735
68719476735
68719476735
68719476735
68719476735
68719476735
68719476735
68719476735
68719476735
68719476735
68719476735
68719476735
68719476735
68719476735
68719476735
68719476735
68719476735
68719476735
68719476735
68719476735
68719476735
68719476735
68719476735
68719476735
68719476735
68719476735
68719476735
68719476735
68719476735
68719476735
68719476735
68719476735
68719476735
68719476735
68719476735
68719476735
68719476735
68719476735
68719476735
68719476735
68719476735
68719476735
68719476735
68719476735
68719476735
68719476735
68719476735
68719476735
68719476735
68719476735
68719476735
68719476735
68719476735
68719476735
68719476735
68719476735
68719476735
68719476735
68719476735
68719476735
68719476735
68719476735
68719476735
68719476735
68719476735
68719476735
68719476735
68719476735
68719476735
68719476735
68719476735
68719476735
68719476735
68719476735
68719476735
68719476735
68719476735
68719476735
68719476735
68719476735
68719476735
68719476735
68719476735
68719476735
68719476735
68719476735
68719476735
68719476735
68719476735
68719476735
68719476735
68719476735
68719476735
68719476735
68719476735
68719476735
68719476735
68719476735
68719476735
68719476735
68719476735
68719476735
68719476735
68719476735
68719476735
68719476735
68719476735
68719476735
68719476735
68719476735
68719476735
68719476735
68719476735
68719476735
68719476735
68719476735
68719476735
68719476735
68719476735
68719476735
68719476735
68719476735
68719476735
68719476735
68719476735
68719476735
68719476735
68719476735
68719476735
68719476735
68719476735
68719476735
68719476735
68719476735
68719476735
68719476735
68719476735
68719476735
68719476735
68719476735
68719476735
68719476735
68719476735
68719476735
68719476735
68719476735
68719476735
68719476735
68719476735
68719476735
68719476735
68719476735
68719476735
68719476735
68719476735
68719476735
68719476735
68719476735
68719476735
68719476735
68719476735
68719476735
68719476735
68719476735
68719476735
68719476735
68719476735
68719476735
68719476735
68719476735
68719476735
68719476735
68719476735
68719476735
68719476735
68719476735
68719476735
68719476735
68719476735
68719476735
68719476735
68719476735
68719476735
68719476735
68719476735
68719476735
68719476735
68719476735
68719476735
68719476735
68719476735
68719476735
68719476735
68719476735
68719476735
68719476735
68719476735
68719476735
68719476735
68719476735
68719476735
68719476735
68719476735
68719476735
68719476735
68719476735
68719476735
68719476735
68719476735
68719476735
68719476735
68719476735
68719476735
68719476735
68719476735
68719476735
68719476735
68719476735
68719476735
68719476735
68719476735
68719476735
68719476735
68719476735
68719476735
68719476735
68719476735
68719476735
68719476735
68719476735
68719476735
68719476735
68719476735
68719476735
68719476735
68719476735
68719476735
68719476735
68719476735
68719476735
68719476735
68719476735
68719476735
68719476735
68719476735
68719476735
68719476735
68719476735
68719476735
68719476735
68719476735
68719476735
68719476735
68719476735
68719476735
68719476735
36992008191
34359738367
34359738367
34359738367
34359738367
34359738367
34359738367
34359738367
34359738367
34359738367
34359738367
34359738367
34359738367
34359738367
34359738367
34359738367
34359738367
34359738367
34359738367
34359738367
34359738367
34359738367
34359738367
34359738367
34359738367
34359738367
34359738367
34359738367
34359738367
34359738367
34359738367
34359738367
34359738367
34359738367
34359738367
34359738367
34359738367
34359738367
34359738367
34359738367
34359738367
34359738367
34359738367
34359738367
34359738367
34359738367
34359738367
34359738367
34359738367
34359738367
34359738367
34359738367
34359738367
34359738367
34359738367
34359738367
34359738367
34359738367
34359738367
34359738367
34359738367
34359738367
34359738367
34359738367
34359738367
34359738367
34359738367
34359738367
34359738367
34359738367
34359738367
34359738367
34359738367
34359738367
34359738367
34359738367
34359738367
34359738367
34359738367
34359738367
34359738367
34359738367
34359738367
34359738367
34359738367
34359738367
34359738367
34359738367
34359738367
34359738367
34359738367
34359738367
34359738367
34359738367
34359738367
34359738367
34359738367
34359738367
34359738367
34359738367
34359738367
34359738367
34359738367
34359738367
34359738367
34359738367
34359738367
34359738367
34359738367
34359738367
34359738367
34359738367
34359738367
34359738367
34359738367
34359738367
34359738367
34359738367
34359738367
34359738367
34359738367
34359738367
34359738367
34359738367
34359738367
34359738367
34359738367
34359738367
34359738367
34359738367
34359738367
34359738367
34359738367
34359738367
34359738367
34359738367
34359738367
34359738367
34359738367
34359738367
34359738367
34359738367
34359738367
34359738367
34359738367
34359738367
34359738367
34359738367
34359738367
34359738367
34359738367
34359738367
34359738367
34359738367
34359738367
34359738367
34359738367
34359738367
34359738367
34359738367
34359738367
34359738367
34359738367
34359738367
34359738367
34359738367
34359738367
34359738367
34359738367
34359738367
34359738367
34359738367
34359738367
34359738367
34359738367
34359738367
34359738367
34359738367
34359738367
34359738367
34359738367
34359738367
34359738367
34359738367
34359738367
34359738367
34359738367
34359738367
34359738367
34359738367
34359738367
34359738367
34359738367
34359738367
34359738367
34359738367
34359738367
34359738367
34359738367
34359738367
34359738367
34359738367
34359738367
34359738367
34359738367
34359738367
34359738367
34359738367
34359738367
34359738367
34359738367
34359738367
34359738367
34359738367
34359738367
34359738367
34359738367
34359738367
34359738367
34359738367
34359738367
34359738367
34359738367
34359738367
34359738367
34359738367
34359738367
34359738367
34359738367
34359738367
34359738367
34359738367
34359738367
34359738367
34359738367
34359738367
34359738367
34359738367
34359738367
34359738367
34359738367
34359738367
34359738367
34359738367
34359738367
34359738367
34359738367
34359738367
34359738367
34359738367
34359738367
34359738367
34359738367
34359738367
34359738367
34359738367
34359738367
34359738367
34359738367
34359738367
34359738367
34359738367
34359738367
34359738367
34359738367
34359738367
34359738367
34359738367
34359738367
34359738367
34359738367
34359738367
34359738367
34359738367
34359738367
34359738367
34359738367
34359738367
34359738367
34359738367
34359738367
34359738367
34359738367
34359738367
34359738367
34359738367
34359738367
34359738367
34359738367
34359738367
34359738367
34359738367
34359738367
34359738367
34359738367
34359738367
34359738367
34359738367
34359738367
34359738367
34359738367
34359738367
34359738367
34359738367
34359738367
34359738367
34359738367
34359738367
34359738367
34359738367
34359738367
34359738367
34359738367
34359738367
34359738367
34359738367
34359738367
34359738367
34359738367
34359738367
34359738367
34359738367
34359738367
34359738367
34359738367
34359738367
34359738367
34359738367
34359738367
34359738367
34359738367
34359738367
34359738367
34359738367
34359738367
34359738367
34359738367
34359738367
34359738367
34359738367
34359738367
34359738367
34359738367
34359738367
34359738367
34359738367
34359738367
34359738367
34359738367
34359738367
34359738367
34359738367
34359738367
34359738367
34359738367
34359738367
34359738367
34359738367
34359738367
34359738367
34359738367
34359738367
34359738367
34359738367
34359738367
34359738367
34359738367
34359738367
34359738367
34359738367
34359738367
34359738367
34359738367
34359738367
34359738367
34359738367
34359738367
34359738367
34359738367
34359738367
34359738367
34359738367
34359738367
34359738367
34359738367
34359738367
34359738367
34359738367
34359738367
34359738367
34359738367
34359738367
34359738367
34359738367
34359738367
34359738367
34359738367
34359738367
34359738367
34359738367
34359738367
34359738367
34359738367
34359738367
34359738367
34359738367
34359738367
34359738367
34359738367
34359738367
34359738367
34359738367
34359738367
34359738367
34359738367
34359738367
34359738367
34359738367
34359738367
15
3
3
15
7
3
15
1023
7
63
7
3
3
63
2047
127
3
3
3
3
7
3
3
3
3
7
63
15
3
31
3
7
3
3
3
7
3
3
7
3
15
3
31
7
3
3
3
7
31
3
15
7
7
3
3
3
3
63
7
3
3
3
3
3
3
3
3
3
3
3
3
15
3
15
3
3
7
127
3
3
3
7
7
3
7
3
3
15
3
31
3
7
3
3
3
31
3
3
3
15
15
31
3
7
15
3
3
3
3
7
3
15
3
3
3
3
7
7
3
3
3
7
63
15
3
3
7
63
3
7
3
31
3
7
3
3
3
3
63
3
3
7
3
3
3
127
3
7
3
3
3
3
31
3
31
7
3
3
7
7
7
15
15
3
3
3
3
7
7
3
3
3
63
7
7
7
3
3
3
3
3
7
31
3
3
7
3
7
31
63
3
3
3
3
2047
15
7
3
7
15
15
3
3
7
1023
15
7
3
3
7
15
127
3
3
3
31
3
7
3
15
7
511
3
3
15
7
15
7
15
3
7
63
7
31
3
3
31
3
7
3
15
3
3
15
7
7
7
31
3
7
3
3
31
3
15
3
7
3
15
7
15
3
15
31
3
15
7
3
3
7
3
7
3
3
31
3
3
3
3
15
63
7
7
3
3
3
7
7
7
7
3
15
3
7
127
15
31
7
3
15
3
7
7
15
7
511
3
7
63
3
3
3
31
7
3
3
7
15
3
7
7
7
7
3
63
3
3
7
3
3
3
3
3
3
3
3
31
3
15
15
7
7
63
3
127
15
7
3
3
3
15
31
15
7
15
7
15
63
3
3
31
3
7
511
255
3
15
7
7
15
3
7
31
63
7
3
3
3
3
7
3
7
3
31
15
3
3
3
7
3
3
31
3
3
7
7
3
3
7
15
7
7
3
7
7
7
7
3
3
7
3
15
3
7
15
7
7
15
3
255
3
3
7
3
3
7
7
3
7
63
15
7
3
3
3
3
31
3
3
15
3
7
7
3
3
255
3
255
63
3
3
3
7
3
7
3
3
3
7
7
127
7
3
3
3
3
3
7
3
3
31
3
3
63
63
3
7
31
7
3
3
3
15
15
3
3
31
3
15
3
7
7
3
7
7
7
3
3
15
3
15
3
3
7
3
3
3
7
3
15
15
7
3
31
3
7
7
7
7
7
15
3
31
7
7
31
7
7
3
15
15
3
3
7
3
3
7
3
63
3
7
7
3
7
15
7
3
7
31
7
15
7
3
255
3
7
255
7
31
3
7
7
3
7
3
127
7
3
3
3
3
3
3
7
7
3
7
3
3
3
3
7
3
3
3
3
7
15
15
7
7
7
3
31
7
3
31
3
7
3
3
7
7
3
3
15
3
7
31
3
3
127
3
3
15
7
3
15
3
3
31
31
7
7
3
3
15
3
3
3
15
15
3
3
7
3
3
3
3
7
3
3
31
15
31
7
3
7
15
15
3
7
31
15
3
3
15
3
63
15
15
15
7
7
3
7
127
7
7
15
3
3
15
7
3
3
63
3
3
3
3
7
3
3
7
7
15
3
3
31
7
3
3
15
127
3
15
3
7
31
15
3
15
15
7
3
3
3
3
3
3
31
15
31
3
15
15
3
3
3
15
7
3
3
3
3
15
3
7
7
127
3
63
63
3
3
3
3
3
31
15
7
3
7
3
7
15
3
3
3
3
3
31
3
31
31
7
3
3
31
7
3
3
16383
3
3
3
3
7
31
7
3
15
3
7
3
7
3
3
3
3
3
15
3
7
7
3
3
7
7
3
7
3
3
3
31
3
3
3
2047
3
3
3
3
7
3
3
3
7
7
7
63
3
3
31
15
127
3
3
3
15
3
3
7
15
3
3
7
15
7
63
3
3
15
15
7
3
3
3
3
15
3
3
7
7
3
255
3
3
7
15
7
7
3
3
7
3
15
7
7
7
7
7
7
3
3
7
7
3
31
3
7
3
31
7
63
3
3
7
3
7
3
7
3
7
7
3
3
7
15
15
7
15
3
3
7
7
3
4095
15
3
3
7
3
3
3
7
3
3
7
3
3
63
15
3
15
3
3
3
7
63
3
3
3
3
3
3
3
7
7
31
127
3
3
3
15
3
63
7
7
7
31
3
3
3
3
7
3
3
3
3
7
3
3
255
3
15
31
7
7
7
3
3
7
3
3
7
3
3
7
3
3
7
127
7
3
31
3
3
3
3
3
7
7
15
3
3
3
3
7
3
31
3
3
3
3
31
7
3
7
7
15
3
7
3
3
15
15
3
3
31
63
63
3
3
7
7
3
15
3
31
7
31
3
3
3
15
3
7
7
3
15
255
3
3
3
15
7
3
7
3
3
7
3
15
3
15
7
31
3
7
3
3
31
31
3
3
7
63
3
3
15
7
31
7
15
7
7
63
7
31
3
3
3
7
3
255
7
3
3
3
15
7
7
15
3
3
3
7
3
15
3
7
3
7
15
3
3
3
15
3
7
3
3
3
3
255
3
3
3
63
7
15
7
15
7
15
3
3
15
3
31
3
3
7
3
3
7
15
3
31
7
3
3
7
3
15
7
7
3
31
255
3
3
3
3
3
15
7
7
7
3
7
7
7
255
7
15
15
15
7
3
7
3
3
3
3
3
3
7
3
31
15
7
3
31
15
3
3
7
3
15
31
3
3
7
15
3
7
15
15
3
7
3
3
31
7
3
15
7
7
7
3
3
15
63
63
3
7
3
31
3
15
7
3
3
63
3
3
255
3
15
3
7
3
7
3
7
3
7
63
15
3
7
7
7
7
3
3
7
15
3
7
15
7
15
3
7
3
7
3
31
3
7
63
7
7
15
3
3
3
3
255
255
3
7
3
3
7
3
7
3
3
3
15
3
31
3
3
63
7
31
3
3
3
3
3
3
7
3
3
7
3
3
15
127
7
7
7
3
7
7
7
7
7
7
7
7
3
3
3
511
3
3
3
3
31
31
3
3
7
2047
7
7
3
3
3
3
3
7
7
3
3
3
7
3
15
7
31
3
7
7
7
3
7
15
15
3
3
3
3
63
3
7
7
3
3
3
127
3
3
127
7
15
3
7
7
3
15
3
15
15
7
3
7
7
3
3
3
3
3
3
15
63
3
15
15
3
3
31
3
3
3
3
15
127
3
63
15
7
127
3
3
3
31
15
7
15
3
3
15
7
7
7
3
15
3
15
3
3
3
7
63
3
3
127
3
3
15
31
7
31
255
15
15
3
3
7
3
31
3
3
31
3
63
7
31
7
3
3
7
3
7
3
31
3
7
15
15
3
3
3
3
3
7
3
3
3
3
3
7
7
3
7
7
3
127
3
7
7
7
15
3
3
3
31
15
7
3
7
15
3
15
7
15
2047
3
7
63
3
7
3
15
3
7
3
7
3
3
3
7
7
7
3
7
31
3
3
31
3
7
3
3
3
3
15
3
3
3
3
15
63
127
7
3
3
31
3
31
3
7
7
15
3
3
3
31
15
511
3
15
3
15
511
3
7
63
3
3
3
7
3
7
3
3
3
3
3
31
3
3
3
7
15
63
3
3
3
3
3
15
7
3
15
15
15
3
7
31
7
3
3
15
3
3
3
31
15
3
31
3
3
3
7
3
3
7
3
31
7
31
7
3
7
15
7
31
63
3
7
3
3
63
7
3
7
7
15
255
31
31
3
3
7
15
63
7
15
31
3
3
7
3
3
3
3
63
7
3
3
3
15
3
255
3
63
7
3
3
7
3
3
3
3
3
7
3
3
3
3
3
63
15
3
3
7
3
7
15
3
15
7
15
3
3
15
3
3
7
31
7
63
127
15
3
7
7
3
7
127
255
3
255
3
3
3
3
3
31
3
7
3
3
3
3
31
15
3
7
7
3
3
31
3
3
3
7
7
7
15
7
3
3
3
7
7
3
7
3
3
7
3
3
3
7
31
127
15
3
3
3
7
3
7
31
3
15
3
7
7
7
7
3
7
3
15
3
3
3
3
7
7
3
3
3
7
3
3
3
3
31
3
3
15
3
63
7
255
15
3
7
7
15
7
3
31
3
15
3
7
7
3
7
511
7
7
15
7
7
7
3
7
15
3
3
3
3
1023
7
3
7
127
15
3
3
7
3
3
3
3
3
31
31
15
3
7
15
3
3
3
15
15
3
7
15
15
3
3
7
3
63
3
3
15
3
3
3
3
3
31
7
15
7
15
7
15
3
3
3
7
31
3
7
3
3
31
3
3
31
3
7
3
3
3
3
3
7
3
15
15
15
15
31
7
1023
15
3
15
3
15
15
7
15
7
255
7
15
3
7
3
3
31
3
7
3
7
3
7
3
7
7
31
7
3
7
3
15
3
63
3
7
3
15
7
3
31
3
3
7
3
15
15
7
7
7
15
3
3
3
3
7
3
3
3
3
3
7
3
31
3
3
31
3
3
15
3
15
3
15
15
7
7
7
3
7
3
63
15
3
7
3
3
3
31
3
3
31
7
7
3
3
3
7
7
7
7
3
3
7
3
131071
65535
108421
4398046511103
2199023255551
2898592215019
18014398509481983
9007199254740991
9822045627946609
5084139385911
4398046511103
4398046511103
284549533
268435455
268435455
268435455
134217727
235245665
94393940008057
70368744177663
70368744177663
883194881
536870911
536870911
101803076823
68719476735
68719476735
1048575
524287
885257
379
255
255
4294967295
2147483647
2486279737
33554431
16777215
24121769
36028797018963967
18014398509481983
34068514118426249
2009833693697
1099511627775
1099511627775
409
255
255
1620296974385
1099511627775
1099511627775
131071
65535
106099
4294967295
2147483647
3603689065
7750872264809273
4503599627370495
4503599627370495
90543455
67108863
67108863
8388607
4194303
4363363
511
255
383
1573332853143432947
996872100840009459
1573332853143432947
28556387227582099
18014398509481983
18014398509481983
616859435054197
562949953421311
562949953421311
65947766061
34359738367
34359738367
18014398509481983
9007199254740991
11428040624594951
288230376151711743
144115188075855871
151605580294857693
514690478151
274877906943
274877906943
306071791215377
281474976710655
281474976710655
1665
1023
1023
27986706555
17179869183
17179869183
44967
32767
32767
131071
65535
101717
15
7
9
463401
262143
262143
861
511
511
9007199254740991
4503599627370495
5451536640585485
36028797018963967
18014398509481983
25248922022595259
1723
1023
1023
98539
65535
65535
8343119025378599
4503599627370495
4503599627370495
1125899906842623
562949953421311
894220482211543
7857262647
4294967295
4294967295
52572029361279
35184372088831
35184372088831
1073741823
536870911
719353045
65535
32767
39707
2000797
1048575
1048575
230439811298756465
144115188075855871
230439811298756465
4294967295
2147483647
3403005053
2097151
1048575
1945621
845519547467231
562949953421311
562949953421311
3887078751
2147483647
2147483647
1073741823
536870911
907222795
2097151
1048575
1222969
2047
1023
1989
290246367659
274877906943
274877906943
23110648299
17179869183
17179869183
428291680677
274877906943
274877906943
2251799813685247
1125899906842623
2228571554107359
713423523038836603
288230376151711743
425193146887124859
288230376151711743
144115188075855871
182369226962122093
1427
1023
1023
1048575
524287
674637
4194303
2097151
4140621
255
127
165
16059722228727
8796093022207
8796093022207
1023193
524287
524287
2864157445
2147483647
2147483647
8235559911909
4398046511103
4398046511103
8340685
4194303
4194303
171
127
127
201775261025
137438953471
137438953471
1073741823
536870911
941064331
509
255
255
4294967295
2147483647
3491506787
63
31
41
4095
2047
3457
472467587
268435455
268435455
6089
4095
4095
807
511
511
6100257
4194303
4194303
3732846592073
2199023255551
2199023255551
108755518759405
70368744177663
70368744177663
36028797018963967
18014398509481983
31348812372101465
16777215
8388607
12283267
2147
2047
2047
2714487325910763
2251799813685247
2251799813685247
255
127
189
134217727
67108863
122570895
473707051559897563
288230376151711743
473707051559897563
124553778659
68719476735
68719476735
63
31
33
79941
65535
65535
268435455
134217727
162555667
5141747371977
4398046511103
4398046511103
2212213
2097151
2097151
511
255
433
3
1
1
90611321
67108863
67108863
3
1
1
536870911
268435455
478067283
32589
16383
16383
35184372088831
17592186044415
28898246838905
145139
131071
131071
8469507
8388607
8388607
1500149705
1073741823
1073741823
134217727
67108863
82368245
61462291871671
35184372088831
35184372088831
8388607
4194303
5886809
65535
32767
34013
127
63
69
1888519574817
1099511627775
1099511627775
5289
4095
4095
8796093022207
4398046511103
4925741411293
1023
511
601
127050968696709847
72057594037927935
72057594037927935
860070715
536870911
536870911
17179869183
8589934591
14002312573
2147483647
1073741823
2031506899
262143
131071
192695
4700833645
4294967295
4294967295
36028797018963967
18014398509481983
24524069391524541
33554431
16777215
23617715
30670099877868283
18014398509481983
18014398509481983
4095
2047
3825
644568484361
549755813887
549755813887
2097151
1048575
1195449
1048575
524287
640679
524287
262143
450501
1132742760318239
1125899906842623
1125899906842623
15
7
11
19
15
15
7
3
3
647698253
536870911
536870911
127
63
117
72057594037927935
36028797018963967
71757415914849591
72057594037927935
36028797018963967
68340658414830039
7
3
3
8191
4095
5307
68719476735
34359738367
55696084507
3501
2047
2047
3571600738029365
2251799813685247
2251799813685247
52786624434579877
36028797018963967
36028797018963967
2199023255551
1099511627775
1450440389871
546670018399
274877906943
274877906943
16777215
8388607
10967777
409863999329109997
265748811253254125
288230376151711743
7
3
3
70368744177663
35184372088831
38941774897535
2147483647
1073741823
1520599455
134217727
67108863
99419733
35184372088831
17592186044415
18378437001643
294429068493
274877906943
274877906943
8388607
4194303
6331985
15
7
13
1009771
524287
524287
137682748359865
70368744177663
70368744177663
262143
131071
163205
3
1
1
1048575
524287
549753
8589934591
4294967295
4734391865
1519455
1048575
1048575
67108863
33554431
41222621
238011
131071
131071
4095
2047
2349
16383
8191
12759
749
511
511
16777215
8388607
15869887
144115188075855871
72057594037927935
125413216292811869
31
15
19
2047
1023
1675
30801583551
17179869183
17179869183
268435455
134217727
147303367
433004543487641
281474976710655
281474976710655
288230376151711743
144115188075855871
275296622965267191
16777215
8388607
16505383
16383
8191
8605
819264896355
549755813887
549755813887
6940371839
4294967295
4294967295
3
1
1
207409189908893
140737488355327
140737488355327
56542675
33554431
33554431
1023
511
571
3667660197
2147483647
2147483647
24485149699821319
18014398509481983
18014398509481983
290473
262143
262143
144115188075855871
72057594037927935
110668465370249223
4294967295
2147483647
3401868903
288230376151711743
144115188075855871
235662631767051509
65535
32767
35993
285706788177
274877906943
274877906943
8191
4095
5493
17179869183
8589934591
16867178837
4194303
2097151
3102767
9007199254740991
4503599627370495
6742751578498361
985906107
536870911
536870911
17592186044415
8796093022207
9293529813563
2047
1023
2043
1005895863091
549755813887
549755813887
549755813887
274877906943
329738747411
134217727
67108863
103833053
28033909
16777215
16777215
8796093022207
4398046511103
5415990560557
63
31
55
136416717884468471
72057594037927935
72057594037927935
72057594037927935
36028797018963967
63695388145300001
37
31
31
1048575
524287
628305
78614024810407
70368744177663
70368744177663
34359738367
17179869183
17397468031
8388607
4194303
6696417
255
127
153
11726459290857
8796093022207
8796093022207
21295
16383
16383
2199023255551
1099511627775
1229435743061
6772797
4194303
4194303
3549884403313767
2251799813685247
2251799813685247
72057594037927935
36028797018963967
51194592416878037
7
3
5
4477
4095
4095
9772421689557745
9007199254740991
9007199254740991
204798182361687
140737488355327
140737488355327
2251799813685247
1125899906842623
2184695558157971
4653
4095
4095
36028797018963967
18014398509481983
25514024656613737
1640154010205682583
576460752303423487
1063693257902259095
17101
16383
16383
1135893461021060927
576460752303423487
1135893461021060927
288230376151711743
144115188075855871
146240466947274267
4398046511103
2199023255551
2656516680399
8796093022207
4398046511103
7395770858649
4095
2047
4045
89807470506159
70368744177663
70368744177663
1781532373411498581
1152921504606846975
1781532373411498581
504480129
268435455
268435455
1858908943
1073741823
1073741823
3525875859
2147483647
2147483647
16383
8191
12507
363
255
255
879073920385791
562949953421311
562949953421311
32767
16383
17883
8589934591
4294967295
8549926199
17592186044415
8796093022207
15648170786775
274818629450577
140737488355327
140737488355327
29873
16383
16383
147468083901
137438953471
137438953471
34359738367
17179869183
29705134967
134217727
67108863
103640313
137438953471
68719476735
101753269049
32237
16383
16383
68719476735
34359738367
53030341717
17592186044415
8796093022207
12407747008065
123
63
63
524287
262143
283085
3024375777423
2199023255551
2199023255551
1341486901
1073741823
1073741823
33554431
16777215
17272521
47693782441
34359738367
34359738367
349
255
255
2672690229381845
2251799813685247
2251799813685247
35184372088831
17592186044415
19087005782559
1861197931864685405
1152921504606846975
1861197931864685405
1099511627775
549755813887
1031805217513
15
7
7
7
3
3
549755813887
274877906943
445167146529
1520942086215
1099511627775
1099511627775
216274102120925
140737488355327
140737488355327
1099511627775
549755813887
991502517733
90589647
67108863
67108863
2251799813685247
1125899906842623
1915686491256369
134217727
67108863
118112707
4194303
2097151
4106365
4773
4095
4095
9246313937471
8796093022207
8796093022207
737
511
511
71
63
63
131071
65535
79251
70368744177663
35184372088831
48806513861741
16111263784819
8796093022207
8796093022207
255
127
217
4398046511103
2199023255551
3993786173687
17592186044415
8796093022207
12949617584487
288230376151711743
144115188075855871
237745622517451067
235
127
127
35184372088831
17592186044415
24511509743113
969489
524287
524287
7244315
4194303
4194303
559553
524287
524287
265960235649485429
144115188075855871
144115188075855871
1991
1023
1023
1760543352073
1099511627775
1099511627775
1602809426978388887
1026348674674965399
1602809426978388887
2251799813685247
1125899906842623
1936240650793655
16222201
8388607
8388607
1073741823
536870911
959163295
556770273354619
281474976710655
281474976710655
2097151
1048575
1979635
3
1
1
2776111
2097151
2097151
17179869183
8589934591
11235537983
43215887237784603
36028797018963967
36028797018963967
288230376151711743
144115188075855871
173851034084265577
1048575
524287
703535
56337379
33554431
33554431
9007199254740991
4503599627370495
5579577313469395
14439439837
8589934591
8589934591
15
7
7
4503599627370495
2251799813685247
2518323336976119
131071
65535
70839
31
15
25
27364149
16777215
16777215
2075723110608521
1125899906842623
1125899906842623
1073741823
536870911
735445259
8191
4095
5157
1403495555663617
1125899906842623
1125899906842623
344514695
268435455
268435455
68719476735
34359738367
52536660513
17592186044415
8796093022207
12204543417839
788337631250950255
500107255099238511
788337631250950255
134217727
67108863
101286571
8796093022207
4398046511103
4887521334791
651718865
536870911
536870911
268435455
134217727
216210537
61395
32767
32767
268435455
134217727
201367023
448452930967
274877906943
274877906943
4503599627370495
2251799813685247
3305242474196185
255
127
149
20266189
16777215
16777215
281474976710655
140737488355327
158160525450871
4095
2047
2707
1023
511
753
274877906943
137438953471
166526152383
97
63
63
1125899906842623
562949953421311
1058590914978763
2190427
2097151
2097151
2047
1023
1237
747048410560942985
288230376151711743
458818034409231241
288230376151711743
144115188075855871
283773271216494409
665183412128187417
376953035976475673
665183412128187417
319
255
255
2768921
2097151
2097151
29
15
15
421
255
255
268435455
134217727
189530161
3941
2047
2047
23056245646377
17592186044415
17592186044415
2147232153257
1099511627775
1099511627775
144115188075855871
72057594037927935
112065517496101151
268435455
134217727
196446455
10169
8191
8191
9007199254740991
4503599627370495
4809101349290443
281474976710655
140737488355327
172088133524601
2047
1023
1873
9007199254740991
4503599627370495
8606615748548491
72057594037927935
36028797018963967
41478436181562411
127
63
83
15362952797587
8796093022207
8796093022207
274877906943
137438953471
170090657721
1099511627775
549755813887
978121686851
6851525
4194303
4194303
31
15
23
63
31
55
39249
32767
32767
11468741910745
8796093022207
8796093022207
34359738367
17179869183
33703833709
524287
262143
455213
7
3
5
34359738367
17179869183
21067315639
39103505
33554431
33554431
831
511
511
109539056632565
70368744177663
70368744177663
1048575
524287
738367
2106384783384181
1125899906842623
1125899906842623
254483759981775
140737488355327
140737488355327
23
15
15
3827839
2097151
2097151
17592186044415
8796093022207
10463021925877
31
15
21
8191
4095
6933
4398046511103
2199023255551
3537260742165
70368744177663
35184372088831
56607719291895
919
511
511
5322611
4194303
4194303
536870911
268435455
330252755
34359738367
17179869183
19435143191
427259
262143
262143
1152921504606846975
576460752303423487
634532840027239905
99447477562415
70368744177663
70368744177663
1886553625480643003
733632120873796027
1152921504606846975
262143
131071
252867
65535
32767
52043
72057594037927935
36028797018963967
43831761015900143
18927691
16777215
16777215
877481201659345
562949953421311
562949953421311
4503599627370495
2251799813685247
3748258873497253
268435455
134217727
237779315
17179869183
8589934591
14257789399
452839
262143
262143
4294967295
2147483647
3235282375
4007937533583
2199023255551
2199023255551
2199023255551
1099511627775
1650484650051
1593410752807489483
576460752303423487
1016950000504065995
268435455
134217727
171783385
2047
1023
1733
35184372088831
17592186044415
22432081693921
927836074447
549755813887
549755813887
92235
65535
65535
4294967295
2147483647
3713885193
262143
131071
182945
9007199254740991
4503599627370495
6017443236869823
131071
65535
110887
1041480434330643
562949953421311
562949953421311
562949953421311
281474976710655
382341212917445
137438953471
68719476735
126922655633
3507026939
2147483647
2147483647
281474976710655
140737488355327
253205787177515
17592186044415
8796093022207
16894831884269
281474976710655
140737488355327
265001350273865
536870911
268435455
495782479
72057594037927935
36028797018963967
41486183881445725
36028797018963967
18014398509481983
30756302918577121
1023
511
661
37041799
33554431
33554431
511
255
337
15255
8191
8191
31
15
17
52994335299
34359738367
34359738367
27819098009
17179869183
17179869183
524287
262143
431605
549755813887
274877906943
522409546115
144115188075855871
72057594037927935
102702358464722775
70368744177663
35184372088831
69440059762535
131071
65535
86257
78736059274627
70368744177663
70368744177663
66609133085471
35184372088831
35184372088831
4503599627370495
2251799813685247
3382873816357335
14108927841816885
9007199254740991
9007199254740991
2047
1023
1615
549755813887
274877906943
363062097019
702162994945893587
413932618794181843
702162994945893587
130649692223
68719476735
68719476735
134217727
67108863
125451603
17592186044415
8796093022207
9821484975139
2047
1023
1577
8589934591
4294967295
8468578601
6744328300722999
4503599627370495
4503599627370495
36028797018963967
18014398509481983
33942713418633127
127
63
69
308133
262143
262143
67108863
33554431
61888777
274877906943
137438953471
273165512379
2099539619
1073741823
1073741823
21969
16383
16383
33554431
16777215
31495605
4294967295
2147483647
3387738939
288230376151711743
144115188075855871
197356153339955205
131071
65535
123963
1057
1023
1023
17179869183
8589934591
10869736313
33
31
31
17111189
16777215
16777215
1429
1023
1023
3899
2047
2047
34359738367
17179869183
24262505551
1951465
1048575
1048575
1125899906842623
562949953421311
728289200278765
3488972561
2147483647
2147483647
288230376151711743
144115188075855871
161695105679546005
125
63
63
33554431
16777215
21296627
38901483892303
35184372088831
35184372088831
268435455
134217727
215442675
12703
8191
8191
221185411
134217727
134217727
1897
1023
1023
1152921504606846975
576460752303423487
675297713134487399
17592186044415
8796093022207
12627610041081
16086555
8388607
8388607
23251
16383
16383
1048575
524287
707583
8191
4095
4117
16403760325
8589934591
8589934591
255
127
133
262143
131071
227605
8589934591
4294967295
7492411749
9007199254740991
4503599627370495
8722957275689655
68436900803
34359738367
34359738367
134217727
67108863
105414679
71
63
63
33226040851285
17592186044415
17592186044415
137438953471
68719476735
125577439641
4294967295
2147483647
3830110429
17179869183
8589934591
15060041093
562949953421311
281474976710655
308519637911213
720466365
536870911
536870911
52571
32767
32767
8280330793731
4398046511103
4398046511103
140737488355327
70368744177663
79135443017887
2820067811746305
2251799813685247
2251799813685247
805518851
536870911
536870911
790528738147629767
288230376151711743
502298361995918023
25
15
15
2047
1023
1053
2047
1023
1657
4491
4095
4095
2199023255551
1099511627775
1931084581855
8589934591
4294967295
6001878583
6884918880989
4398046511103
4398046511103
377883649
268435455
268435455
8388607
4194303
5223881
4095
2047
3529
76337143287215525
72057594037927935
72057594037927935
262143
131071
233991
511
255
271
306685167
268435455
268435455
549755813887
274877906943
362368773571
4194303
2097151
2414691
35184372088831
17592186044415
34515601618729
16777215
8388607
14934629
87
63
63
240836145328327
140737488355327
140737488355327
63
31
59
36028797018963967
18014398509481983
20303544084261871
120084662821395
70368744177663
70368744177663
125214558363
68719476735
68719476735
351
255
255
589802038903182135
288230376151711743
301571662751470391
63047433730931353
36028797018963967
36028797018963967
536870911
268435455
446836229
68719476735
34359738367
48148087593
17179869183
8589934591
10586164537
113480634405177
70368744177663
70368744177663
623069610851316653
334839234699604909
623069610851316653
6342385761672375
4503599627370495
4503599627370495
395242539
268435455
268435455
241431415
134217727
134217727
72000863279829
70368744177663
70368744177663
15
7
7
107499
65535
65535
452652856221
274877906943
274877906943
65535
32767
60431
2047
1023
2009
35184372088831
17592186044415
33219375628503
1125899906842623
562949953421311
856724837640833
32629876301
17179869183
17179869183
302295163
268435455
268435455
131071
65535
96587
255
127
193
4095
2047
3229
11998976669
8589934591
8589934591
210525405559
137438953471
137438953471
6290062997
4294967295
4294967295
53
31
31
675
511
511
1023
511
977
55031660397855
35184372088831
35184372088831
1119190033917339
562949953421311
562949953421311
559
511
511
536870911
268435455
489574389
169580040764263447
144115188075855871
144115188075855871
2199023255551
1099511627775
1891813144769
4194303
2097151
3976987
78016198723349007
72057594037927935
72057594037927935
72057594037927935
36028797018963967
36286090933328193
51
31
31
4660181775109
4398046511103
4398046511103
727
511
511
8796093022207
4398046511103
5218092965371
325717
262143
262143
65535
32767
44373
9007199254740991
4503599627370495
4634229112753101
16383
8191
11445
29855778029271805
18014398509481983
18014398509481983
57811
32767
32767
5030720595
4294967295
4294967295
36651564711
34359738367
34359738367
16777215
8388607
12394935
1476115095946139031
899654343642715543
1476115095946139031
125648102127
68719476735
68719476735
2047
1023
1561
1048575
524287
538603
9319160993
8589934591
8589934591
1869310034761
1099511627775
1099511627775
28502175045970207
18014398509481983
18014398509481983
1099511627775
549755813887
560439118965
416733
262143
262143
92811
65535
65535
1099511627775
549755813887
895947436291
46684092951144547
36028797018963967
36028797018963967
36028797018963967
18014398509481983
22509600550012855
15427
8191
8191
2199023255551
1099511627775
2163142892009
3070494312152073
2251799813685247
2251799813685247
4860602489136899
4503599627370495
4503599627370495
209
127
127
43
31
31
699063
524287
524287
419
255
255
488549
262143
262143
2356189626383
2199023255551
2199023255551
274877906943
137438953471
237059349715
2147483647
1073741823
1447733651
1023
511
815
4097185095313715
2251799813685247
2251799813685247
4194303
2097151
3211409
29121098061
17179869183
17179869183
406040760455
274877906943
274877906943
2047
1023
1575
353198357
268435455
268435455
910121713
536870911
536870911
255
127
169
36028797018963967
18014398509481983
24666231539999707
136640324762643
70368744177663
70368744177663
187991239
134217727
134217727
9007199254740991
4503599627370495
5722374310885931
1986971349198924621
1152921504606846975
1986971349198924621
35184372088831
17592186044415
26170550631935
3998169780289
2199023255551
2199023255551
23240043
16777215
16777215
31
15
17
19641
16383
16383
34359738367
17179869183
26519446661
1073741823
536870911
820843633
35184372088831
17592186044415
29784697914397
1029705304524975
562949953421311
562949953421311
2147483647
1073741823
1546909041
8388607
4194303
5711315
82120578059
68719476735
68719476735
41298573880441
35184372088831
35184372088831
8796093022207
4398046511103
7760198981427
14026911748391
8796093022207
8796093022207
6925976452049
4398046511103
4398046511103
13087
8191
8191
25
15
15
99
63
63
301
255
255
5678504029343
4398046511103
4398046511103
684108713102287
562949953421311
562949953421311
17863
16383
16383
4095
2047
3347
800798384498995
562949953421311
562949953421311
281474976710655
140737488355327
267998833583895
144115188075855871
72057594037927935
99517514815255365
2199023255551
1099511627775
1481791505431
4095
2047
2787
511
255
413
68719476735
34359738367
36859519079
60195
32767
32767
3
1
1
134217727
67108863
125959765
2147483647
1073741823
1194023363
7969130423
4294967295
4294967295
94313877806102133
72057594037927935
72057594037927935
4398046511103
2199023255551
2442687075877
1328253664467
1099511627775
1099511627775
120083791278793
70368744177663
70368744177663
15437907227793279
9007199254740991
9007199254740991
7
3
5
35184372088831
17592186044415
27000128479073
134332655
134217727
134217727
307924181
268435455
268435455
4398046511103
2199023255551
3881035088951
3217783
2097151
2097151
31
15
25
4352940991237641
2251799813685247
2251799813685247
29
15
15
63
31
55
7
3
5
549755813887
274877906943
291906655989
2047
1023
1775
127
63
99
203683707
134217727
134217727
237802121295718121
144115188075855871
144115188075855871
6490489525170337
4503599627370495
4503599627370495
140737488355327
70368744177663
96211768990867
909961885667
549755813887
549755813887
359991
262143
262143
8388607
4194303
5655991
2147483647
1073741823
1121294423
31
15
29
21416805001
17179869183
17179869183
511
255
427
776470247
536870911
536870911
129183
65535
65535
2097151
1048575
1814881
27122612709860907
18014398509481983
18014398509481983
82363
65535
65535
654746876065158639
366516499913446895
576460752303423487
1023
511
843
511
255
293
140749815955401
140737488355327
140737488355327
7
3
5
17179869183
8589934591
9443299733
9007199254740991
4503599627370495
4839294976075079
57
31
31
16777215
8388607
9187457
18014398509481983
9007199254740991
16817832429381733
8388607
4194303
4979467
262143
131071
232319
507028801987
274877906943
274877906943
33554431
16777215
32653159
49217
32767
32767
136199213930136739
72057594037927935
72057594037927935
115093867
67108863
67108863
1048575
524287
782077
537
511
511
551460969
536870911
536870911
16383
8191
11343
1034201
524287
524287
17474973
16777215
16777215
4398046511103
2199023255551
3287009766467
288230376151711743
144115188075855871
219460132767081505
134217727
67108863
127126315
160207
131071
131071
63
31
33
137438953471
68719476735
107537481389
64188747
33554431
33554431
402780235305
274877906943
274877906943
274877906943
137438953471
168840623985
3
1
1
1125261046474465
562949953421311
562949953421311
268435455
134217727
241125771
2145
2047
2047
553823489361667
281474976710655
281474976710655
268435455
134217727
258173063
258129389
134217727
134217727
281474976710655
140737488355327
213114389720545
140737488355327
70368744177663
129595201213845
3138815
2097151
2097151
60193306571861
35184372088831
35184372088831
134217727
67108863
100343811
131071
65535
103039
254877412185574849
144115188075855871
144115188075855871
11945960029517
8796093022207
8796093022207
137438953471
68719476735
105982555875
262143
131071
255729
16383
8191
15943
1125899906842623
562949953421311
971790410661389
46522799522839
35184372088831
35184372088831
7804621935236707
4503599627370495
4503599627370495
17592186044415
8796093022207
14145809228183
31547658727
17179869183
17179869183
120251394150013
70368744177663
70368744177663
4095
2047
2403
2195061
2097151
2097151
682319618145
549755813887
549755813887
15392721093
8589934591
8589934591
549755813887
274877906943
539508175077
8388607
4194303
7279115
7
3
5
5749805097933391
4503599627370495
4503599627370495
4398046511103
2199023255551
2912702013959
246589995671825
140737488355327
140737488355327
31
15
19
181110297780853
140737488355327
140737488355327
70368744177663
35184372088831
41145759337039
4503599627370495
2251799813685247
4041226237831043
536870911
268435455
509221311
231387214856134307
144115188075855871
144115188075855871
8388607
4194303
6352013
4398046511103
2199023255551
3678971203237
6546868629575
4398046511103
4398046511103
5167769
4194303
4194303
30369036588539
17592186044415
17592186044415
241727915312107993
144115188075855871
144115188075855871
80808869
67108863
67108863
1695686841197
1099511627775
1099511627775
15260713
8388607
8388607
1048575
524287
604569
3938065
2097151
2097151
111845
65535
65535
6107953
4194303
4194303
1023
511
835
903037475
536870911
536870911
71456823637
68719476735
68719476735
83
63
63
34359738367
17179869183
19506846515
15069
8191
8191
4398046511103
2199023255551
2649567622183
67108863
33554431
54849121
31
15
25
417719355
268435455
268435455
1799255919389494939
1152921504606846975
1799255919389494939
288230376151711743
144115188075855871
251032192729846551
820235533115904179
576460752303423487
576460752303423487
12597
8191
8191
4398046511103
2199023255551
3214014398291
31
15
23
144115188075855871
72057594037927935
80404175293271125
23300870127553605
18014398509481983
18014398509481983
70130874943964197
36028797018963967
36028797018963967
4095
2047
3961
17179869183
8589934591
8721307695
134217727
67108863
108819317
1023
511
659
1089940535095
549755813887
549755813887
1590135
1048575
1048575
15
7
7
281474976710655
140737488355327
272925294924437
140737488355327
70368744177663
99649161026837
443
255
255
65116087
33554431
33554431
137438953471
68719476735
80099805223
2097151
1048575
1443789
3016429245613
2199023255551
2199023255551
268435455
134217727
192359905
2047
1023
1823
181921069564373951
144115188075855871
144115188075855871
121
63
63
20437088069192161
18014398509481983
18014398509481983
905
511
511
578237944897065
562949953421311
562949953421311
25676967229
17179869183
17179869183
281474976710655
140737488355327
151458497277307
35184372088831
17592186044415
26478694719659
101708695779
68719476735
68719476735
9959630878349
8796093022207
8796093022207
4122518689
2147483647
2147483647
2127
2047
2047
15
7
9
39
31
31
2666781
2097151
2097151
281474976710655
140737488355327
190903628346567
462434163185754223
288230376151711743
288230376151711743
210639979
134217727
134217727
274877906943
137438953471
261779540589
9854174140217
8796093022207
8796093022207
9509479555411
8796093022207
8796093022207
625
511
511
3
1
1
18014398509481983
9007199254740991
14737746215539877
1125899906842623
562949953421311
649658499743181
43002229319683971
36028797018963967
36028797018963967
24203
16383
16383
9007199254740991
4503599627370495
6462466996796209
449075716423
274877906943
274877906943
8589934591
4294967295
6141213091
27864187533726891
18014398509481983
18014398509481983
1879428772846117
1125899906842623
1125899906842623
130301
65535
65535
10952440616029
8796093022207
8796093022207
24055
16383
16383
72057594037927935
36028797018963967
66107218170795079
2008584175152981
1125899906842623
1125899906842623
8388607
4194303
8349515
4503599627370495
2251799813685247
3008259400121579
131071
65535
83149
672323203281165193
384092827129453449
576460752303423487
180476443507
137438953471
137438953471
274877906943
137438953471
200222824579
13
7
7
4503599627370495
2251799813685247
4115655647607325
14591850628789
8796093022207
8796093022207
511
255
455
296864982494921
281474976710655
281474976710655
134217727
67108863
81848697
2839536997834277
2251799813685247
2251799813685247
4095
2047
2499
33554431
16777215
25683937
1443665
1048575
1048575
3
1
1
31
15
15
8685
8191
8191
1121442401
1073741823
1073741823
4094907
2097151
2097151
5787251692061
4398046511103
4398046511103
274877906943
137438953471
222380897099
76257349588141
70368744177663
70368744177663
716411504123
549755813887
549755813887
1565
1023
1023
8191
4095
7355
576460752303423487
288230376151711743
531617954941843033
549755813887
274877906943
504415123041
5217391103917
4398046511103
4398046511103
68719476735
34359738367
52972191663
91435018377451
70368744177663
70368744177663
26526067
16777215
16777215
9007199254740991
4503599627370495
5006149048536097
1431375
1048575
1048575
1125899906842623
562949953421311
1035185180273425
131071
65535
127025
34359738367
17179869183
32647436139
511
255
477
262143
131071
222429
524287
262143
516071
72057594037927935
36028797018963967
61628962890180575
524287
262143
268421
274877906943
137438953471
183795219621
131071
65535
100397
268435455
134217727
149982725
3070295001
2147483647
2147483647
721881243051083
562949953421311
562949953421311
36028797018963967
18014398509481983
20493247915454381
6479
4095
4095
132459205
67108863
67108863
524287
262143
333533
96055
65535
65535
257
255
255
239631825
134217727
134217727
6240763661
4294967295
4294967295
1901614375805
1099511627775
1099511627775
787364281
536870911
536870911
2199023255551
1099511627775
2121448186155
562949953421311
281474976710655
438761521462757
89492771
67108863
67108863
2664320307404699
2251799813685247
2251799813685247
2147483647
1073741823
1454640909
234248713
134217727
134217727
2853347193
2147483647
2147483647
1689902251
1073741823
1073741823
322641031
268435455
268435455
51168683696003
35184372088831
35184372088831
946453863583137
562949953421311
562949953421311
45
31
31
1073741823
536870911
542458127
26605603
16777215
16777215
4095
2047
3633
6491683691960557
4503599627370495
4503599627370495
114759
65535
65535
4398046511103
2199023255551
2769600939025
7511
4095
4095
37256129
33554431
33554431
1099511627775
549755813887
756616552051
151862091
134217727
134217727
1425
1023
1023
8698233413906843
4503599627370495
4503599627370495
1073741823
536870911
632113009
3366735
2097151
2097151
18014398509481983
9007199254740991
13922685814369991
3
1
1
67108863
33554431
50778119
9007199254740991
4503599627370495
6020388749149559
511
255
507
7967
4095
4095
32767
16383
31185
280711201195
274877906943
274877906943
35184372088831
17592186044415
27156580048745
562949953421311
281474976710655
512063083468365
2097151
1048575
1647031
255
127
175
2716760856104241
2251799813685247
2251799813685247
530130988309461017
288230376151711743
530130988309461017
63308526043333
35184372088831
35184372088831
68484268447394047
36028797018963967
36028797018963967
8388607
4194303
4568199
268435455
134217727
180635793
35184372088831
17592186044415
18458714089375
118585863487937787
72057594037927935
72057594037927935
18014398509481983
9007199254740991
9500509858914141
131
127
127
68719476735
34359738367
66294619227
35184372088831
17592186044415
20752215060925
2047
1023
1133
3
1
1
55406478079
34359738367
34359738367
2251799813685247
1125899906842623
2140857367533409
70368744177663
35184372088831
52691376748561
1073741823
536870911
744158355
2199023255551
1099511627775
2103810046025
8589934591
4294967295
8206591955
1073741823
536870911
1040086845
549755813887
274877906943
481161032429
281474976710655
140737488355327
278145678296899
4194303
2097151
2348291
4398046511103
2199023255551
2646845997385
8589934591
4294967295
4997336529
72057594037927935
36028797018963967
38223113788367089
4194303
2097151
4126657
1320369817443333
1125899906842623
1125899906842623
50253
32767
32767
268435455
134217727
141524729
506939129
268435455
268435455
384073321
268435455
268435455
11
7
7
4095
2047
2129
228755791183755
140737488355327
140737488355327
3
1
1
274877906943
137438953471
256925808621
2267
2047
2047
3189
2047
2047
1449474367
1073741823
1073741823
6869043
4194303
4194303
37817115
33554431
33554431
288230376151711743
144115188075855871
238274276134240191
144115188075855871
72057594037927935
91918595417504835
7
3
5
8191
4095
5319
32767
16383
19363
67108863
33554431
39390967
7
3
5
572007841
536870911
536870911
1131
1023
1023
140737488355327
70368744177663
94020002286951
23706397
16777215
16777215
26831
16383
16383
68719476735
34359738367
60023923381
