500712196
484265156
786048705
181280427
953596757
220284432
11353647
772708174
246266766
929164918
42840478
116399066
675387832
202499189
835215039
581659306
884786550
371301479
158307237
39792504
326293030
993825314
240546491
538568695
425950933
662141431
226293390
964551538
246581829
99336577
860269098
628980074
251963527
692681322
400257236
874134553
911417289
140455403
372615516
782805810
821317480
638755674
224425089
521487534
742956329
895079280
257882830
974013117
637939693
981911028
376204652
699174577
913608616
700287173
326747355
417709053
454431119
513067727
154099362
920330957
708747357
495368333
380260985
874968267
193020245
455812174
935375372
462268991
56874365
753168838
297846835
467706302
818484424
479179525
187412062
536496120
531407330
459413097
968497244
655957351
590543425
971097011
689802345
401124988
265486992
147339120
58578362
988624441
57699267
816431327
257432555
167488036
728501677
884299307
551396130
736499411
43889479
765483613
284383220
549190656
139255020
700144818
626305513
749488160
559713183
736614349
638914769
651543598
396918995
728940804
487513652
58052554
951698695
999281366
53824639
560737687
14110800
775935177
657746416
856774968
384718449
962631740
985565971
634174652
230097643
676549711
566224402
666637145
808988462
940747135
655239369
933758742
6702486
208888853
905203301
352806614
561904144
514944423
58925700
247354020
495169876
518852501
66120812
749485010
977475011
723287584
323376741
438593339
32120534
126919412
876253831
459739796
570007660
469418731
963071724
376502859
485193101
676428093
146925446
834995043
253615071
379739119
808521379
593183275
290446730
975806999
612803116
430323892
214338007
849217558
823679123
188134618
312962638
624158158
150891266
479681135
372369292
757175544
410797056
272311470
248642788
885622121
5808261
884623709
695585685
891874099
459289694
336677576
553614865
268918760
361152777
328983830
907386497
232813017
897966537
823475517
343892914
602160219
492872654
58641490
